/home/anna/.local/lib/python3.10/site-packages/setuptools/_distutils/dist.py:261: UserWarning: Unknown distribution option: 'tests_require'
  warnings.warn(msg)
running develop
/home/anna/.local/lib/python3.10/site-packages/setuptools/command/develop.py:41: EasyInstallDeprecationWarning: easy_install command is deprecated.
!!

        ********************************************************************************
        Please avoid running ``setup.py`` and ``easy_install``.
        Instead, use pypa/build, pypa/installer or other
        standards-based tools.

        See https://github.com/pypa/setuptools/issues/917 for details.
        ********************************************************************************

!!
  easy_install.initialize_options(self)
running egg_info
writing nav_in_lab1.egg-info/PKG-INFO
writing dependency_links to nav_in_lab1.egg-info/dependency_links.txt
writing entry points to nav_in_lab1.egg-info/entry_points.txt
writing requirements to nav_in_lab1.egg-info/requires.txt
writing top-level names to nav_in_lab1.egg-info/top_level.txt
reading manifest file 'nav_in_lab1.egg-info/SOURCES.txt'
writing manifest file 'nav_in_lab1.egg-info/SOURCES.txt'
running build_ext
Creating /home/anna/ros2_ws1/install/nav_in_lab1/lib/python3.10/site-packages/nav-in-lab1.egg-link (link to .)
Installing go_lab script to /home/anna/ros2_ws1/install/nav_in_lab1/lib/nav_in_lab1

Installed /home/anna/ros2_ws1/build/nav_in_lab1
running symlink_data
symbolically linking /home/anna/ros2_ws1/build/nav_in_lab1/resource/nav_in_lab1 -> /home/anna/ros2_ws1/install/nav_in_lab1/share/ament_index/resource_index/packages
symbolically linking /home/anna/ros2_ws1/build/nav_in_lab1/package.xml -> /home/anna/ros2_ws1/install/nav_in_lab1/share/nav_in_lab1
