[2.255s] Invoking command in '/home/anna/ros2_ws1/build/nav_in_lab1': PYTHONPATH=/home/anna/ros2_ws1/build/nav_in_lab1/prefix_override:/usr/lib/python3/dist-packages/colcon_core/task/python/colcon_distutils_commands:/home/anna/ros2_ws1/install/nav_in_lab1/lib/python3.10/site-packages:${PYTHONPATH} /usr/bin/python3 -W ignore:setup.py install is deprecated setup.py develop --editable --build-directory /home/anna/ros2_ws1/build/nav_in_lab1/build --no-deps symlink_data --force
[2.483s] /home/anna/.local/lib/python3.10/site-packages/setuptools/_distutils/dist.py:261: UserWarning: Unknown distribution option: 'tests_require'
[2.483s]   warnings.warn(msg)
[2.768s] running develop
[2.768s] /home/anna/.local/lib/python3.10/site-packages/setuptools/command/develop.py:41: EasyInstallDeprecationWarning: easy_install command is deprecated.
[2.768s] !!
[2.768s] 
[2.768s]         ********************************************************************************
[2.768s]         Please avoid running ``setup.py`` and ``easy_install``.
[2.769s]         Instead, use pypa/build, pypa/installer or other
[2.769s]         standards-based tools.
[2.769s] 
[2.769s]         See https://github.com/pypa/setuptools/issues/917 for details.
[2.769s]         ********************************************************************************
[2.769s] 
[2.769s] !!
[2.769s]   easy_install.initialize_options(self)
[3.139s] running egg_info
[3.178s] writing nav_in_lab1.egg-info/PKG-INFO
[3.178s] writing dependency_links to nav_in_lab1.egg-info/dependency_links.txt
[3.179s] writing entry points to nav_in_lab1.egg-info/entry_points.txt
[3.179s] writing requirements to nav_in_lab1.egg-info/requires.txt
[3.179s] writing top-level names to nav_in_lab1.egg-info/top_level.txt
[3.238s] reading manifest file 'nav_in_lab1.egg-info/SOURCES.txt'
[3.239s] writing manifest file 'nav_in_lab1.egg-info/SOURCES.txt'
[3.271s] running build_ext
[3.271s] Creating /home/anna/ros2_ws1/install/nav_in_lab1/lib/python3.10/site-packages/nav-in-lab1.egg-link (link to .)
[3.272s] Installing go_lab script to /home/anna/ros2_ws1/install/nav_in_lab1/lib/nav_in_lab1
[3.273s] 
[3.273s] Installed /home/anna/ros2_ws1/build/nav_in_lab1
[3.273s] running symlink_data
[3.273s] symbolically linking /home/anna/ros2_ws1/build/nav_in_lab1/resource/nav_in_lab1 -> /home/anna/ros2_ws1/install/nav_in_lab1/share/ament_index/resource_index/packages
[3.273s] symbolically linking /home/anna/ros2_ws1/build/nav_in_lab1/package.xml -> /home/anna/ros2_ws1/install/nav_in_lab1/share/nav_in_lab1
[3.348s] Invoked command in '/home/anna/ros2_ws1/build/nav_in_lab1' returned '0': PYTHONPATH=/home/anna/ros2_ws1/build/nav_in_lab1/prefix_override:/usr/lib/python3/dist-packages/colcon_core/task/python/colcon_distutils_commands:/home/anna/ros2_ws1/install/nav_in_lab1/lib/python3.10/site-packages:${PYTHONPATH} /usr/bin/python3 -W ignore:setup.py install is deprecated setup.py develop --editable --build-directory /home/anna/ros2_ws1/build/nav_in_lab1/build --no-deps symlink_data --force
