/home/anna/.local/lib/python3.10/site-packages/setuptools/_distutils/dist.py:261: UserWarning: Unknown distribution option: 'tests_require'
  warnings.warn(msg)
running egg_info
creating ../../build/lvr_project/lvr_project.egg-info
writing ../../build/lvr_project/lvr_project.egg-info/PKG-INFO
writing dependency_links to ../../build/lvr_project/lvr_project.egg-info/dependency_links.txt
writing requirements to ../../build/lvr_project/lvr_project.egg-info/requires.txt
writing top-level names to ../../build/lvr_project/lvr_project.egg-info/top_level.txt
writing manifest file '../../build/lvr_project/lvr_project.egg-info/SOURCES.txt'
reading manifest file '../../build/lvr_project/lvr_project.egg-info/SOURCES.txt'
writing manifest file '../../build/lvr_project/lvr_project.egg-info/SOURCES.txt'
running build
running build_py
creating /home/anna/ros2_ws1/build/lvr_project/build/lib/lvr_project
copying lvr_project/__init__.py -> /home/anna/ros2_ws1/build/lvr_project/build/lib/lvr_project
running install
running install_lib
creating /home/anna/ros2_ws1/install/lvr_project/lib/python3.10/site-packages/lvr_project
copying /home/anna/ros2_ws1/build/lvr_project/build/lib/lvr_project/__init__.py -> /home/anna/ros2_ws1/install/lvr_project/lib/python3.10/site-packages/lvr_project
byte-compiling /home/anna/ros2_ws1/install/lvr_project/lib/python3.10/site-packages/lvr_project/__init__.py to __init__.cpython-310.pyc
running install_data
creating /home/anna/ros2_ws1/install/lvr_project/share/ament_index/resource_index/packages
copying resource/lvr_project -> /home/anna/ros2_ws1/install/lvr_project/share/ament_index/resource_index/packages
copying package.xml -> /home/anna/ros2_ws1/install/lvr_project/share/lvr_project
running install_egg_info
Copying ../../build/lvr_project/lvr_project.egg-info to /home/anna/ros2_ws1/install/lvr_project/lib/python3.10/site-packages/lvr_project-0.0.0-py3.10.egg-info
running install_scripts
writing list of installed files to '/home/anna/ros2_ws1/build/lvr_project/install.log'
