[2.511s] Invoking command in '/home/anna/ros2_ws1/src/lvr_project': PYTHONPATH=/home/anna/ros2_ws1/build/lvr_project/prefix_override:/usr/lib/python3/dist-packages/colcon_core/task/python/colcon_distutils_commands:/home/anna/ros2_ws1/install/lvr_project/lib/python3.10/site-packages:${PYTHONPATH} /usr/bin/python3 -W ignore:setup.py install is deprecated setup.py egg_info --egg-base ../../build/lvr_project build --build-base /home/anna/ros2_ws1/build/lvr_project/build install --record /home/anna/ros2_ws1/build/lvr_project/install.log --single-version-externally-managed install_data
[2.717s] /home/anna/.local/lib/python3.10/site-packages/setuptools/_distutils/dist.py:261: UserWarning: Unknown distribution option: 'tests_require'
[2.717s]   warnings.warn(msg)
[2.894s] running egg_info
[2.895s] creating ../../build/lvr_project/lvr_project.egg-info
[2.924s] writing ../../build/lvr_project/lvr_project.egg-info/PKG-INFO
[2.924s] writing dependency_links to ../../build/lvr_project/lvr_project.egg-info/dependency_links.txt
[2.925s] writing requirements to ../../build/lvr_project/lvr_project.egg-info/requires.txt
[2.925s] writing top-level names to ../../build/lvr_project/lvr_project.egg-info/top_level.txt
[2.925s] writing manifest file '../../build/lvr_project/lvr_project.egg-info/SOURCES.txt'
[2.985s] reading manifest file '../../build/lvr_project/lvr_project.egg-info/SOURCES.txt'
[2.986s] writing manifest file '../../build/lvr_project/lvr_project.egg-info/SOURCES.txt'
[2.986s] running build
[2.986s] running build_py
[2.986s] creating /home/anna/ros2_ws1/build/lvr_project/build/lib/lvr_project
[2.986s] copying lvr_project/__init__.py -> /home/anna/ros2_ws1/build/lvr_project/build/lib/lvr_project
[2.987s] running install
[2.993s] running install_lib
[3.022s] creating /home/anna/ros2_ws1/install/lvr_project/lib/python3.10/site-packages/lvr_project
[3.022s] copying /home/anna/ros2_ws1/build/lvr_project/build/lib/lvr_project/__init__.py -> /home/anna/ros2_ws1/install/lvr_project/lib/python3.10/site-packages/lvr_project
[3.023s] byte-compiling /home/anna/ros2_ws1/install/lvr_project/lib/python3.10/site-packages/lvr_project/__init__.py to __init__.cpython-310.pyc
[3.023s] running install_data
[3.023s] creating /home/anna/ros2_ws1/install/lvr_project/share/ament_index/resource_index/packages
[3.024s] copying resource/lvr_project -> /home/anna/ros2_ws1/install/lvr_project/share/ament_index/resource_index/packages
[3.024s] copying package.xml -> /home/anna/ros2_ws1/install/lvr_project/share/lvr_project
[3.024s] running install_egg_info
[3.055s] Copying ../../build/lvr_project/lvr_project.egg-info to /home/anna/ros2_ws1/install/lvr_project/lib/python3.10/site-packages/lvr_project-0.0.0-py3.10.egg-info
[3.056s] running install_scripts
[3.277s] writing list of installed files to '/home/anna/ros2_ws1/build/lvr_project/install.log'
[3.317s] Invoked command in '/home/anna/ros2_ws1/src/lvr_project' returned '0': PYTHONPATH=/home/anna/ros2_ws1/build/lvr_project/prefix_override:/usr/lib/python3/dist-packages/colcon_core/task/python/colcon_distutils_commands:/home/anna/ros2_ws1/install/lvr_project/lib/python3.10/site-packages:${PYTHONPATH} /usr/bin/python3 -W ignore:setup.py install is deprecated setup.py egg_info --egg-base ../../build/lvr_project build --build-base /home/anna/ros2_ws1/build/lvr_project/build install --record /home/anna/ros2_ws1/build/lvr_project/install.log --single-version-externally-managed install_data
