[1.589s] Invoking command in '/home/anna/ros2_ws1/build/raspberry_pkg': PYTHONPATH=/home/anna/ros2_ws1/build/raspberry_pkg/prefix_override:/usr/lib/python3/dist-packages/colcon_core/task/python/colcon_distutils_commands:/home/anna/ros2_ws1/install/raspberry_pkg/lib/python3.10/site-packages:${PYTHONPATH} /usr/bin/python3 -W ignore:setup.py install is deprecated setup.py develop --editable --build-directory /home/anna/ros2_ws1/build/raspberry_pkg/build --no-deps symlink_data
[1.741s] /home/anna/.local/lib/python3.10/site-packages/setuptools/_distutils/dist.py:261: UserWarning: Unknown distribution option: 'tests_require'
[1.741s]   warnings.warn(msg)
[1.935s] running develop
[1.935s] /home/anna/.local/lib/python3.10/site-packages/setuptools/command/develop.py:41: EasyInstallDeprecationWarning: easy_install command is deprecated.
[1.936s] !!
[1.936s] 
[1.936s]         ********************************************************************************
[1.936s]         Please avoid running ``setup.py`` and ``easy_install``.
[1.936s]         Instead, use pypa/build, pypa/installer or other
[1.936s]         standards-based tools.
[1.936s] 
[1.936s]         See https://github.com/pypa/setuptools/issues/917 for details.
[1.936s]         ********************************************************************************
[1.936s] 
[1.936s] !!
[1.936s]   easy_install.initialize_options(self)
[2.202s] running egg_info
[2.222s] writing raspberry_pkg.egg-info/PKG-INFO
[2.222s] writing dependency_links to raspberry_pkg.egg-info/dependency_links.txt
[2.222s] writing entry points to raspberry_pkg.egg-info/entry_points.txt
[2.223s] writing requirements to raspberry_pkg.egg-info/requires.txt
[2.223s] writing top-level names to raspberry_pkg.egg-info/top_level.txt
[2.262s] reading manifest file 'raspberry_pkg.egg-info/SOURCES.txt'
[2.263s] writing manifest file 'raspberry_pkg.egg-info/SOURCES.txt'
[2.284s] running build_ext
[2.285s] Creating /home/anna/ros2_ws1/install/raspberry_pkg/lib/python3.10/site-packages/raspberry-pkg.egg-link (link to .)
[2.285s] Installing data_converter script to /home/anna/ros2_ws1/install/raspberry_pkg/lib/raspberry_pkg
[2.286s] 
[2.286s] Installed /home/anna/ros2_ws1/build/raspberry_pkg
[2.286s] running symlink_data
[2.379s] Invoked command in '/home/anna/ros2_ws1/build/raspberry_pkg' returned '0': PYTHONPATH=/home/anna/ros2_ws1/build/raspberry_pkg/prefix_override:/usr/lib/python3/dist-packages/colcon_core/task/python/colcon_distutils_commands:/home/anna/ros2_ws1/install/raspberry_pkg/lib/python3.10/site-packages:${PYTHONPATH} /usr/bin/python3 -W ignore:setup.py install is deprecated setup.py develop --editable --build-directory /home/anna/ros2_ws1/build/raspberry_pkg/build --no-deps symlink_data
