[0.062s] Invoking command in '/home/anna/ros2_ws1/build/kalman_filter_localization': CMAKE_PREFIX_PATH=${CMAKE_PREFIX_PATH}:/home/anna/ros2_ws1/install/raspberry_pkg:/home/anna/ros2_ws1/install/nav_in_lab1:/home/anna/ros2_ws1/install/nav_in_lab:/home/anna/ros2_ws1/install/lvr_project:/home/anna/ros2_ws1/install/Raspberry:/opt/ros/humble /usr/bin/cmake /home/anna/ros2_ws1/src/kalman_filter_localization -DAMENT_CMAKE_SYMLINK_INSTALL=1 -DCMAKE_INSTALL_PREFIX=/home/anna/ros2_ws1/install/kalman_filter_localization
[0.936s] -- The C compiler identification is GNU 11.4.0
[0.936s] -- The CXX compiler identification is GNU 11.4.0
[0.936s] -- Detecting C compiler ABI info
[0.937s] -- Detecting C compiler ABI info - done
[0.937s] -- Check for working C compiler: /usr/bin/cc - skipped
[0.937s] -- Detecting C compile features
[0.937s] -- Detecting C compile features - done
[0.937s] -- Detecting CXX compiler ABI info
[0.937s] -- Detecting CXX compiler ABI info - done
[0.937s] -- Check for working CXX compiler: /usr/bin/c++ - skipped
[0.937s] -- Detecting CXX compile features
[0.937s] -- Detecting CXX compile features - done
[0.938s] -- Found ament_cmake: 1.3.10 (/opt/ros/humble/share/ament_cmake/cmake)
[0.938s] -- Found Python3: /usr/bin/python3 (found version "3.10.12") found components: Interpreter 
[0.938s] -- Override CMake install command with custom implementation using symlinks instead of copying resources
[0.989s] -- Found rclcpp: 16.0.10 (/opt/ros/humble/share/rclcpp/cmake)
[1.073s] -- Found rosidl_generator_c: 3.1.5 (/opt/ros/humble/share/rosidl_generator_c/cmake)
[1.082s] -- Found rosidl_adapter: 3.1.5 (/opt/ros/humble/share/rosidl_adapter/cmake)
[1.095s] -- Found rosidl_generator_cpp: 3.1.5 (/opt/ros/humble/share/rosidl_generator_cpp/cmake)
[1.113s] -- Using all available rosidl_typesupport_c: rosidl_typesupport_fastrtps_c;rosidl_typesupport_introspection_c
[1.137s] -- Using all available rosidl_typesupport_cpp: rosidl_typesupport_fastrtps_cpp;rosidl_typesupport_introspection_cpp
[1.204s] -- Found rmw_implementation_cmake: 6.1.2 (/opt/ros/humble/share/rmw_implementation_cmake/cmake)
[1.209s] -- Found rmw_cyclonedds_cpp: 1.3.4 (/opt/ros/humble/share/rmw_cyclonedds_cpp/cmake)
[1.252s] -- Using RMW implementation 'rmw_cyclonedds_cpp' as default
[1.271s] -- Looking for pthread.h
[1.352s] -- Looking for pthread.h - found
[1.352s] -- Performing Test CMAKE_HAVE_LIBC_PTHREAD
[1.429s] -- Performing Test CMAKE_HAVE_LIBC_PTHREAD - Success
[1.430s] -- Found Threads: TRUE  
[1.495s] -- Found rclcpp_components: 16.0.10 (/opt/ros/humble/share/rclcpp_components/cmake)
[1.540s] -- Found tf2: 0.25.7 (/opt/ros/humble/share/tf2/cmake)
[1.562s] -- Found tf2_geometry_msgs: 0.25.7 (/opt/ros/humble/share/tf2_geometry_msgs/cmake)
[1.587s] -- Found eigen3_cmake_module: 0.1.1 (/opt/ros/humble/share/eigen3_cmake_module/cmake)
[1.589s] -- Found Eigen3: TRUE (found version "3.4.0") 
[1.589s] -- Ensuring Eigen3 include directory is part of orocos-kdl CMake target
[1.675s] -- Found tf2_sensor_msgs: 0.25.7 (/opt/ros/humble/share/tf2_sensor_msgs/cmake)
[1.701s] -- Found tf2_eigen: 0.25.7 (/opt/ros/humble/share/tf2_eigen/cmake)
[1.706s] -- Found nav_msgs: 4.2.4 (/opt/ros/humble/share/nav_msgs/cmake)
[1.726s] -- Found ament_lint_auto: 0.12.11 (/opt/ros/humble/share/ament_lint_auto/cmake)
[1.835s] -- Added test 'copyright' to check source files copyright and LICENSE
[1.840s] -- Added test 'cppcheck' to perform static code analysis on C / C++ code
[1.840s] -- Configured cppcheck include dirs: /home/anna/ros2_ws1/src/kalman_filter_localization/include
[1.840s] -- Configured cppcheck exclude dirs and/or files: 
[1.845s] -- Added test 'cpplint' to check C / C++ code against the Google style
[1.845s] -- Configured cpplint exclude dirs and/or files: 
[1.846s] -- Added test 'flake8' to check Python code syntax and style conventions
[1.848s] -- Added test 'lint_cmake' to check CMake code style
[1.850s] -- Added test 'pep257' to check Python code against some of the docstring style conventions in PEP 257
[1.855s] -- Added test 'uncrustify' to check C / C++ code style
[1.855s] -- Configured uncrustify additional arguments: 
[1.856s] -- Added test 'xmllint' to check XML markup files
[1.862s] -- Configuring done
[1.883s] -- Generating done
[1.885s] -- Build files have been written to: /home/anna/ros2_ws1/build/kalman_filter_localization
[1.901s] Invoked command in '/home/anna/ros2_ws1/build/kalman_filter_localization' returned '0': CMAKE_PREFIX_PATH=${CMAKE_PREFIX_PATH}:/home/anna/ros2_ws1/install/raspberry_pkg:/home/anna/ros2_ws1/install/nav_in_lab1:/home/anna/ros2_ws1/install/nav_in_lab:/home/anna/ros2_ws1/install/lvr_project:/home/anna/ros2_ws1/install/Raspberry:/opt/ros/humble /usr/bin/cmake /home/anna/ros2_ws1/src/kalman_filter_localization -DAMENT_CMAKE_SYMLINK_INSTALL=1 -DCMAKE_INSTALL_PREFIX=/home/anna/ros2_ws1/install/kalman_filter_localization
[1.903s] Invoking command in '/home/anna/ros2_ws1/build/kalman_filter_localization': CMAKE_PREFIX_PATH=${CMAKE_PREFIX_PATH}:/home/anna/ros2_ws1/install/raspberry_pkg:/home/anna/ros2_ws1/install/nav_in_lab1:/home/anna/ros2_ws1/install/nav_in_lab:/home/anna/ros2_ws1/install/lvr_project:/home/anna/ros2_ws1/install/Raspberry:/opt/ros/humble /usr/bin/cmake --build /home/anna/ros2_ws1/build/kalman_filter_localization -- -j16 -l16
[1.962s] [ 25%] [32mBuilding CXX object CMakeFiles/ekf_localization_component.dir/src/ekf_localization_component.cpp.o[0m
[22.269s] [ 50%] [32m[1mLinking CXX shared library libekf_localization_component.so[0m
[23.666s] [ 50%] Built target ekf_localization_component
[23.689s] [ 75%] [32mBuilding CXX object CMakeFiles/ekf_localization_node.dir/src/ekf_localization_node.cpp.o[0m
[32.147s] [100%] [32m[1mLinking CXX executable ekf_localization_node[0m
[32.833s] [100%] Built target ekf_localization_node
[32.847s] Invoked command in '/home/anna/ros2_ws1/build/kalman_filter_localization' returned '0': CMAKE_PREFIX_PATH=${CMAKE_PREFIX_PATH}:/home/anna/ros2_ws1/install/raspberry_pkg:/home/anna/ros2_ws1/install/nav_in_lab1:/home/anna/ros2_ws1/install/nav_in_lab:/home/anna/ros2_ws1/install/lvr_project:/home/anna/ros2_ws1/install/Raspberry:/opt/ros/humble /usr/bin/cmake --build /home/anna/ros2_ws1/build/kalman_filter_localization -- -j16 -l16
[32.878s] Invoking command in '/home/anna/ros2_ws1/build/kalman_filter_localization': CMAKE_PREFIX_PATH=${CMAKE_PREFIX_PATH}:/home/anna/ros2_ws1/install/raspberry_pkg:/home/anna/ros2_ws1/install/nav_in_lab1:/home/anna/ros2_ws1/install/nav_in_lab:/home/anna/ros2_ws1/install/lvr_project:/home/anna/ros2_ws1/install/Raspberry:/opt/ros/humble /usr/bin/cmake --install /home/anna/ros2_ws1/build/kalman_filter_localization
[32.884s] -- Install configuration: ""
[32.885s] -- Installing: /home/anna/ros2_ws1/install/kalman_filter_localization/share/kalman_filter_localization/launch
[32.885s] -- Installing: /home/anna/ros2_ws1/install/kalman_filter_localization/share/kalman_filter_localization/launch/ekf.launch.py
[32.885s] -- Installing: /home/anna/ros2_ws1/install/kalman_filter_localization/share/kalman_filter_localization/param
[32.885s] -- Installing: /home/anna/ros2_ws1/install/kalman_filter_localization/share/kalman_filter_localization/param/ekf.yaml
[32.885s] -- Execute custom install script
[32.885s] -- Symlinking: /home/anna/ros2_ws1/install/kalman_filter_localization/include/kalman_filter_localization/ekf.hpp
[32.894s] -- Symlinking: /home/anna/ros2_ws1/install/kalman_filter_localization/include/kalman_filter_localization/ekf_localization_component.hpp
[32.905s] -- Symlinking: /home/anna/ros2_ws1/install/kalman_filter_localization/share/kalman_filter_localization/launch/ekf.launch.py
[32.914s] -- Symlinking: /home/anna/ros2_ws1/install/kalman_filter_localization/share/kalman_filter_localization/param/ekf.yaml
[32.923s] -- Symlinking: /home/anna/ros2_ws1/install/kalman_filter_localization/lib/kalman_filter_localization/ekf_localization_node
[32.932s] -- Symlinking: /home/anna/ros2_ws1/install/kalman_filter_localization/lib/libekf_localization_component.so
[32.942s] -- Symlinking: /home/anna/ros2_ws1/install/kalman_filter_localization/share/ament_index/resource_index/package_run_dependencies/kalman_filter_localization
[32.952s] -- Symlinking: /home/anna/ros2_ws1/install/kalman_filter_localization/share/ament_index/resource_index/parent_prefix_path/kalman_filter_localization
[32.961s] -- Symlinking: /home/anna/ros2_ws1/install/kalman_filter_localization/share/kalman_filter_localization/environment/ament_prefix_path.sh
[32.970s] -- Symlinking: /home/anna/ros2_ws1/install/kalman_filter_localization/share/kalman_filter_localization/environment/ament_prefix_path.dsv
[32.980s] -- Symlinking: /home/anna/ros2_ws1/install/kalman_filter_localization/share/kalman_filter_localization/environment/path.sh
[32.989s] -- Symlinking: /home/anna/ros2_ws1/install/kalman_filter_localization/share/kalman_filter_localization/environment/path.dsv
[32.998s] -- Symlinking: /home/anna/ros2_ws1/install/kalman_filter_localization/share/kalman_filter_localization/local_setup.bash
[33.007s] -- Symlinking: /home/anna/ros2_ws1/install/kalman_filter_localization/share/kalman_filter_localization/local_setup.sh
[33.016s] -- Symlinking: /home/anna/ros2_ws1/install/kalman_filter_localization/share/kalman_filter_localization/local_setup.zsh
[33.026s] -- Symlinking: /home/anna/ros2_ws1/install/kalman_filter_localization/share/kalman_filter_localization/local_setup.dsv
[33.035s] -- Symlinking: /home/anna/ros2_ws1/install/kalman_filter_localization/share/kalman_filter_localization/package.dsv
[33.044s] -- Symlinking: /home/anna/ros2_ws1/install/kalman_filter_localization/share/ament_index/resource_index/packages/kalman_filter_localization
[33.054s] -- Symlinking: /home/anna/ros2_ws1/install/kalman_filter_localization/share/ament_index/resource_index/rclcpp_components/kalman_filter_localization
[33.064s] -- Symlinking: /home/anna/ros2_ws1/install/kalman_filter_localization/share/kalman_filter_localization/cmake/ament_cmake_export_dependencies-extras.cmake
[33.073s] -- Symlinking: /home/anna/ros2_ws1/install/kalman_filter_localization/share/kalman_filter_localization/cmake/ament_cmake_export_include_directories-extras.cmake
[33.083s] -- Symlinking: /home/anna/ros2_ws1/install/kalman_filter_localization/share/kalman_filter_localization/cmake/kalman_filter_localizationConfig.cmake
[33.091s] -- Symlinking: /home/anna/ros2_ws1/install/kalman_filter_localization/share/kalman_filter_localization/cmake/kalman_filter_localizationConfig-version.cmake
[33.100s] -- Symlinking: /home/anna/ros2_ws1/install/kalman_filter_localization/share/kalman_filter_localization/package.xml
[33.112s] Invoked command in '/home/anna/ros2_ws1/build/kalman_filter_localization' returned '0': CMAKE_PREFIX_PATH=${CMAKE_PREFIX_PATH}:/home/anna/ros2_ws1/install/raspberry_pkg:/home/anna/ros2_ws1/install/nav_in_lab1:/home/anna/ros2_ws1/install/nav_in_lab:/home/anna/ros2_ws1/install/lvr_project:/home/anna/ros2_ws1/install/Raspberry:/opt/ros/humble /usr/bin/cmake --install /home/anna/ros2_ws1/build/kalman_filter_localization
