running egg_info
creating ../../build/Raspberry/raspberry_pkg.egg-info
writing ../../build/Raspberry/raspberry_pkg.egg-info/PKG-INFO
writing dependency_links to ../../build/Raspberry/raspberry_pkg.egg-info/dependency_links.txt
writing entry points to ../../build/Raspberry/raspberry_pkg.egg-info/entry_points.txt
writing requirements to ../../build/Raspberry/raspberry_pkg.egg-info/requires.txt
writing top-level names to ../../build/Raspberry/raspberry_pkg.egg-info/top_level.txt
writing manifest file '../../build/Raspberry/raspberry_pkg.egg-info/SOURCES.txt'
reading manifest file '../../build/Raspberry/raspberry_pkg.egg-info/SOURCES.txt'
writing manifest file '../../build/Raspberry/raspberry_pkg.egg-info/SOURCES.txt'
running build
running build_py
running install
running install_lib
running install_data
copying resource/raspberry_pkg -> /home/anna/ros2_ws1/install/Raspberry/share/ament_index/resource_index/packages
creating /home/anna/ros2_ws1/install/Raspberry/share/raspberry_pkg
copying package.xml -> /home/anna/ros2_ws1/install/Raspberry/share/raspberry_pkg
running install_egg_info
Copying ../../build/Raspberry/raspberry_pkg.egg-info to /home/anna/ros2_ws1/install/Raspberry/lib/python3.10/site-packages/raspberry_pkg-0.0.0-py3.10.egg-info
running install_scripts
Installing data_converter script to /home/anna/ros2_ws1/install/Raspberry/lib/raspberry_pkg
writing list of installed files to '/home/anna/ros2_ws1/build/Raspberry/install.log'
