[1.168s] Invoking command in '/home/anna/ros2_ws1/src/raspberry_pkg': PYTHONPATH=/home/anna/ros2_ws1/build/Raspberry/prefix_override:/home/anna/ros2_ws1/install/Raspberry/lib/python3.10/site-packages:${PYTHONPATH} /usr/bin/python3 setup.py egg_info --egg-base ../../build/Raspberry build --build-base /home/anna/ros2_ws1/build/Raspberry/build install --record /home/anna/ros2_ws1/build/Raspberry/install.log --single-version-externally-managed
[1.395s] running egg_info
[1.395s] creating ../../build/Raspberry/raspberry_pkg.egg-info
[1.395s] writing ../../build/Raspberry/raspberry_pkg.egg-info/PKG-INFO
[1.395s] writing dependency_links to ../../build/Raspberry/raspberry_pkg.egg-info/dependency_links.txt
[1.395s] writing entry points to ../../build/Raspberry/raspberry_pkg.egg-info/entry_points.txt
[1.395s] writing requirements to ../../build/Raspberry/raspberry_pkg.egg-info/requires.txt
[1.395s] writing top-level names to ../../build/Raspberry/raspberry_pkg.egg-info/top_level.txt
[1.396s] writing manifest file '../../build/Raspberry/raspberry_pkg.egg-info/SOURCES.txt'
[1.397s] reading manifest file '../../build/Raspberry/raspberry_pkg.egg-info/SOURCES.txt'
[1.398s] writing manifest file '../../build/Raspberry/raspberry_pkg.egg-info/SOURCES.txt'
[1.398s] running build
[1.398s] running build_py
[1.398s] running install
[1.398s] running install_lib
[1.399s] running install_data
[1.399s] copying resource/raspberry_pkg -> /home/anna/ros2_ws1/install/Raspberry/share/ament_index/resource_index/packages
[1.400s] creating /home/anna/ros2_ws1/install/Raspberry/share/raspberry_pkg
[1.400s] copying package.xml -> /home/anna/ros2_ws1/install/Raspberry/share/raspberry_pkg
[1.400s] running install_egg_info
[1.402s] Copying ../../build/Raspberry/raspberry_pkg.egg-info to /home/anna/ros2_ws1/install/Raspberry/lib/python3.10/site-packages/raspberry_pkg-0.0.0-py3.10.egg-info
[1.402s] running install_scripts
[1.422s] Installing data_converter script to /home/anna/ros2_ws1/install/Raspberry/lib/raspberry_pkg
[1.422s] writing list of installed files to '/home/anna/ros2_ws1/build/Raspberry/install.log'
[1.479s] Invoked command in '/home/anna/ros2_ws1/src/raspberry_pkg' returned '0': PYTHONPATH=/home/anna/ros2_ws1/build/Raspberry/prefix_override:/home/anna/ros2_ws1/install/Raspberry/lib/python3.10/site-packages:${PYTHONPATH} /usr/bin/python3 setup.py egg_info --egg-base ../../build/Raspberry build --build-base /home/anna/ros2_ws1/build/Raspberry/build install --record /home/anna/ros2_ws1/build/Raspberry/install.log --single-version-externally-managed
