[1.867s] Invoking command in '/home/anna/ros2_ws1/build/raspberry_pkg': PYTHONPATH=/home/anna/ros2_ws1/build/raspberry_pkg/prefix_override:/usr/lib/python3/dist-packages/colcon_core/task/python/colcon_distutils_commands:/home/anna/ros2_ws1/install/raspberry_pkg/lib/python3.10/site-packages:${PYTHONPATH} /usr/bin/python3 -W ignore:setup.py install is deprecated setup.py develop --editable --build-directory /home/anna/ros2_ws1/build/raspberry_pkg/build --no-deps symlink_data
[2.015s] /home/anna/.local/lib/python3.10/site-packages/setuptools/_distutils/dist.py:261: UserWarning: Unknown distribution option: 'tests_require'
[2.016s]   warnings.warn(msg)
[2.215s] running develop
[2.215s] /home/anna/.local/lib/python3.10/site-packages/setuptools/command/develop.py:41: EasyInstallDeprecationWarning: easy_install command is deprecated.
[2.215s] !!
[2.215s] 
[2.215s]         ********************************************************************************
[2.215s]         Please avoid running ``setup.py`` and ``easy_install``.
[2.215s]         Instead, use pypa/build, pypa/installer or other
[2.216s]         standards-based tools.
[2.216s] 
[2.216s]         See https://github.com/pypa/setuptools/issues/917 for details.
[2.216s]         ********************************************************************************
[2.216s] 
[2.216s] !!
[2.216s]   easy_install.initialize_options(self)
[2.487s] running egg_info
[2.507s] writing raspberry_pkg.egg-info/PKG-INFO
[2.508s] writing dependency_links to raspberry_pkg.egg-info/dependency_links.txt
[2.508s] writing entry points to raspberry_pkg.egg-info/entry_points.txt
[2.508s] writing requirements to raspberry_pkg.egg-info/requires.txt
[2.508s] writing top-level names to raspberry_pkg.egg-info/top_level.txt
[2.549s] reading manifest file 'raspberry_pkg.egg-info/SOURCES.txt'
[2.550s] writing manifest file 'raspberry_pkg.egg-info/SOURCES.txt'
[2.601s] running build_ext
[2.601s] Creating /home/anna/ros2_ws1/install/raspberry_pkg/lib/python3.10/site-packages/raspberry-pkg.egg-link (link to .)
[2.602s] Installing data_converter script to /home/anna/ros2_ws1/install/raspberry_pkg/lib/raspberry_pkg
[2.602s] 
[2.603s] Installed /home/anna/ros2_ws1/build/raspberry_pkg
[2.603s] running symlink_data
[2.691s] Invoked command in '/home/anna/ros2_ws1/build/raspberry_pkg' returned '0': PYTHONPATH=/home/anna/ros2_ws1/build/raspberry_pkg/prefix_override:/usr/lib/python3/dist-packages/colcon_core/task/python/colcon_distutils_commands:/home/anna/ros2_ws1/install/raspberry_pkg/lib/python3.10/site-packages:${PYTHONPATH} /usr/bin/python3 -W ignore:setup.py install is deprecated setup.py develop --editable --build-directory /home/anna/ros2_ws1/build/raspberry_pkg/build --no-deps symlink_data
