[2.270s] Invoking command in '/home/anna/ros2_ws1/build/lvr_project': PYTHONPATH=/home/anna/ros2_ws1/build/lvr_project/prefix_override:/usr/lib/python3/dist-packages/colcon_core/task/python/colcon_distutils_commands:/home/anna/ros2_ws1/install/lvr_project/lib/python3.10/site-packages:${PYTHONPATH} /usr/bin/python3 -W ignore:setup.py install is deprecated setup.py develop --editable --build-directory /home/anna/ros2_ws1/build/lvr_project/build --no-deps symlink_data --force
[2.492s] /home/anna/.local/lib/python3.10/site-packages/setuptools/_distutils/dist.py:261: UserWarning: Unknown distribution option: 'tests_require'
[2.492s]   warnings.warn(msg)
[2.774s] running develop
[2.774s] /home/anna/.local/lib/python3.10/site-packages/setuptools/command/develop.py:41: EasyInstallDeprecationWarning: easy_install command is deprecated.
[2.774s] !!
[2.774s] 
[2.774s]         ********************************************************************************
[2.774s]         Please avoid running ``setup.py`` and ``easy_install``.
[2.774s]         Instead, use pypa/build, pypa/installer or other
[2.775s]         standards-based tools.
[2.775s] 
[2.775s]         See https://github.com/pypa/setuptools/issues/917 for details.
[2.775s]         ********************************************************************************
[2.775s] 
[2.775s] !!
[2.775s]   easy_install.initialize_options(self)
[3.142s] running egg_info
[3.180s] writing lvr_project.egg-info/PKG-INFO
[3.181s] writing dependency_links to lvr_project.egg-info/dependency_links.txt
[3.181s] writing entry points to lvr_project.egg-info/entry_points.txt
[3.181s] writing requirements to lvr_project.egg-info/requires.txt
[3.181s] writing top-level names to lvr_project.egg-info/top_level.txt
[3.240s] reading manifest file 'lvr_project.egg-info/SOURCES.txt'
[3.241s] writing manifest file 'lvr_project.egg-info/SOURCES.txt'
[3.271s] running build_ext
[3.271s] Creating /home/anna/ros2_ws1/install/lvr_project/lib/python3.10/site-packages/lvr-project.egg-link (link to .)
[3.272s] Installing protocol_stm32 script to /home/anna/ros2_ws1/install/lvr_project/lib/lvr_project
[3.273s] 
[3.273s] Installed /home/anna/ros2_ws1/build/lvr_project
[3.273s] running symlink_data
[3.273s] symbolically linking /home/anna/ros2_ws1/build/lvr_project/resource/lvr_project -> /home/anna/ros2_ws1/install/lvr_project/share/ament_index/resource_index/packages
[3.273s] symbolically linking /home/anna/ros2_ws1/build/lvr_project/package.xml -> /home/anna/ros2_ws1/install/lvr_project/share/lvr_project
[3.338s] Invoked command in '/home/anna/ros2_ws1/build/lvr_project' returned '0': PYTHONPATH=/home/anna/ros2_ws1/build/lvr_project/prefix_override:/usr/lib/python3/dist-packages/colcon_core/task/python/colcon_distutils_commands:/home/anna/ros2_ws1/install/lvr_project/lib/python3.10/site-packages:${PYTHONPATH} /usr/bin/python3 -W ignore:setup.py install is deprecated setup.py develop --editable --build-directory /home/anna/ros2_ws1/build/lvr_project/build --no-deps symlink_data --force
