/home/anna/.local/lib/python3.10/site-packages/setuptools/_distutils/dist.py:261: UserWarning: Unknown distribution option: 'tests_require'
  warnings.warn(msg)
running develop
/home/anna/.local/lib/python3.10/site-packages/setuptools/command/develop.py:41: EasyInstallDeprecationWarning: easy_install command is deprecated.
!!

        ********************************************************************************
        Please avoid running ``setup.py`` and ``easy_install``.
        Instead, use pypa/build, pypa/installer or other
        standards-based tools.

        See https://github.com/pypa/setuptools/issues/917 for details.
        ********************************************************************************

!!
  easy_install.initialize_options(self)
running egg_info
writing raspberry_pkg.egg-info/PKG-INFO
writing dependency_links to raspberry_pkg.egg-info/dependency_links.txt
writing entry points to raspberry_pkg.egg-info/entry_points.txt
writing requirements to raspberry_pkg.egg-info/requires.txt
writing top-level names to raspberry_pkg.egg-info/top_level.txt
reading manifest file 'raspberry_pkg.egg-info/SOURCES.txt'
writing manifest file 'raspberry_pkg.egg-info/SOURCES.txt'
running build_ext
Creating /home/anna/ros2_ws1/install/raspberry_pkg/lib/python3.10/site-packages/raspberry-pkg.egg-link (link to .)
Installing data_converter script to /home/anna/ros2_ws1/install/raspberry_pkg/lib/raspberry_pkg

Installed /home/anna/ros2_ws1/build/raspberry_pkg
running symlink_data
