[1.975s] Invoking command in '/home/anna/ros2_ws1/build/raspberry_pkg': PYTHONPATH=/home/anna/ros2_ws1/build/raspberry_pkg/prefix_override:/usr/lib/python3/dist-packages/colcon_core/task/python/colcon_distutils_commands:/home/anna/ros2_ws1/install/raspberry_pkg/lib/python3.10/site-packages:${PYTHONPATH} /usr/bin/python3 -W ignore:setup.py install is deprecated setup.py develop --editable --build-directory /home/anna/ros2_ws1/build/raspberry_pkg/build --no-deps symlink_data
[2.127s] /home/anna/.local/lib/python3.10/site-packages/setuptools/_distutils/dist.py:261: UserWarning: Unknown distribution option: 'tests_require'
[2.127s]   warnings.warn(msg)
[2.328s] running develop
[2.328s] /home/anna/.local/lib/python3.10/site-packages/setuptools/command/develop.py:41: EasyInstallDeprecationWarning: easy_install command is deprecated.
[2.328s] !!
[2.328s] 
[2.328s]         ********************************************************************************
[2.328s]         Please avoid running ``setup.py`` and ``easy_install``.
[2.328s]         Instead, use pypa/build, pypa/installer or other
[2.328s]         standards-based tools.
[2.328s] 
[2.328s]         See https://github.com/pypa/setuptools/issues/917 for details.
[2.328s]         ********************************************************************************
[2.328s] 
[2.328s] !!
[2.328s]   easy_install.initialize_options(self)
[2.601s] running egg_info
[2.621s] writing raspberry_pkg.egg-info/PKG-INFO
[2.623s] writing dependency_links to raspberry_pkg.egg-info/dependency_links.txt
[2.623s] writing entry points to raspberry_pkg.egg-info/entry_points.txt
[2.623s] writing requirements to raspberry_pkg.egg-info/requires.txt
[2.624s] writing top-level names to raspberry_pkg.egg-info/top_level.txt
[2.664s] reading manifest file 'raspberry_pkg.egg-info/SOURCES.txt'
[2.665s] writing manifest file 'raspberry_pkg.egg-info/SOURCES.txt'
[2.719s] running build_ext
[2.720s] Creating /home/anna/ros2_ws1/install/raspberry_pkg/lib/python3.10/site-packages/raspberry-pkg.egg-link (link to .)
[2.721s] Installing data_converter script to /home/anna/ros2_ws1/install/raspberry_pkg/lib/raspberry_pkg
[2.721s] 
[2.721s] Installed /home/anna/ros2_ws1/build/raspberry_pkg
[2.721s] running symlink_data
[2.828s] Invoked command in '/home/anna/ros2_ws1/build/raspberry_pkg' returned '0': PYTHONPATH=/home/anna/ros2_ws1/build/raspberry_pkg/prefix_override:/usr/lib/python3/dist-packages/colcon_core/task/python/colcon_distutils_commands:/home/anna/ros2_ws1/install/raspberry_pkg/lib/python3.10/site-packages:${PYTHONPATH} /usr/bin/python3 -W ignore:setup.py install is deprecated setup.py develop --editable --build-directory /home/anna/ros2_ws1/build/raspberry_pkg/build --no-deps symlink_data
