[0.900s] DEBUG:colcon:Command line arguments: ['/usr/bin/colcon', 'build']
[0.900s] DEBUG:colcon:Parsed command line arguments: Namespace(log_base=None, log_level=None, verb_name='build', build_base='build', install_base='install', merge_install=False, symlink_install=False, test_result_base=None, continue_on_error=False, executor='parallel', parallel_workers=16, event_handlers=None, ignore_user_meta=False, metas=['./colcon.meta'], base_paths=['.'], packages_ignore=None, packages_ignore_regex=None, paths=None, packages_up_to=None, packages_up_to_regex=None, packages_above=None, packages_above_and_dependencies=None, packages_above_depth=None, packages_select_by_dep=None, packages_skip_by_dep=None, packages_skip_up_to=None, packages_select_build_failed=False, packages_skip_build_finished=False, packages_select_test_failures=False, packages_skip_test_passed=False, packages_select=None, packages_skip=None, packages_select_regex=None, packages_skip_regex=None, packages_start=None, packages_end=None, allow_overriding=[], cmake_args=None, cmake_target=None, cmake_target_skip_unavailable=False, cmake_clean_cache=False, cmake_clean_first=False, cmake_force_configure=False, ament_cmake_args=None, catkin_cmake_args=None, catkin_skip_building_tests=False, verb_parser=<colcon_defaults.argument_parser.defaults.DefaultArgumentsDecorator object at 0x7fbdeaad9780>, verb_extension=<colcon_core.verb.build.BuildVerb object at 0x7fbdeaad9a50>, main=<bound method BuildVerb.main of <colcon_core.verb.build.BuildVerb object at 0x7fbdeaad9a50>>)
[0.940s] Level 1:colcon.colcon_core.package_discovery:discover_packages(colcon_meta) check parameters
[0.941s] Level 1:colcon.colcon_core.package_discovery:discover_packages(recursive) check parameters
[0.941s] Level 1:colcon.colcon_core.package_discovery:discover_packages(ignore) check parameters
[0.941s] Level 1:colcon.colcon_core.package_discovery:discover_packages(path) check parameters
[0.941s] Level 1:colcon.colcon_core.package_discovery:discover_packages(colcon_meta) discover
[0.941s] Level 1:colcon.colcon_core.package_discovery:discover_packages(recursive) discover
[0.941s] INFO:colcon.colcon_core.package_discovery:Crawling recursively for packages in '/home/anna/ros2_ws1'
[0.941s] Level 1:colcon.colcon_core.package_identification:_identify(.) by extensions ['ignore', 'ignore_ament_install']
[0.941s] Level 1:colcon.colcon_core.package_identification:_identify(.) by extension 'ignore'
[0.941s] Level 1:colcon.colcon_core.package_identification:_identify(.) by extension 'ignore_ament_install'
[0.941s] Level 1:colcon.colcon_core.package_identification:_identify(.) by extensions ['colcon_pkg']
[0.941s] Level 1:colcon.colcon_core.package_identification:_identify(.) by extension 'colcon_pkg'
[0.941s] Level 1:colcon.colcon_core.package_identification:_identify(.) by extensions ['colcon_meta']
[0.941s] Level 1:colcon.colcon_core.package_identification:_identify(.) by extension 'colcon_meta'
[0.941s] Level 1:colcon.colcon_core.package_identification:_identify(.) by extensions ['ros']
[0.941s] Level 1:colcon.colcon_core.package_identification:_identify(.) by extension 'ros'
[0.951s] Level 1:colcon.colcon_core.package_identification:_identify(.) by extensions ['cmake', 'python']
[0.951s] Level 1:colcon.colcon_core.package_identification:_identify(.) by extension 'cmake'
[0.951s] Level 1:colcon.colcon_core.package_identification:_identify(.) by extension 'python'
[0.951s] Level 1:colcon.colcon_core.package_identification:_identify(.) by extensions ['python_setup_py']
[0.951s] Level 1:colcon.colcon_core.package_identification:_identify(.) by extension 'python_setup_py'
[0.951s] Level 1:colcon.colcon_core.package_identification:_identify(build) by extensions ['ignore', 'ignore_ament_install']
[0.951s] Level 1:colcon.colcon_core.package_identification:_identify(build) by extension 'ignore'
[0.951s] Level 1:colcon.colcon_core.package_identification:_identify(build) ignored
[0.951s] Level 1:colcon.colcon_core.package_identification:_identify(install) by extensions ['ignore', 'ignore_ament_install']
[0.952s] Level 1:colcon.colcon_core.package_identification:_identify(install) by extension 'ignore'
[0.952s] Level 1:colcon.colcon_core.package_identification:_identify(install) ignored
[0.952s] Level 1:colcon.colcon_core.package_identification:_identify(log) by extensions ['ignore', 'ignore_ament_install']
[0.952s] Level 1:colcon.colcon_core.package_identification:_identify(log) by extension 'ignore'
[0.952s] Level 1:colcon.colcon_core.package_identification:_identify(log) ignored
[0.952s] Level 1:colcon.colcon_core.package_identification:_identify(src) by extensions ['ignore', 'ignore_ament_install']
[0.952s] Level 1:colcon.colcon_core.package_identification:_identify(src) by extension 'ignore'
[0.952s] Level 1:colcon.colcon_core.package_identification:_identify(src) by extension 'ignore_ament_install'
[0.952s] Level 1:colcon.colcon_core.package_identification:_identify(src) by extensions ['colcon_pkg']
[0.952s] Level 1:colcon.colcon_core.package_identification:_identify(src) by extension 'colcon_pkg'
[0.952s] Level 1:colcon.colcon_core.package_identification:_identify(src) by extensions ['colcon_meta']
[0.952s] Level 1:colcon.colcon_core.package_identification:_identify(src) by extension 'colcon_meta'
[0.952s] Level 1:colcon.colcon_core.package_identification:_identify(src) by extensions ['ros']
[0.952s] Level 1:colcon.colcon_core.package_identification:_identify(src) by extension 'ros'
[0.952s] Level 1:colcon.colcon_core.package_identification:_identify(src) by extensions ['cmake', 'python']
[0.952s] Level 1:colcon.colcon_core.package_identification:_identify(src) by extension 'cmake'
[0.952s] Level 1:colcon.colcon_core.package_identification:_identify(src) by extension 'python'
[0.952s] Level 1:colcon.colcon_core.package_identification:_identify(src) by extensions ['python_setup_py']
[0.952s] Level 1:colcon.colcon_core.package_identification:_identify(src) by extension 'python_setup_py'
[0.952s] Level 1:colcon.colcon_core.package_identification:_identify(src/nav_in_lab) by extensions ['ignore', 'ignore_ament_install']
[0.952s] Level 1:colcon.colcon_core.package_identification:_identify(src/nav_in_lab) by extension 'ignore'
[0.952s] Level 1:colcon.colcon_core.package_identification:_identify(src/nav_in_lab) by extension 'ignore_ament_install'
[0.952s] Level 1:colcon.colcon_core.package_identification:_identify(src/nav_in_lab) by extensions ['colcon_pkg']
[0.952s] Level 1:colcon.colcon_core.package_identification:_identify(src/nav_in_lab) by extension 'colcon_pkg'
[0.952s] Level 1:colcon.colcon_core.package_identification:_identify(src/nav_in_lab) by extensions ['colcon_meta']
[0.952s] Level 1:colcon.colcon_core.package_identification:_identify(src/nav_in_lab) by extension 'colcon_meta'
[0.953s] Level 1:colcon.colcon_core.package_identification:_identify(src/nav_in_lab) by extensions ['ros']
[0.953s] Level 1:colcon.colcon_core.package_identification:_identify(src/nav_in_lab) by extension 'ros'
[0.955s] DEBUG:colcon.colcon_core.package_identification:Package 'src/nav_in_lab' with type 'ros.ament_python' and name 'nav_in_lab'
[0.955s] Level 1:colcon.colcon_core.package_identification:_identify(src/raspberry_pkg) by extensions ['ignore', 'ignore_ament_install']
[0.955s] Level 1:colcon.colcon_core.package_identification:_identify(src/raspberry_pkg) by extension 'ignore'
[0.955s] Level 1:colcon.colcon_core.package_identification:_identify(src/raspberry_pkg) by extension 'ignore_ament_install'
[0.955s] Level 1:colcon.colcon_core.package_identification:_identify(src/raspberry_pkg) by extensions ['colcon_pkg']
[0.955s] Level 1:colcon.colcon_core.package_identification:_identify(src/raspberry_pkg) by extension 'colcon_pkg'
[0.955s] Level 1:colcon.colcon_core.package_identification:_identify(src/raspberry_pkg) by extensions ['colcon_meta']
[0.955s] Level 1:colcon.colcon_core.package_identification:_identify(src/raspberry_pkg) by extension 'colcon_meta'
[0.956s] Level 1:colcon.colcon_core.package_identification:_identify(src/raspberry_pkg) by extensions ['ros']
[0.956s] Level 1:colcon.colcon_core.package_identification:_identify(src/raspberry_pkg) by extension 'ros'
[0.956s] DEBUG:colcon.colcon_core.package_identification:Package 'src/raspberry_pkg' with type 'ros.ament_python' and name 'Raspberry'
[0.956s] Level 1:colcon.colcon_core.package_discovery:discover_packages(recursive) using defaults
[0.956s] Level 1:colcon.colcon_core.package_discovery:discover_packages(ignore) discover
[0.956s] Level 1:colcon.colcon_core.package_discovery:discover_packages(ignore) using defaults
[0.956s] Level 1:colcon.colcon_core.package_discovery:discover_packages(path) discover
[0.956s] Level 1:colcon.colcon_core.package_discovery:discover_packages(path) using defaults
[1.038s] Level 1:colcon.colcon_core.package_discovery:discover_packages(prefix_path) check parameters
[1.038s] Level 1:colcon.colcon_core.package_discovery:discover_packages(prefix_path) discover
[1.064s] DEBUG:colcon.colcon_installed_package_information.package_discovery:Found 2 installed packages in /home/anna/ros2_ws1/install
[1.097s] DEBUG:colcon.colcon_installed_package_information.package_discovery:Found 0 installed packages in /home/anna/ros2_ws/install
[1.111s] DEBUG:colcon.colcon_installed_package_information.package_discovery:Found 450 installed packages in /opt/ros/humble
[1.113s] Level 1:colcon.colcon_core.package_discovery:discover_packages(prefix_path) using defaults
[1.205s] Level 5:colcon.colcon_core.verb:set package 'Raspberry' build argument 'cmake_args' from command line to 'None'
[1.205s] Level 5:colcon.colcon_core.verb:set package 'Raspberry' build argument 'cmake_target' from command line to 'None'
[1.205s] Level 5:colcon.colcon_core.verb:set package 'Raspberry' build argument 'cmake_target_skip_unavailable' from command line to 'False'
[1.205s] Level 5:colcon.colcon_core.verb:set package 'Raspberry' build argument 'cmake_clean_cache' from command line to 'False'
[1.205s] Level 5:colcon.colcon_core.verb:set package 'Raspberry' build argument 'cmake_clean_first' from command line to 'False'
[1.205s] Level 5:colcon.colcon_core.verb:set package 'Raspberry' build argument 'cmake_force_configure' from command line to 'False'
[1.205s] Level 5:colcon.colcon_core.verb:set package 'Raspberry' build argument 'ament_cmake_args' from command line to 'None'
[1.205s] Level 5:colcon.colcon_core.verb:set package 'Raspberry' build argument 'catkin_cmake_args' from command line to 'None'
[1.205s] Level 5:colcon.colcon_core.verb:set package 'Raspberry' build argument 'catkin_skip_building_tests' from command line to 'False'
[1.205s] DEBUG:colcon.colcon_core.verb:Building package 'Raspberry' with the following arguments: {'ament_cmake_args': None, 'build_base': '/home/anna/ros2_ws1/build/Raspberry', 'catkin_cmake_args': None, 'catkin_skip_building_tests': False, 'cmake_args': None, 'cmake_clean_cache': False, 'cmake_clean_first': False, 'cmake_force_configure': False, 'cmake_target': None, 'cmake_target_skip_unavailable': False, 'install_base': '/home/anna/ros2_ws1/install/Raspberry', 'merge_install': False, 'path': '/home/anna/ros2_ws1/src/raspberry_pkg', 'symlink_install': False, 'test_result_base': None}
[1.218s] Level 5:colcon.colcon_core.verb:set package 'nav_in_lab' build argument 'cmake_args' from command line to 'None'
[1.218s] Level 5:colcon.colcon_core.verb:set package 'nav_in_lab' build argument 'cmake_target' from command line to 'None'
[1.218s] Level 5:colcon.colcon_core.verb:set package 'nav_in_lab' build argument 'cmake_target_skip_unavailable' from command line to 'False'
[1.218s] Level 5:colcon.colcon_core.verb:set package 'nav_in_lab' build argument 'cmake_clean_cache' from command line to 'False'
[1.218s] Level 5:colcon.colcon_core.verb:set package 'nav_in_lab' build argument 'cmake_clean_first' from command line to 'False'
[1.219s] Level 5:colcon.colcon_core.verb:set package 'nav_in_lab' build argument 'cmake_force_configure' from command line to 'False'
[1.219s] Level 5:colcon.colcon_core.verb:set package 'nav_in_lab' build argument 'ament_cmake_args' from command line to 'None'
[1.219s] Level 5:colcon.colcon_core.verb:set package 'nav_in_lab' build argument 'catkin_cmake_args' from command line to 'None'
[1.219s] Level 5:colcon.colcon_core.verb:set package 'nav_in_lab' build argument 'catkin_skip_building_tests' from command line to 'False'
[1.219s] DEBUG:colcon.colcon_core.verb:Building package 'nav_in_lab' with the following arguments: {'ament_cmake_args': None, 'build_base': '/home/anna/ros2_ws1/build/nav_in_lab', 'catkin_cmake_args': None, 'catkin_skip_building_tests': False, 'cmake_args': None, 'cmake_clean_cache': False, 'cmake_clean_first': False, 'cmake_force_configure': False, 'cmake_target': None, 'cmake_target_skip_unavailable': False, 'install_base': '/home/anna/ros2_ws1/install/nav_in_lab', 'merge_install': False, 'path': '/home/anna/ros2_ws1/src/nav_in_lab', 'symlink_install': False, 'test_result_base': None}
[1.232s] INFO:colcon.colcon_core.executor:Executing jobs using 'parallel' executor
[1.246s] DEBUG:colcon.colcon_parallel_executor.executor.parallel:run_until_complete
[1.246s] INFO:colcon.colcon_ros.task.ament_python.build:Building ROS package in '/home/anna/ros2_ws1/src/raspberry_pkg' with build type 'ament_python'
[1.246s] Level 1:colcon.colcon_core.shell:create_environment_hook('Raspberry', 'ament_prefix_path')
[1.261s] INFO:colcon.colcon_core.plugin_system:Skipping extension 'colcon_core.shell.bat': Not used on non-Windows systems
[1.261s] INFO:colcon.colcon_core.shell:Creating environment hook '/home/anna/ros2_ws1/install/Raspberry/share/Raspberry/hook/ament_prefix_path.ps1'
[1.262s] INFO:colcon.colcon_core.shell:Creating environment descriptor '/home/anna/ros2_ws1/install/Raspberry/share/Raspberry/hook/ament_prefix_path.dsv'
[1.262s] INFO:colcon.colcon_core.shell:Creating environment hook '/home/anna/ros2_ws1/install/Raspberry/share/Raspberry/hook/ament_prefix_path.sh'
[1.276s] INFO:colcon.colcon_core.shell:Skip shell extension 'powershell' for command environment: Not usable outside of PowerShell
[1.276s] DEBUG:colcon.colcon_core.shell:Skip shell extension 'dsv' for command environment
[1.332s] INFO:colcon.colcon_ros.task.ament_python.build:Building ROS package in '/home/anna/ros2_ws1/src/nav_in_lab' with build type 'ament_python'
[1.332s] Level 1:colcon.colcon_core.shell:create_environment_hook('nav_in_lab', 'ament_prefix_path')
[1.346s] INFO:colcon.colcon_core.shell:Creating environment hook '/home/anna/ros2_ws1/install/nav_in_lab/share/nav_in_lab/hook/ament_prefix_path.ps1'
[1.346s] INFO:colcon.colcon_core.shell:Creating environment descriptor '/home/anna/ros2_ws1/install/nav_in_lab/share/nav_in_lab/hook/ament_prefix_path.dsv'
[1.347s] INFO:colcon.colcon_core.shell:Creating environment hook '/home/anna/ros2_ws1/install/nav_in_lab/share/nav_in_lab/hook/ament_prefix_path.sh'
[1.360s] INFO:colcon.colcon_core.shell:Skip shell extension 'powershell' for command environment: Not usable outside of PowerShell
[1.360s] DEBUG:colcon.colcon_core.shell:Skip shell extension 'dsv' for command environment
[1.662s] INFO:colcon.colcon_core.task.python.build:Building Python package in '/home/anna/ros2_ws1/src/raspberry_pkg'
[1.676s] INFO:colcon.colcon_core.shell:Skip shell extension 'powershell' for command environment: Not usable outside of PowerShell
[1.677s] DEBUG:colcon.colcon_core.shell:Skip shell extension 'dsv' for command environment
[1.978s] INFO:colcon.colcon_core.task.python.build:Building Python package in '/home/anna/ros2_ws1/src/nav_in_lab'
[1.992s] INFO:colcon.colcon_core.shell:Skip shell extension 'powershell' for command environment: Not usable outside of PowerShell
[1.992s] DEBUG:colcon.colcon_core.shell:Skip shell extension 'dsv' for command environment
[2.410s] DEBUG:colcon.colcon_core.event_handler.log_command:Invoking command in '/home/anna/ros2_ws1/build/nav_in_lab': PYTHONPATH=/home/anna/ros2_ws1/build/nav_in_lab/prefix_override:/home/anna/ros2_ws1/install/nav_in_lab/lib/python3.10/site-packages:${PYTHONPATH} /usr/bin/python3 setup.py develop --uninstall --editable --build-directory /home/anna/ros2_ws1/build/nav_in_lab/build
[2.421s] DEBUG:colcon.colcon_core.event_handler.log_command:Invoking command in '/home/anna/ros2_ws1/build/Raspberry': PYTHONPATH=/home/anna/ros2_ws1/build/Raspberry/prefix_override:/home/anna/ros2_ws1/install/Raspberry/lib/python3.10/site-packages:${PYTHONPATH} /usr/bin/python3 setup.py develop --uninstall --editable --build-directory /home/anna/ros2_ws1/build/Raspberry/build
[2.832s] DEBUG:colcon.colcon_core.event_handler.log_command:Invoked command in '/home/anna/ros2_ws1/build/nav_in_lab' returned '0': PYTHONPATH=/home/anna/ros2_ws1/build/nav_in_lab/prefix_override:/home/anna/ros2_ws1/install/nav_in_lab/lib/python3.10/site-packages:${PYTHONPATH} /usr/bin/python3 setup.py develop --uninstall --editable --build-directory /home/anna/ros2_ws1/build/nav_in_lab/build
[2.835s] DEBUG:colcon.colcon_core.event_handler.log_command:Invoking command in '/home/anna/ros2_ws1/src/nav_in_lab': PYTHONPATH=/home/anna/ros2_ws1/build/nav_in_lab/prefix_override:/home/anna/ros2_ws1/install/nav_in_lab/lib/python3.10/site-packages:${PYTHONPATH} /usr/bin/python3 setup.py egg_info --egg-base ../../build/nav_in_lab build --build-base /home/anna/ros2_ws1/build/nav_in_lab/build install --record /home/anna/ros2_ws1/build/nav_in_lab/install.log --single-version-externally-managed
[2.841s] DEBUG:colcon.colcon_core.event_handler.log_command:Invoked command in '/home/anna/ros2_ws1/build/Raspberry' returned '0': PYTHONPATH=/home/anna/ros2_ws1/build/Raspberry/prefix_override:/home/anna/ros2_ws1/install/Raspberry/lib/python3.10/site-packages:${PYTHONPATH} /usr/bin/python3 setup.py develop --uninstall --editable --build-directory /home/anna/ros2_ws1/build/Raspberry/build
[2.843s] DEBUG:colcon.colcon_core.event_handler.log_command:Invoking command in '/home/anna/ros2_ws1/src/raspberry_pkg': PYTHONPATH=/home/anna/ros2_ws1/build/Raspberry/prefix_override:/home/anna/ros2_ws1/install/Raspberry/lib/python3.10/site-packages:${PYTHONPATH} /usr/bin/python3 setup.py egg_info --egg-base ../../build/Raspberry build --build-base /home/anna/ros2_ws1/build/Raspberry/build install --record /home/anna/ros2_ws1/build/Raspberry/install.log --single-version-externally-managed
[3.075s] DEBUG:colcon.colcon_core.event_handler.log_command:Invoked command in '/home/anna/ros2_ws1/src/raspberry_pkg' returned '1': PYTHONPATH=/home/anna/ros2_ws1/build/Raspberry/prefix_override:/home/anna/ros2_ws1/install/Raspberry/lib/python3.10/site-packages:${PYTHONPATH} /usr/bin/python3 setup.py egg_info --egg-base ../../build/Raspberry build --build-base /home/anna/ros2_ws1/build/Raspberry/build install --record /home/anna/ros2_ws1/build/Raspberry/install.log --single-version-externally-managed
[3.105s] DEBUG:colcon.colcon_parallel_executor.executor.parallel:closing loop
[3.105s] DEBUG:colcon.colcon_parallel_executor.executor.parallel:loop closed
[3.105s] DEBUG:colcon.colcon_parallel_executor.executor.parallel:run_until_complete finished with '1'
[3.106s] DEBUG:colcon.colcon_core.event_reactor:joining thread
[3.151s] INFO:colcon.colcon_core.plugin_system:Skipping extension 'colcon_notification.desktop_notification.terminal_notifier': Not used on non-Darwin systems
[3.151s] INFO:colcon.colcon_core.plugin_system:Skipping extension 'colcon_notification.desktop_notification.win32': Not used on non-Windows systems
[3.151s] INFO:colcon.colcon_notification.desktop_notification:Sending desktop notification using 'notify2'
[3.165s] DEBUG:colcon.colcon_core.event_reactor:joined thread
[3.197s] INFO:colcon.colcon_core.shell:Creating prefix script '/home/anna/ros2_ws1/install/local_setup.ps1'
[3.199s] INFO:colcon.colcon_core.shell:Creating prefix util module '/home/anna/ros2_ws1/install/_local_setup_util_ps1.py'
[3.201s] INFO:colcon.colcon_core.shell:Creating prefix chain script '/home/anna/ros2_ws1/install/setup.ps1'
[3.217s] INFO:colcon.colcon_core.shell:Creating prefix script '/home/anna/ros2_ws1/install/local_setup.sh'
[3.218s] INFO:colcon.colcon_core.shell:Creating prefix util module '/home/anna/ros2_ws1/install/_local_setup_util_sh.py'
[3.218s] INFO:colcon.colcon_core.shell:Creating prefix chain script '/home/anna/ros2_ws1/install/setup.sh'
[3.231s] INFO:colcon.colcon_core.shell:Creating prefix script '/home/anna/ros2_ws1/install/local_setup.bash'
[3.231s] INFO:colcon.colcon_core.shell:Creating prefix chain script '/home/anna/ros2_ws1/install/setup.bash'
[3.244s] INFO:colcon.colcon_core.shell:Creating prefix script '/home/anna/ros2_ws1/install/local_setup.zsh'
[3.245s] INFO:colcon.colcon_core.shell:Creating prefix chain script '/home/anna/ros2_ws1/install/setup.zsh'
