[2.271s] Invoking command in '/home/anna/ros2_ws1/build/nav_in_lab': PYTHONPATH=/home/anna/ros2_ws1/build/nav_in_lab/prefix_override:/usr/lib/python3/dist-packages/colcon_core/task/python/colcon_distutils_commands:/home/anna/ros2_ws1/install/nav_in_lab/lib/python3.10/site-packages:${PYTHONPATH} /usr/bin/python3 -W ignore:setup.py install is deprecated setup.py develop --editable --build-directory /home/anna/ros2_ws1/build/nav_in_lab/build --no-deps symlink_data --force
[2.494s] /home/anna/.local/lib/python3.10/site-packages/setuptools/_distutils/dist.py:261: UserWarning: Unknown distribution option: 'tests_require'
[2.494s]   warnings.warn(msg)
[2.776s] running develop
[2.777s] /home/anna/.local/lib/python3.10/site-packages/setuptools/command/develop.py:41: EasyInstallDeprecationWarning: easy_install command is deprecated.
[2.777s] !!
[2.777s] 
[2.777s]         ********************************************************************************
[2.777s]         Please avoid running ``setup.py`` and ``easy_install``.
[2.777s]         Instead, use pypa/build, pypa/installer or other
[2.778s]         standards-based tools.
[2.778s] 
[2.778s]         See https://github.com/pypa/setuptools/issues/917 for details.
[2.778s]         ********************************************************************************
[2.778s] 
[2.778s] !!
[2.778s]   easy_install.initialize_options(self)
[3.144s] running egg_info
[3.183s] writing nav_in_lab.egg-info/PKG-INFO
[3.184s] writing dependency_links to nav_in_lab.egg-info/dependency_links.txt
[3.184s] writing entry points to nav_in_lab.egg-info/entry_points.txt
[3.184s] writing requirements to nav_in_lab.egg-info/requires.txt
[3.185s] writing top-level names to nav_in_lab.egg-info/top_level.txt
[3.243s] reading manifest file 'nav_in_lab.egg-info/SOURCES.txt'
[3.245s] writing manifest file 'nav_in_lab.egg-info/SOURCES.txt'
[3.275s] running build_ext
[3.275s] Creating /home/anna/ros2_ws1/install/nav_in_lab/lib/python3.10/site-packages/nav-in-lab.egg-link (link to .)
[3.276s] Installing go_lab script to /home/anna/ros2_ws1/install/nav_in_lab/lib/nav_in_lab
[3.276s] Installing go_lab_serv script to /home/anna/ros2_ws1/install/nav_in_lab/lib/nav_in_lab
[3.277s] 
[3.277s] Installed /home/anna/ros2_ws1/build/nav_in_lab
[3.277s] running symlink_data
[3.277s] symbolically linking /home/anna/ros2_ws1/build/nav_in_lab/resource/nav_in_lab -> /home/anna/ros2_ws1/install/nav_in_lab/share/ament_index/resource_index/packages
[3.277s] symbolically linking /home/anna/ros2_ws1/build/nav_in_lab/package.xml -> /home/anna/ros2_ws1/install/nav_in_lab/share/nav_in_lab
[3.346s] Invoked command in '/home/anna/ros2_ws1/build/nav_in_lab' returned '0': PYTHONPATH=/home/anna/ros2_ws1/build/nav_in_lab/prefix_override:/usr/lib/python3/dist-packages/colcon_core/task/python/colcon_distutils_commands:/home/anna/ros2_ws1/install/nav_in_lab/lib/python3.10/site-packages:${PYTHONPATH} /usr/bin/python3 -W ignore:setup.py install is deprecated setup.py develop --editable --build-directory /home/anna/ros2_ws1/build/nav_in_lab/build --no-deps symlink_data --force
