/home/anna/.local/lib/python3.10/site-packages/setuptools/_distutils/dist.py:261: UserWarning: Unknown distribution option: 'tests_require'
  warnings.warn(msg)
running develop
/home/anna/.local/lib/python3.10/site-packages/setuptools/command/develop.py:41: EasyInstallDeprecationWarning: easy_install command is deprecated.
!!

        ********************************************************************************
        Please avoid running ``setup.py`` and ``easy_install``.
        Instead, use pypa/build, pypa/installer or other
        standards-based tools.

        See https://github.com/pypa/setuptools/issues/917 for details.
        ********************************************************************************

!!
  easy_install.initialize_options(self)
running egg_info
writing lvr_project.egg-info/PKG-INFO
writing dependency_links to lvr_project.egg-info/dependency_links.txt
writing entry points to lvr_project.egg-info/entry_points.txt
writing requirements to lvr_project.egg-info/requires.txt
writing top-level names to lvr_project.egg-info/top_level.txt
reading manifest file 'lvr_project.egg-info/SOURCES.txt'
writing manifest file 'lvr_project.egg-info/SOURCES.txt'
running build_ext
Creating /home/anna/ros2_ws1/install/lvr_project/lib/python3.10/site-packages/lvr-project.egg-link (link to .)
Installing cloud_converter script to /home/anna/ros2_ws1/install/lvr_project/lib/lvr_project
Installing kiss_icp script to /home/anna/ros2_ws1/install/lvr_project/lib/lvr_project
Installing lidar_odom script to /home/anna/ros2_ws1/install/lvr_project/lib/lvr_project
Installing protocol_stm32 script to /home/anna/ros2_ws1/install/lvr_project/lib/lvr_project
Installing test_odom script to /home/anna/ros2_ws1/install/lvr_project/lib/lvr_project

Installed /home/anna/ros2_ws1/build/lvr_project
running symlink_data
