running egg_info
creating ../../build/nav_in_lab1/nav_in_lab1.egg-info
writing ../../build/nav_in_lab1/nav_in_lab1.egg-info/PKG-INFO
writing dependency_links to ../../build/nav_in_lab1/nav_in_lab1.egg-info/dependency_links.txt
writing entry points to ../../build/nav_in_lab1/nav_in_lab1.egg-info/entry_points.txt
writing requirements to ../../build/nav_in_lab1/nav_in_lab1.egg-info/requires.txt
writing top-level names to ../../build/nav_in_lab1/nav_in_lab1.egg-info/top_level.txt
writing manifest file '../../build/nav_in_lab1/nav_in_lab1.egg-info/SOURCES.txt'
reading manifest file '../../build/nav_in_lab1/nav_in_lab1.egg-info/SOURCES.txt'
writing manifest file '../../build/nav_in_lab1/nav_in_lab1.egg-info/SOURCES.txt'
running build
running build_py
creating /home/anna/ros2_ws1/build/nav_in_lab1/build
creating /home/anna/ros2_ws1/build/nav_in_lab1/build/lib
creating /home/anna/ros2_ws1/build/nav_in_lab1/build/lib/nav_in_lab1
copying nav_in_lab1/__init__.py -> /home/anna/ros2_ws1/build/nav_in_lab1/build/lib/nav_in_lab1
running install
running install_lib
creating /home/anna/ros2_ws1/install/nav_in_lab1/lib/python3.10/site-packages/nav_in_lab1
copying /home/anna/ros2_ws1/build/nav_in_lab1/build/lib/nav_in_lab1/__init__.py -> /home/anna/ros2_ws1/install/nav_in_lab1/lib/python3.10/site-packages/nav_in_lab1
byte-compiling /home/anna/ros2_ws1/install/nav_in_lab1/lib/python3.10/site-packages/nav_in_lab1/__init__.py to __init__.cpython-310.pyc
running install_data
creating /home/anna/ros2_ws1/install/nav_in_lab1/share/ament_index
creating /home/anna/ros2_ws1/install/nav_in_lab1/share/ament_index/resource_index
creating /home/anna/ros2_ws1/install/nav_in_lab1/share/ament_index/resource_index/packages
copying resource/nav_in_lab1 -> /home/anna/ros2_ws1/install/nav_in_lab1/share/ament_index/resource_index/packages
copying package.xml -> /home/anna/ros2_ws1/install/nav_in_lab1/share/nav_in_lab1
running install_egg_info
Copying ../../build/nav_in_lab1/nav_in_lab1.egg-info to /home/anna/ros2_ws1/install/nav_in_lab1/lib/python3.10/site-packages/nav_in_lab1-0.0.0-py3.10.egg-info
running install_scripts
writing list of installed files to '/home/anna/ros2_ws1/build/nav_in_lab1/install.log'
