[1.591s] Invoking command in '/home/anna/ros2_ws1/src/nav_in_lab1': PYTHONPATH=/home/anna/ros2_ws1/build/nav_in_lab1/prefix_override:/home/anna/ros2_ws1/install/nav_in_lab1/lib/python3.10/site-packages:${PYTHONPATH} /usr/bin/python3 setup.py egg_info --egg-base ../../build/nav_in_lab1 build --build-base /home/anna/ros2_ws1/build/nav_in_lab1/build install --record /home/anna/ros2_ws1/build/nav_in_lab1/install.log --single-version-externally-managed
[1.805s] running egg_info
[1.805s] creating ../../build/nav_in_lab1/nav_in_lab1.egg-info
[1.805s] writing ../../build/nav_in_lab1/nav_in_lab1.egg-info/PKG-INFO
[1.806s] writing dependency_links to ../../build/nav_in_lab1/nav_in_lab1.egg-info/dependency_links.txt
[1.806s] writing entry points to ../../build/nav_in_lab1/nav_in_lab1.egg-info/entry_points.txt
[1.806s] writing requirements to ../../build/nav_in_lab1/nav_in_lab1.egg-info/requires.txt
[1.806s] writing top-level names to ../../build/nav_in_lab1/nav_in_lab1.egg-info/top_level.txt
[1.806s] writing manifest file '../../build/nav_in_lab1/nav_in_lab1.egg-info/SOURCES.txt'
[1.808s] reading manifest file '../../build/nav_in_lab1/nav_in_lab1.egg-info/SOURCES.txt'
[1.808s] writing manifest file '../../build/nav_in_lab1/nav_in_lab1.egg-info/SOURCES.txt'
[1.808s] running build
[1.808s] running build_py
[1.808s] creating /home/anna/ros2_ws1/build/nav_in_lab1/build
[1.808s] creating /home/anna/ros2_ws1/build/nav_in_lab1/build/lib
[1.808s] creating /home/anna/ros2_ws1/build/nav_in_lab1/build/lib/nav_in_lab1
[1.808s] copying nav_in_lab1/__init__.py -> /home/anna/ros2_ws1/build/nav_in_lab1/build/lib/nav_in_lab1
[1.808s] running install
[1.809s] running install_lib
[1.810s] creating /home/anna/ros2_ws1/install/nav_in_lab1/lib/python3.10/site-packages/nav_in_lab1
[1.810s] copying /home/anna/ros2_ws1/build/nav_in_lab1/build/lib/nav_in_lab1/__init__.py -> /home/anna/ros2_ws1/install/nav_in_lab1/lib/python3.10/site-packages/nav_in_lab1
[1.810s] byte-compiling /home/anna/ros2_ws1/install/nav_in_lab1/lib/python3.10/site-packages/nav_in_lab1/__init__.py to __init__.cpython-310.pyc
[1.810s] running install_data
[1.811s] creating /home/anna/ros2_ws1/install/nav_in_lab1/share/ament_index
[1.811s] creating /home/anna/ros2_ws1/install/nav_in_lab1/share/ament_index/resource_index
[1.811s] creating /home/anna/ros2_ws1/install/nav_in_lab1/share/ament_index/resource_index/packages
[1.811s] copying resource/nav_in_lab1 -> /home/anna/ros2_ws1/install/nav_in_lab1/share/ament_index/resource_index/packages
[1.811s] copying package.xml -> /home/anna/ros2_ws1/install/nav_in_lab1/share/nav_in_lab1
[1.811s] running install_egg_info
[1.812s] Copying ../../build/nav_in_lab1/nav_in_lab1.egg-info to /home/anna/ros2_ws1/install/nav_in_lab1/lib/python3.10/site-packages/nav_in_lab1-0.0.0-py3.10.egg-info
[1.813s] running install_scripts
[1.830s] writing list of installed files to '/home/anna/ros2_ws1/build/nav_in_lab1/install.log'
[1.859s] Invoked command in '/home/anna/ros2_ws1/src/nav_in_lab1' returned '0': PYTHONPATH=/home/anna/ros2_ws1/build/nav_in_lab1/prefix_override:/home/anna/ros2_ws1/install/nav_in_lab1/lib/python3.10/site-packages:${PYTHONPATH} /usr/bin/python3 setup.py egg_info --egg-base ../../build/nav_in_lab1 build --build-base /home/anna/ros2_ws1/build/nav_in_lab1/build install --record /home/anna/ros2_ws1/build/nav_in_lab1/install.log --single-version-externally-managed
