[35m[1mConsolidate compiler generated dependencies of target ekf_localization_component[0m
[ 50%] Built target ekf_localization_component
[35m[1mConsolidate compiler generated dependencies of target ekf_localization_node[0m
[100%] Built target ekf_localization_node
-- Install configuration: ""
-- Up-to-date: /home/anna/ros2_ws1/install/kalman_filter_localization/share/kalman_filter_localization/launch
-- Up-to-date: /home/anna/ros2_ws1/install/kalman_filter_localization/share/kalman_filter_localization/param
-- Execute custom install script
-- Up-to-date symlink: /home/anna/ros2_ws1/install/kalman_filter_localization/include/kalman_filter_localization/ekf.hpp
-- Up-to-date symlink: /home/anna/ros2_ws1/install/kalman_filter_localization/include/kalman_filter_localization/ekf_localization_component.hpp
-- Up-to-date symlink: /home/anna/ros2_ws1/install/kalman_filter_localization/share/kalman_filter_localization/launch/ekf.launch.py
-- Up-to-date symlink: /home/anna/ros2_ws1/install/kalman_filter_localization/share/kalman_filter_localization/param/ekf.yaml
-- Up-to-date symlink: /home/anna/ros2_ws1/install/kalman_filter_localization/lib/kalman_filter_localization/ekf_localization_node
-- Up-to-date symlink: /home/anna/ros2_ws1/install/kalman_filter_localization/lib/libekf_localization_component.so
-- Up-to-date symlink: /home/anna/ros2_ws1/install/kalman_filter_localization/share/ament_index/resource_index/package_run_dependencies/kalman_filter_localization
-- Up-to-date symlink: /home/anna/ros2_ws1/install/kalman_filter_localization/share/ament_index/resource_index/parent_prefix_path/kalman_filter_localization
-- Up-to-date symlink: /home/anna/ros2_ws1/install/kalman_filter_localization/share/kalman_filter_localization/environment/ament_prefix_path.sh
-- Up-to-date symlink: /home/anna/ros2_ws1/install/kalman_filter_localization/share/kalman_filter_localization/environment/ament_prefix_path.dsv
-- Up-to-date symlink: /home/anna/ros2_ws1/install/kalman_filter_localization/share/kalman_filter_localization/environment/path.sh
-- Up-to-date symlink: /home/anna/ros2_ws1/install/kalman_filter_localization/share/kalman_filter_localization/environment/path.dsv
-- Up-to-date symlink: /home/anna/ros2_ws1/install/kalman_filter_localization/share/kalman_filter_localization/local_setup.bash
-- Up-to-date symlink: /home/anna/ros2_ws1/install/kalman_filter_localization/share/kalman_filter_localization/local_setup.sh
-- Up-to-date symlink: /home/anna/ros2_ws1/install/kalman_filter_localization/share/kalman_filter_localization/local_setup.zsh
-- Up-to-date symlink: /home/anna/ros2_ws1/install/kalman_filter_localization/share/kalman_filter_localization/local_setup.dsv
-- Symlinking: /home/anna/ros2_ws1/install/kalman_filter_localization/share/kalman_filter_localization/package.dsv
-- Up-to-date symlink: /home/anna/ros2_ws1/install/kalman_filter_localization/share/ament_index/resource_index/packages/kalman_filter_localization
-- Up-to-date symlink: /home/anna/ros2_ws1/install/kalman_filter_localization/share/ament_index/resource_index/rclcpp_components/kalman_filter_localization
-- Up-to-date symlink: /home/anna/ros2_ws1/install/kalman_filter_localization/share/kalman_filter_localization/cmake/ament_cmake_export_dependencies-extras.cmake
-- Up-to-date symlink: /home/anna/ros2_ws1/install/kalman_filter_localization/share/kalman_filter_localization/cmake/ament_cmake_export_include_directories-extras.cmake
-- Up-to-date symlink: /home/anna/ros2_ws1/install/kalman_filter_localization/share/kalman_filter_localization/cmake/kalman_filter_localizationConfig.cmake
-- Up-to-date symlink: /home/anna/ros2_ws1/install/kalman_filter_localization/share/kalman_filter_localization/cmake/kalman_filter_localizationConfig-version.cmake
-- Up-to-date symlink: /home/anna/ros2_ws1/install/kalman_filter_localization/share/kalman_filter_localization/package.xml
