[0.055s] Invoking command in '/home/anna/ros2_ws1/build/kalman_filter_localization': CMAKE_PREFIX_PATH=${CMAKE_PREFIX_PATH}:/home/anna/ros2_ws1/install/raspberry_pkg:/home/anna/ros2_ws1/install/nav_in_lab1:/home/anna/ros2_ws1/install/nav_in_lab:/home/anna/ros2_ws1/install/lvr_project:/home/anna/ros2_ws1/install/Raspberry:/opt/ros/humble /usr/bin/cmake --build /home/anna/ros2_ws1/build/kalman_filter_localization -- -j16 -l16
[1.105s] [35m[1mConsolidate compiler generated dependencies of target ekf_localization_component[0m
[1.105s] [ 50%] Built target ekf_localization_component
[1.105s] [35m[1mConsolidate compiler generated dependencies of target ekf_localization_node[0m
[1.105s] [100%] Built target ekf_localization_node
[1.112s] Invoked command in '/home/anna/ros2_ws1/build/kalman_filter_localization' returned '0': CMAKE_PREFIX_PATH=${CMAKE_PREFIX_PATH}:/home/anna/ros2_ws1/install/raspberry_pkg:/home/anna/ros2_ws1/install/nav_in_lab1:/home/anna/ros2_ws1/install/nav_in_lab:/home/anna/ros2_ws1/install/lvr_project:/home/anna/ros2_ws1/install/Raspberry:/opt/ros/humble /usr/bin/cmake --build /home/anna/ros2_ws1/build/kalman_filter_localization -- -j16 -l16
[1.156s] Invoking command in '/home/anna/ros2_ws1/build/kalman_filter_localization': CMAKE_PREFIX_PATH=${CMAKE_PREFIX_PATH}:/home/anna/ros2_ws1/install/raspberry_pkg:/home/anna/ros2_ws1/install/nav_in_lab1:/home/anna/ros2_ws1/install/nav_in_lab:/home/anna/ros2_ws1/install/lvr_project:/home/anna/ros2_ws1/install/Raspberry:/opt/ros/humble /usr/bin/cmake --install /home/anna/ros2_ws1/build/kalman_filter_localization
[1.165s] -- Install configuration: ""
[1.165s] -- Up-to-date: /home/anna/ros2_ws1/install/kalman_filter_localization/share/kalman_filter_localization/launch
[1.166s] -- Up-to-date: /home/anna/ros2_ws1/install/kalman_filter_localization/share/kalman_filter_localization/param
[1.167s] -- Execute custom install script
[1.168s] -- Up-to-date symlink: /home/anna/ros2_ws1/install/kalman_filter_localization/include/kalman_filter_localization/ekf.hpp
[1.169s] -- Up-to-date symlink: /home/anna/ros2_ws1/install/kalman_filter_localization/include/kalman_filter_localization/ekf_localization_component.hpp
[1.169s] -- Up-to-date symlink: /home/anna/ros2_ws1/install/kalman_filter_localization/share/kalman_filter_localization/launch/ekf.launch.py
[1.169s] -- Up-to-date symlink: /home/anna/ros2_ws1/install/kalman_filter_localization/share/kalman_filter_localization/param/ekf.yaml
[1.170s] -- Up-to-date symlink: /home/anna/ros2_ws1/install/kalman_filter_localization/lib/kalman_filter_localization/ekf_localization_node
[1.171s] -- Up-to-date symlink: /home/anna/ros2_ws1/install/kalman_filter_localization/lib/libekf_localization_component.so
[1.171s] -- Up-to-date symlink: /home/anna/ros2_ws1/install/kalman_filter_localization/share/ament_index/resource_index/package_run_dependencies/kalman_filter_localization
[1.172s] -- Up-to-date symlink: /home/anna/ros2_ws1/install/kalman_filter_localization/share/ament_index/resource_index/parent_prefix_path/kalman_filter_localization
[1.172s] -- Up-to-date symlink: /home/anna/ros2_ws1/install/kalman_filter_localization/share/kalman_filter_localization/environment/ament_prefix_path.sh
[1.172s] -- Up-to-date symlink: /home/anna/ros2_ws1/install/kalman_filter_localization/share/kalman_filter_localization/environment/ament_prefix_path.dsv
[1.172s] -- Up-to-date symlink: /home/anna/ros2_ws1/install/kalman_filter_localization/share/kalman_filter_localization/environment/path.sh
[1.173s] -- Up-to-date symlink: /home/anna/ros2_ws1/install/kalman_filter_localization/share/kalman_filter_localization/environment/path.dsv
[1.173s] -- Up-to-date symlink: /home/anna/ros2_ws1/install/kalman_filter_localization/share/kalman_filter_localization/local_setup.bash
[1.173s] -- Up-to-date symlink: /home/anna/ros2_ws1/install/kalman_filter_localization/share/kalman_filter_localization/local_setup.sh
[1.174s] -- Up-to-date symlink: /home/anna/ros2_ws1/install/kalman_filter_localization/share/kalman_filter_localization/local_setup.zsh
[1.174s] -- Up-to-date symlink: /home/anna/ros2_ws1/install/kalman_filter_localization/share/kalman_filter_localization/local_setup.dsv
[1.174s] -- Symlinking: /home/anna/ros2_ws1/install/kalman_filter_localization/share/kalman_filter_localization/package.dsv
[1.186s] -- Up-to-date symlink: /home/anna/ros2_ws1/install/kalman_filter_localization/share/ament_index/resource_index/packages/kalman_filter_localization
[1.186s] -- Up-to-date symlink: /home/anna/ros2_ws1/install/kalman_filter_localization/share/ament_index/resource_index/rclcpp_components/kalman_filter_localization
[1.187s] -- Up-to-date symlink: /home/anna/ros2_ws1/install/kalman_filter_localization/share/kalman_filter_localization/cmake/ament_cmake_export_dependencies-extras.cmake
[1.188s] -- Up-to-date symlink: /home/anna/ros2_ws1/install/kalman_filter_localization/share/kalman_filter_localization/cmake/ament_cmake_export_include_directories-extras.cmake
[1.190s] -- Up-to-date symlink: /home/anna/ros2_ws1/install/kalman_filter_localization/share/kalman_filter_localization/cmake/kalman_filter_localizationConfig.cmake
[1.190s] -- Up-to-date symlink: /home/anna/ros2_ws1/install/kalman_filter_localization/share/kalman_filter_localization/cmake/kalman_filter_localizationConfig-version.cmake
[1.190s] -- Up-to-date symlink: /home/anna/ros2_ws1/install/kalman_filter_localization/share/kalman_filter_localization/package.xml
[1.194s] Invoked command in '/home/anna/ros2_ws1/build/kalman_filter_localization' returned '0': CMAKE_PREFIX_PATH=${CMAKE_PREFIX_PATH}:/home/anna/ros2_ws1/install/raspberry_pkg:/home/anna/ros2_ws1/install/nav_in_lab1:/home/anna/ros2_ws1/install/nav_in_lab:/home/anna/ros2_ws1/install/lvr_project:/home/anna/ros2_ws1/install/Raspberry:/opt/ros/humble /usr/bin/cmake --install /home/anna/ros2_ws1/build/kalman_filter_localization
