[1.128s] Invoking command in '/home/anna/ros2_ws1/src/raspberry_pkg': PYTHONPATH=/home/anna/ros2_ws1/build/raspberry_pkg/prefix_override:/home/anna/ros2_ws1/install/raspberry_pkg/lib/python3.10/site-packages:${PYTHONPATH} /usr/bin/python3 setup.py egg_info --egg-base ../../build/raspberry_pkg build --build-base /home/anna/ros2_ws1/build/raspberry_pkg/build install --record /home/anna/ros2_ws1/build/raspberry_pkg/install.log --single-version-externally-managed
[1.404s] running egg_info
[1.405s] writing ../../build/raspberry_pkg/raspberry_pkg.egg-info/PKG-INFO
[1.405s] writing dependency_links to ../../build/raspberry_pkg/raspberry_pkg.egg-info/dependency_links.txt
[1.405s] writing entry points to ../../build/raspberry_pkg/raspberry_pkg.egg-info/entry_points.txt
[1.405s] writing requirements to ../../build/raspberry_pkg/raspberry_pkg.egg-info/requires.txt
[1.406s] writing top-level names to ../../build/raspberry_pkg/raspberry_pkg.egg-info/top_level.txt
[1.408s] reading manifest file '../../build/raspberry_pkg/raspberry_pkg.egg-info/SOURCES.txt'
[1.408s] writing manifest file '../../build/raspberry_pkg/raspberry_pkg.egg-info/SOURCES.txt'
[1.409s] running build
[1.409s] running build_py
[1.409s] copying raspberry_pkg/data_converter.py -> /home/anna/ros2_ws1/build/raspberry_pkg/build/lib/raspberry_pkg
[1.409s] running install
[1.409s] running install_lib
[1.410s] copying /home/anna/ros2_ws1/build/raspberry_pkg/build/lib/raspberry_pkg/data_converter.py -> /home/anna/ros2_ws1/install/raspberry_pkg/lib/python3.10/site-packages/raspberry_pkg
[1.411s] byte-compiling /home/anna/ros2_ws1/install/raspberry_pkg/lib/python3.10/site-packages/raspberry_pkg/data_converter.py to data_converter.cpython-310.pyc
[1.412s] running install_data
[1.413s] copying package.xml -> /home/anna/ros2_ws1/install/raspberry_pkg/share/raspberry_pkg
[1.413s] running install_egg_info
[1.415s] removing '/home/anna/ros2_ws1/install/raspberry_pkg/lib/python3.10/site-packages/raspberry_pkg-0.0.0-py3.10.egg-info' (and everything under it)
[1.415s] Copying ../../build/raspberry_pkg/raspberry_pkg.egg-info to /home/anna/ros2_ws1/install/raspberry_pkg/lib/python3.10/site-packages/raspberry_pkg-0.0.0-py3.10.egg-info
[1.416s] running install_scripts
[1.438s] Installing data_converter script to /home/anna/ros2_ws1/install/raspberry_pkg/lib/raspberry_pkg
[1.438s] writing list of installed files to '/home/anna/ros2_ws1/build/raspberry_pkg/install.log'
[1.552s] Invoked command in '/home/anna/ros2_ws1/src/raspberry_pkg' returned '0': PYTHONPATH=/home/anna/ros2_ws1/build/raspberry_pkg/prefix_override:/home/anna/ros2_ws1/install/raspberry_pkg/lib/python3.10/site-packages:${PYTHONPATH} /usr/bin/python3 setup.py egg_info --egg-base ../../build/raspberry_pkg build --build-base /home/anna/ros2_ws1/build/raspberry_pkg/build install --record /home/anna/ros2_ws1/build/raspberry_pkg/install.log --single-version-externally-managed
