[1.560s] Invoking command in '/home/anna/ros2_ws1/build/raspberry_pkg': PYTHONPATH=/home/anna/ros2_ws1/build/raspberry_pkg/prefix_override:/usr/lib/python3/dist-packages/colcon_core/task/python/colcon_distutils_commands:/home/anna/ros2_ws1/install/raspberry_pkg/lib/python3.10/site-packages:${PYTHONPATH} /usr/bin/python3 -W ignore:setup.py install is deprecated setup.py develop --editable --build-directory /home/anna/ros2_ws1/build/raspberry_pkg/build --no-deps symlink_data
[1.705s] /home/anna/.local/lib/python3.10/site-packages/setuptools/_distutils/dist.py:261: UserWarning: Unknown distribution option: 'tests_require'
[1.705s]   warnings.warn(msg)
[1.896s] running develop
[1.902s] /home/anna/.local/lib/python3.10/site-packages/setuptools/command/develop.py:41: EasyInstallDeprecationWarning: easy_install command is deprecated.
[1.902s] !!
[1.902s] 
[1.903s]         ********************************************************************************
[1.903s]         Please avoid running ``setup.py`` and ``easy_install``.
[1.903s]         Instead, use pypa/build, pypa/installer or other
[1.903s]         standards-based tools.
[1.903s] 
[1.903s]         See https://github.com/pypa/setuptools/issues/917 for details.
[1.903s]         ********************************************************************************
[1.904s] 
[1.904s] !!
[1.904s]   easy_install.initialize_options(self)
[2.166s] running egg_info
[2.185s] writing raspberry_pkg.egg-info/PKG-INFO
[2.186s] writing dependency_links to raspberry_pkg.egg-info/dependency_links.txt
[2.186s] writing entry points to raspberry_pkg.egg-info/entry_points.txt
[2.186s] writing requirements to raspberry_pkg.egg-info/requires.txt
[2.186s] writing top-level names to raspberry_pkg.egg-info/top_level.txt
[2.225s] reading manifest file 'raspberry_pkg.egg-info/SOURCES.txt'
[2.226s] writing manifest file 'raspberry_pkg.egg-info/SOURCES.txt'
[2.246s] running build_ext
[2.246s] Creating /home/anna/ros2_ws1/install/raspberry_pkg/lib/python3.10/site-packages/raspberry-pkg.egg-link (link to .)
[2.247s] Installing data_converter script to /home/anna/ros2_ws1/install/raspberry_pkg/lib/raspberry_pkg
[2.247s] 
[2.247s] Installed /home/anna/ros2_ws1/build/raspberry_pkg
[2.248s] running symlink_data
[2.329s] Invoked command in '/home/anna/ros2_ws1/build/raspberry_pkg' returned '0': PYTHONPATH=/home/anna/ros2_ws1/build/raspberry_pkg/prefix_override:/usr/lib/python3/dist-packages/colcon_core/task/python/colcon_distutils_commands:/home/anna/ros2_ws1/install/raspberry_pkg/lib/python3.10/site-packages:${PYTHONPATH} /usr/bin/python3 -W ignore:setup.py install is deprecated setup.py develop --editable --build-directory /home/anna/ros2_ws1/build/raspberry_pkg/build --no-deps symlink_data
