[0.985s] DEBUG:colcon:Command line arguments: ['/usr/bin/colcon', 'list', '-p', '--base-paths', '/home/anna/ros2_ws1']
[0.985s] DEBUG:colcon:Parsed command line arguments: Namespace(log_base=None, log_level=None, verb_name='list', build_base='build', ignore_user_meta=False, metas=['./colcon.meta'], base_paths=['/home/anna/ros2_ws1'], packages_ignore=None, packages_ignore_regex=None, paths=None, packages_up_to=None, packages_up_to_regex=None, packages_above=None, packages_above_and_dependencies=None, packages_above_depth=None, packages_select_by_dep=None, packages_skip_by_dep=None, packages_skip_up_to=None, packages_select_build_failed=False, packages_skip_build_finished=False, packages_select_test_failures=False, packages_skip_test_passed=False, packages_select=None, packages_skip=None, packages_select_regex=None, packages_skip_regex=None, packages_start=None, packages_end=None, allow_overriding=[], topological_order=False, names_only=False, paths_only=True, topological_graph=False, topological_graph_dot=False, topological_graph_density=False, topological_graph_legend=False, topological_graph_dot_cluster=False, topological_graph_dot_include_skipped=False, verb_parser=<colcon_defaults.argument_parser.defaults.DefaultArgumentsDecorator object at 0x7fcda4f711e0>, verb_extension=<colcon_package_information.verb.list.ListVerb object at 0x7fcda4f739d0>, main=<bound method ListVerb.main of <colcon_package_information.verb.list.ListVerb object at 0x7fcda4f739d0>>)
[1.026s] Level 1:colcon.colcon_core.package_discovery:discover_packages(colcon_meta) check parameters
[1.026s] Level 1:colcon.colcon_core.package_discovery:discover_packages(recursive) check parameters
[1.026s] Level 1:colcon.colcon_core.package_discovery:discover_packages(ignore) check parameters
[1.026s] Level 1:colcon.colcon_core.package_discovery:discover_packages(path) check parameters
[1.026s] Level 1:colcon.colcon_core.package_discovery:discover_packages(recursive) discover
[1.026s] INFO:colcon.colcon_core.package_discovery:Crawling recursively for packages in '/home/anna/ros2_ws1'
[1.026s] Level 1:colcon.colcon_core.package_identification:_identify(/home/anna/ros2_ws1) by extensions ['ignore', 'ignore_ament_install']
[1.026s] Level 1:colcon.colcon_core.package_identification:_identify(/home/anna/ros2_ws1) by extension 'ignore'
[1.026s] Level 1:colcon.colcon_core.package_identification:_identify(/home/anna/ros2_ws1) by extension 'ignore_ament_install'
[1.026s] Level 1:colcon.colcon_core.package_identification:_identify(/home/anna/ros2_ws1) by extensions ['colcon_pkg']
[1.026s] Level 1:colcon.colcon_core.package_identification:_identify(/home/anna/ros2_ws1) by extension 'colcon_pkg'
[1.026s] Level 1:colcon.colcon_core.package_identification:_identify(/home/anna/ros2_ws1) by extensions ['colcon_meta']
[1.026s] Level 1:colcon.colcon_core.package_identification:_identify(/home/anna/ros2_ws1) by extension 'colcon_meta'
[1.026s] Level 1:colcon.colcon_core.package_identification:_identify(/home/anna/ros2_ws1) by extensions ['ros']
[1.026s] Level 1:colcon.colcon_core.package_identification:_identify(/home/anna/ros2_ws1) by extension 'ros'
[1.035s] Level 1:colcon.colcon_core.package_identification:_identify(/home/anna/ros2_ws1) by extensions ['cmake', 'python']
[1.035s] Level 1:colcon.colcon_core.package_identification:_identify(/home/anna/ros2_ws1) by extension 'cmake'
[1.035s] Level 1:colcon.colcon_core.package_identification:_identify(/home/anna/ros2_ws1) by extension 'python'
[1.035s] Level 1:colcon.colcon_core.package_identification:_identify(/home/anna/ros2_ws1) by extensions ['python_setup_py']
[1.035s] Level 1:colcon.colcon_core.package_identification:_identify(/home/anna/ros2_ws1) by extension 'python_setup_py'
[1.035s] Level 1:colcon.colcon_core.package_identification:_identify(/home/anna/ros2_ws1/build) by extensions ['ignore', 'ignore_ament_install']
[1.035s] Level 1:colcon.colcon_core.package_identification:_identify(/home/anna/ros2_ws1/build) by extension 'ignore'
[1.035s] Level 1:colcon.colcon_core.package_identification:_identify(/home/anna/ros2_ws1/build) ignored
[1.035s] Level 1:colcon.colcon_core.package_identification:_identify(/home/anna/ros2_ws1/install) by extensions ['ignore', 'ignore_ament_install']
[1.036s] Level 1:colcon.colcon_core.package_identification:_identify(/home/anna/ros2_ws1/install) by extension 'ignore'
[1.036s] Level 1:colcon.colcon_core.package_identification:_identify(/home/anna/ros2_ws1/install) ignored
[1.036s] Level 1:colcon.colcon_core.package_identification:_identify(/home/anna/ros2_ws1/log) by extensions ['ignore', 'ignore_ament_install']
[1.036s] Level 1:colcon.colcon_core.package_identification:_identify(/home/anna/ros2_ws1/log) by extension 'ignore'
[1.036s] Level 1:colcon.colcon_core.package_identification:_identify(/home/anna/ros2_ws1/log) ignored
[1.036s] Level 1:colcon.colcon_core.package_identification:_identify(/home/anna/ros2_ws1/src) by extensions ['ignore', 'ignore_ament_install']
[1.036s] Level 1:colcon.colcon_core.package_identification:_identify(/home/anna/ros2_ws1/src) by extension 'ignore'
[1.036s] Level 1:colcon.colcon_core.package_identification:_identify(/home/anna/ros2_ws1/src) by extension 'ignore_ament_install'
[1.036s] Level 1:colcon.colcon_core.package_identification:_identify(/home/anna/ros2_ws1/src) by extensions ['colcon_pkg']
[1.036s] Level 1:colcon.colcon_core.package_identification:_identify(/home/anna/ros2_ws1/src) by extension 'colcon_pkg'
[1.036s] Level 1:colcon.colcon_core.package_identification:_identify(/home/anna/ros2_ws1/src) by extensions ['colcon_meta']
[1.036s] Level 1:colcon.colcon_core.package_identification:_identify(/home/anna/ros2_ws1/src) by extension 'colcon_meta'
[1.036s] Level 1:colcon.colcon_core.package_identification:_identify(/home/anna/ros2_ws1/src) by extensions ['ros']
[1.036s] Level 1:colcon.colcon_core.package_identification:_identify(/home/anna/ros2_ws1/src) by extension 'ros'
[1.036s] Level 1:colcon.colcon_core.package_identification:_identify(/home/anna/ros2_ws1/src) by extensions ['cmake', 'python']
[1.036s] Level 1:colcon.colcon_core.package_identification:_identify(/home/anna/ros2_ws1/src) by extension 'cmake'
[1.036s] Level 1:colcon.colcon_core.package_identification:_identify(/home/anna/ros2_ws1/src) by extension 'python'
[1.036s] Level 1:colcon.colcon_core.package_identification:_identify(/home/anna/ros2_ws1/src) by extensions ['python_setup_py']
[1.036s] Level 1:colcon.colcon_core.package_identification:_identify(/home/anna/ros2_ws1/src) by extension 'python_setup_py'
[1.036s] Level 1:colcon.colcon_core.package_identification:_identify(/home/anna/ros2_ws1/src/nav_in_lab) by extensions ['ignore', 'ignore_ament_install']
[1.036s] Level 1:colcon.colcon_core.package_identification:_identify(/home/anna/ros2_ws1/src/nav_in_lab) by extension 'ignore'
[1.036s] Level 1:colcon.colcon_core.package_identification:_identify(/home/anna/ros2_ws1/src/nav_in_lab) by extension 'ignore_ament_install'
[1.036s] Level 1:colcon.colcon_core.package_identification:_identify(/home/anna/ros2_ws1/src/nav_in_lab) by extensions ['colcon_pkg']
[1.036s] Level 1:colcon.colcon_core.package_identification:_identify(/home/anna/ros2_ws1/src/nav_in_lab) by extension 'colcon_pkg'
[1.037s] Level 1:colcon.colcon_core.package_identification:_identify(/home/anna/ros2_ws1/src/nav_in_lab) by extensions ['colcon_meta']
[1.037s] Level 1:colcon.colcon_core.package_identification:_identify(/home/anna/ros2_ws1/src/nav_in_lab) by extension 'colcon_meta'
[1.037s] Level 1:colcon.colcon_core.package_identification:_identify(/home/anna/ros2_ws1/src/nav_in_lab) by extensions ['ros']
[1.037s] Level 1:colcon.colcon_core.package_identification:_identify(/home/anna/ros2_ws1/src/nav_in_lab) by extension 'ros'
[1.039s] DEBUG:colcon.colcon_core.package_identification:Package '/home/anna/ros2_ws1/src/nav_in_lab' with type 'ros.ament_python' and name 'nav_in_lab'
[1.039s] Level 1:colcon.colcon_core.package_discovery:discover_packages(recursive) using defaults
