[1.535s] Invoking command in '/home/anna/ros2_ws1/src/raspberry_pkg': PYTHONPATH=/home/anna/ros2_ws1/build/raspberry_pkg/prefix_override:/home/anna/ros2_ws1/install/raspberry_pkg/lib/python3.10/site-packages:${PYTHONPATH} /usr/bin/python3 setup.py egg_info --egg-base ../../build/raspberry_pkg build --build-base /home/anna/ros2_ws1/build/raspberry_pkg/build install --record /home/anna/ros2_ws1/build/raspberry_pkg/install.log --single-version-externally-managed
[1.813s] running egg_info
[1.814s] writing ../../build/raspberry_pkg/raspberry_pkg.egg-info/PKG-INFO
[1.814s] writing dependency_links to ../../build/raspberry_pkg/raspberry_pkg.egg-info/dependency_links.txt
[1.815s] writing entry points to ../../build/raspberry_pkg/raspberry_pkg.egg-info/entry_points.txt
[1.815s] writing requirements to ../../build/raspberry_pkg/raspberry_pkg.egg-info/requires.txt
[1.815s] writing top-level names to ../../build/raspberry_pkg/raspberry_pkg.egg-info/top_level.txt
[1.817s] reading manifest file '../../build/raspberry_pkg/raspberry_pkg.egg-info/SOURCES.txt'
[1.818s] writing manifest file '../../build/raspberry_pkg/raspberry_pkg.egg-info/SOURCES.txt'
[1.818s] running build
[1.819s] running build_py
[1.819s] running install
[1.819s] running install_lib
[1.820s] running install_data
[1.821s] running install_egg_info
[1.823s] removing '/home/anna/ros2_ws1/install/raspberry_pkg/lib/python3.10/site-packages/raspberry_pkg-0.0.0-py3.10.egg-info' (and everything under it)
[1.823s] Copying ../../build/raspberry_pkg/raspberry_pkg.egg-info to /home/anna/ros2_ws1/install/raspberry_pkg/lib/python3.10/site-packages/raspberry_pkg-0.0.0-py3.10.egg-info
[1.824s] running install_scripts
[1.849s] Installing data_converter script to /home/anna/ros2_ws1/install/raspberry_pkg/lib/raspberry_pkg
[1.849s] writing list of installed files to '/home/anna/ros2_ws1/build/raspberry_pkg/install.log'
[1.992s] Invoked command in '/home/anna/ros2_ws1/src/raspberry_pkg' returned '0': PYTHONPATH=/home/anna/ros2_ws1/build/raspberry_pkg/prefix_override:/home/anna/ros2_ws1/install/raspberry_pkg/lib/python3.10/site-packages:${PYTHONPATH} /usr/bin/python3 setup.py egg_info --egg-base ../../build/raspberry_pkg build --build-base /home/anna/ros2_ws1/build/raspberry_pkg/build install --record /home/anna/ros2_ws1/build/raspberry_pkg/install.log --single-version-externally-managed
