[1.994s] Invoking command in '/home/anna/ros2_ws1/build/kalman_publish': PYTHONPATH=/home/anna/ros2_ws1/build/kalman_publish/prefix_override:/usr/lib/python3/dist-packages/colcon_core/task/python/colcon_distutils_commands:/home/anna/ros2_ws1/install/kalman_publish/lib/python3.10/site-packages:${PYTHONPATH} /usr/bin/python3 -W ignore:setup.py install is deprecated setup.py develop --editable --build-directory /home/anna/ros2_ws1/build/kalman_publish/build --no-deps symlink_data
[2.149s] /home/anna/.local/lib/python3.10/site-packages/setuptools/_distutils/dist.py:261: UserWarning: Unknown distribution option: 'tests_require'
[2.149s]   warnings.warn(msg)
[2.349s] running develop
[2.355s] /home/anna/.local/lib/python3.10/site-packages/setuptools/command/develop.py:41: EasyInstallDeprecationWarning: easy_install command is deprecated.
[2.355s] !!
[2.355s] 
[2.355s]         ********************************************************************************
[2.355s]         Please avoid running ``setup.py`` and ``easy_install``.
[2.355s]         Instead, use pypa/build, pypa/installer or other
[2.355s]         standards-based tools.
[2.355s] 
[2.355s]         See https://github.com/pypa/setuptools/issues/917 for details.
[2.355s]         ********************************************************************************
[2.355s] 
[2.356s] !!
[2.356s]   easy_install.initialize_options(self)
[2.626s] running egg_info
[2.626s] creating kalman_publish.egg-info
[2.646s] writing kalman_publish.egg-info/PKG-INFO
[2.646s] writing dependency_links to kalman_publish.egg-info/dependency_links.txt
[2.646s] writing requirements to kalman_publish.egg-info/requires.txt
[2.647s] writing top-level names to kalman_publish.egg-info/top_level.txt
[2.647s] writing manifest file 'kalman_publish.egg-info/SOURCES.txt'
[2.687s] reading manifest file 'kalman_publish.egg-info/SOURCES.txt'
[2.688s] writing manifest file 'kalman_publish.egg-info/SOURCES.txt'
[2.740s] running build_ext
[2.741s] Creating /home/anna/ros2_ws1/install/kalman_publish/lib/python3.10/site-packages/kalman-publish.egg-link (link to .)
[2.742s] 
[2.742s] Installed /home/anna/ros2_ws1/build/kalman_publish
[2.742s] running symlink_data
[2.742s] creating /home/anna/ros2_ws1/install/kalman_publish/share/ament_index/resource_index/packages
[2.742s] symbolically linking /home/anna/ros2_ws1/build/kalman_publish/resource/kalman_publish -> /home/anna/ros2_ws1/install/kalman_publish/share/ament_index/resource_index/packages
[2.743s] symbolically linking /home/anna/ros2_ws1/build/kalman_publish/package.xml -> /home/anna/ros2_ws1/install/kalman_publish/share/kalman_publish
[2.841s] Invoked command in '/home/anna/ros2_ws1/build/kalman_publish' returned '0': PYTHONPATH=/home/anna/ros2_ws1/build/kalman_publish/prefix_override:/usr/lib/python3/dist-packages/colcon_core/task/python/colcon_distutils_commands:/home/anna/ros2_ws1/install/kalman_publish/lib/python3.10/site-packages:${PYTHONPATH} /usr/bin/python3 -W ignore:setup.py install is deprecated setup.py develop --editable --build-directory /home/anna/ros2_ws1/build/kalman_publish/build --no-deps symlink_data
