[1.877s] Invoking command in '/home/anna/ros2_ws1/build/lvr_project': PYTHONPATH=/home/anna/ros2_ws1/build/lvr_project/prefix_override:/usr/lib/python3/dist-packages/colcon_core/task/python/colcon_distutils_commands:/home/anna/ros2_ws1/install/lvr_project/lib/python3.10/site-packages:${PYTHONPATH} /usr/bin/python3 -W ignore:setup.py install is deprecated setup.py develop --editable --build-directory /home/anna/ros2_ws1/build/lvr_project/build --no-deps symlink_data
[2.027s] /home/anna/.local/lib/python3.10/site-packages/setuptools/_distutils/dist.py:261: UserWarning: Unknown distribution option: 'tests_require'
[2.028s]   warnings.warn(msg)
[2.228s] running develop
[2.228s] /home/anna/.local/lib/python3.10/site-packages/setuptools/command/develop.py:41: EasyInstallDeprecationWarning: easy_install command is deprecated.
[2.228s] !!
[2.228s] 
[2.228s]         ********************************************************************************
[2.228s]         Please avoid running ``setup.py`` and ``easy_install``.
[2.228s]         Instead, use pypa/build, pypa/installer or other
[2.228s]         standards-based tools.
[2.229s] 
[2.229s]         See https://github.com/pypa/setuptools/issues/917 for details.
[2.229s]         ********************************************************************************
[2.229s] 
[2.229s] !!
[2.229s]   easy_install.initialize_options(self)
[2.506s] running egg_info
[2.526s] writing lvr_project.egg-info/PKG-INFO
[2.526s] writing dependency_links to lvr_project.egg-info/dependency_links.txt
[2.527s] writing entry points to lvr_project.egg-info/entry_points.txt
[2.527s] writing requirements to lvr_project.egg-info/requires.txt
[2.527s] writing top-level names to lvr_project.egg-info/top_level.txt
[2.568s] reading manifest file 'lvr_project.egg-info/SOURCES.txt'
[2.569s] writing manifest file 'lvr_project.egg-info/SOURCES.txt'
[2.621s] running build_ext
[2.621s] Creating /home/anna/ros2_ws1/install/lvr_project/lib/python3.10/site-packages/lvr-project.egg-link (link to .)
[2.622s] Installing cloud_converter script to /home/anna/ros2_ws1/install/lvr_project/lib/lvr_project
[2.622s] Installing kiss_icp script to /home/anna/ros2_ws1/install/lvr_project/lib/lvr_project
[2.622s] Installing lidar_odom script to /home/anna/ros2_ws1/install/lvr_project/lib/lvr_project
[2.622s] Installing protocol_stm32 script to /home/anna/ros2_ws1/install/lvr_project/lib/lvr_project
[2.623s] Installing test_odom script to /home/anna/ros2_ws1/install/lvr_project/lib/lvr_project
[2.623s] 
[2.623s] Installed /home/anna/ros2_ws1/build/lvr_project
[2.623s] running symlink_data
[2.713s] Invoked command in '/home/anna/ros2_ws1/build/lvr_project' returned '0': PYTHONPATH=/home/anna/ros2_ws1/build/lvr_project/prefix_override:/usr/lib/python3/dist-packages/colcon_core/task/python/colcon_distutils_commands:/home/anna/ros2_ws1/install/lvr_project/lib/python3.10/site-packages:${PYTHONPATH} /usr/bin/python3 -W ignore:setup.py install is deprecated setup.py develop --editable --build-directory /home/anna/ros2_ws1/build/lvr_project/build --no-deps symlink_data
