[1.688s] Invoking command in '/home/anna/ros2_ws1/build/nav_in_lab': PYTHONPATH=/home/anna/ros2_ws1/build/nav_in_lab/prefix_override:/home/anna/ros2_ws1/install/nav_in_lab/lib/python3.10/site-packages:${PYTHONPATH} /usr/bin/python3 setup.py develop --uninstall --editable --build-directory /home/anna/ros2_ws1/build/nav_in_lab/build
[1.922s] running develop
[2.070s] Removing /home/anna/ros2_ws1/install/nav_in_lab/lib/python3.10/site-packages/nav-in-lab.egg-link (link to .)
[2.118s] Invoked command in '/home/anna/ros2_ws1/build/nav_in_lab' returned '0': PYTHONPATH=/home/anna/ros2_ws1/build/nav_in_lab/prefix_override:/home/anna/ros2_ws1/install/nav_in_lab/lib/python3.10/site-packages:${PYTHONPATH} /usr/bin/python3 setup.py develop --uninstall --editable --build-directory /home/anna/ros2_ws1/build/nav_in_lab/build
[2.119s] Invoking command in '/home/anna/ros2_ws1/src/nav_in_lab': PYTHONPATH=/home/anna/ros2_ws1/build/nav_in_lab/prefix_override:/home/anna/ros2_ws1/install/nav_in_lab/lib/python3.10/site-packages:${PYTHONPATH} /usr/bin/python3 setup.py egg_info --egg-base ../../build/nav_in_lab build --build-base /home/anna/ros2_ws1/build/nav_in_lab/build install --record /home/anna/ros2_ws1/build/nav_in_lab/install.log --single-version-externally-managed
[2.324s] running egg_info
[2.324s] writing ../../build/nav_in_lab/nav_in_lab.egg-info/PKG-INFO
[2.324s] writing dependency_links to ../../build/nav_in_lab/nav_in_lab.egg-info/dependency_links.txt
[2.324s] writing entry points to ../../build/nav_in_lab/nav_in_lab.egg-info/entry_points.txt
[2.325s] writing requirements to ../../build/nav_in_lab/nav_in_lab.egg-info/requires.txt
[2.325s] writing top-level names to ../../build/nav_in_lab/nav_in_lab.egg-info/top_level.txt
[2.326s] reading manifest file '../../build/nav_in_lab/nav_in_lab.egg-info/SOURCES.txt'
[2.327s] writing manifest file '../../build/nav_in_lab/nav_in_lab.egg-info/SOURCES.txt'
[2.327s] running build
[2.327s] running build_py
[2.327s] copying nav_in_lab/go_lab.py -> /home/anna/ros2_ws1/build/nav_in_lab/build/lib/nav_in_lab
[2.328s] copying nav_in_lab/go_lab_serv.py -> /home/anna/ros2_ws1/build/nav_in_lab/build/lib/nav_in_lab
[2.328s] running install
[2.328s] running install_lib
[2.329s] creating /home/anna/ros2_ws1/install/nav_in_lab/lib/python3.10/site-packages/nav_in_lab
[2.329s] copying /home/anna/ros2_ws1/build/nav_in_lab/build/lib/nav_in_lab/go_lab.py -> /home/anna/ros2_ws1/install/nav_in_lab/lib/python3.10/site-packages/nav_in_lab
[2.329s] copying /home/anna/ros2_ws1/build/nav_in_lab/build/lib/nav_in_lab/go_lab_serv.py -> /home/anna/ros2_ws1/install/nav_in_lab/lib/python3.10/site-packages/nav_in_lab
[2.329s] copying /home/anna/ros2_ws1/build/nav_in_lab/build/lib/nav_in_lab/__init__.py -> /home/anna/ros2_ws1/install/nav_in_lab/lib/python3.10/site-packages/nav_in_lab
[2.330s] byte-compiling /home/anna/ros2_ws1/install/nav_in_lab/lib/python3.10/site-packages/nav_in_lab/go_lab.py to go_lab.cpython-310.pyc
[2.332s] byte-compiling /home/anna/ros2_ws1/install/nav_in_lab/lib/python3.10/site-packages/nav_in_lab/go_lab_serv.py to go_lab_serv.cpython-310.pyc
[2.333s] byte-compiling /home/anna/ros2_ws1/install/nav_in_lab/lib/python3.10/site-packages/nav_in_lab/__init__.py to __init__.cpython-310.pyc
[2.333s] running install_data
[2.334s] running install_egg_info
[2.335s] Copying ../../build/nav_in_lab/nav_in_lab.egg-info to /home/anna/ros2_ws1/install/nav_in_lab/lib/python3.10/site-packages/nav_in_lab-0.0.0-py3.10.egg-info
[2.336s] running install_scripts
[2.351s] Installing go_lab script to /home/anna/ros2_ws1/install/nav_in_lab/lib/nav_in_lab
[2.352s] Installing go_lab_serv script to /home/anna/ros2_ws1/install/nav_in_lab/lib/nav_in_lab
[2.352s] writing list of installed files to '/home/anna/ros2_ws1/build/nav_in_lab/install.log'
[2.437s] Invoked command in '/home/anna/ros2_ws1/src/nav_in_lab' returned '0': PYTHONPATH=/home/anna/ros2_ws1/build/nav_in_lab/prefix_override:/home/anna/ros2_ws1/install/nav_in_lab/lib/python3.10/site-packages:${PYTHONPATH} /usr/bin/python3 setup.py egg_info --egg-base ../../build/nav_in_lab build --build-base /home/anna/ros2_ws1/build/nav_in_lab/build install --record /home/anna/ros2_ws1/build/nav_in_lab/install.log --single-version-externally-managed
