[1.277s] Invoking command in '/home/anna/ros2_ws1/src/nav_in_lab': PYTHONPATH=/home/anna/ros2_ws1/build/nav_in_lab/prefix_override:/home/anna/ros2_ws1/install/nav_in_lab/lib/python3.10/site-packages:${PYTHONPATH} /usr/bin/python3 setup.py egg_info --egg-base ../../build/nav_in_lab build --build-base /home/anna/ros2_ws1/build/nav_in_lab/build install --record /home/anna/ros2_ws1/build/nav_in_lab/install.log --single-version-externally-managed
[1.486s] running egg_info
[1.487s] writing ../../build/nav_in_lab/nav_in_lab.egg-info/PKG-INFO
[1.493s] writing dependency_links to ../../build/nav_in_lab/nav_in_lab.egg-info/dependency_links.txt
[1.493s] writing entry points to ../../build/nav_in_lab/nav_in_lab.egg-info/entry_points.txt
[1.493s] writing requirements to ../../build/nav_in_lab/nav_in_lab.egg-info/requires.txt
[1.493s] writing top-level names to ../../build/nav_in_lab/nav_in_lab.egg-info/top_level.txt
[1.495s] reading manifest file '../../build/nav_in_lab/nav_in_lab.egg-info/SOURCES.txt'
[1.496s] writing manifest file '../../build/nav_in_lab/nav_in_lab.egg-info/SOURCES.txt'
[1.496s] running build
[1.496s] running build_py
[1.497s] running install
[1.497s] running install_lib
[1.498s] running install_data
[1.499s] running install_egg_info
[1.500s] removing '/home/anna/ros2_ws1/install/nav_in_lab/lib/python3.10/site-packages/nav_in_lab-0.0.0-py3.10.egg-info' (and everything under it)
[1.500s] Copying ../../build/nav_in_lab/nav_in_lab.egg-info to /home/anna/ros2_ws1/install/nav_in_lab/lib/python3.10/site-packages/nav_in_lab-0.0.0-py3.10.egg-info
[1.501s] running install_scripts
[1.517s] Installing go_lab script to /home/anna/ros2_ws1/install/nav_in_lab/lib/nav_in_lab
[1.517s] writing list of installed files to '/home/anna/ros2_ws1/build/nav_in_lab/install.log'
[1.626s] Invoked command in '/home/anna/ros2_ws1/src/nav_in_lab' returned '0': PYTHONPATH=/home/anna/ros2_ws1/build/nav_in_lab/prefix_override:/home/anna/ros2_ws1/install/nav_in_lab/lib/python3.10/site-packages:${PYTHONPATH} /usr/bin/python3 setup.py egg_info --egg-base ../../build/nav_in_lab build --build-base /home/anna/ros2_ws1/build/nav_in_lab/build install --record /home/anna/ros2_ws1/build/nav_in_lab/install.log --single-version-externally-managed
