running develop
running egg_info
creating nav_in_lab.egg-info
writing nav_in_lab.egg-info/PKG-INFO
writing dependency_links to nav_in_lab.egg-info/dependency_links.txt
writing entry points to nav_in_lab.egg-info/entry_points.txt
writing requirements to nav_in_lab.egg-info/requires.txt
writing top-level names to nav_in_lab.egg-info/top_level.txt
writing manifest file 'nav_in_lab.egg-info/SOURCES.txt'
reading manifest file 'nav_in_lab.egg-info/SOURCES.txt'
writing manifest file 'nav_in_lab.egg-info/SOURCES.txt'
running build_ext
Creating /home/anna/ros2_ws1/install/nav_in_lab/lib/python3.10/site-packages/nav-in-lab.egg-link (link to .)

Installed /home/anna/ros2_ws1/build/nav_in_lab
running install_data
creating /home/anna/ros2_ws1/install/nav_in_lab/share/ament_index
creating /home/anna/ros2_ws1/install/nav_in_lab/share/ament_index/resource_index
creating /home/anna/ros2_ws1/install/nav_in_lab/share/ament_index/resource_index/packages
copying resource/nav_in_lab -> /home/anna/ros2_ws1/install/nav_in_lab/share/ament_index/resource_index/packages
copying package.xml -> /home/anna/ros2_ws1/install/nav_in_lab/share/nav_in_lab
