[1.570s] Invoking command in '/home/anna/ros2_ws1/build/nav_in_lab1': PYTHONPATH=/home/anna/ros2_ws1/build/nav_in_lab1/prefix_override:/usr/lib/python3/dist-packages/colcon_core/task/python/colcon_distutils_commands:/home/anna/ros2_ws1/install/nav_in_lab1/lib/python3.10/site-packages:${PYTHONPATH} /usr/bin/python3 -W ignore:setup.py install is deprecated setup.py develop --editable --build-directory /home/anna/ros2_ws1/build/nav_in_lab1/build --no-deps symlink_data
[1.714s] /home/anna/.local/lib/python3.10/site-packages/setuptools/_distutils/dist.py:261: UserWarning: Unknown distribution option: 'tests_require'
[1.714s]   warnings.warn(msg)
[1.911s] running develop
[1.911s] /home/anna/.local/lib/python3.10/site-packages/setuptools/command/develop.py:41: EasyInstallDeprecationWarning: easy_install command is deprecated.
[1.911s] !!
[1.911s] 
[1.912s]         ********************************************************************************
[1.912s]         Please avoid running ``setup.py`` and ``easy_install``.
[1.912s]         Instead, use pypa/build, pypa/installer or other
[1.912s]         standards-based tools.
[1.912s] 
[1.912s]         See https://github.com/pypa/setuptools/issues/917 for details.
[1.912s]         ********************************************************************************
[1.912s] 
[1.912s] !!
[1.912s]   easy_install.initialize_options(self)
[2.174s] running egg_info
[2.193s] writing nav_in_lab1.egg-info/PKG-INFO
[2.193s] writing dependency_links to nav_in_lab1.egg-info/dependency_links.txt
[2.194s] writing entry points to nav_in_lab1.egg-info/entry_points.txt
[2.194s] writing requirements to nav_in_lab1.egg-info/requires.txt
[2.194s] writing top-level names to nav_in_lab1.egg-info/top_level.txt
[2.233s] reading manifest file 'nav_in_lab1.egg-info/SOURCES.txt'
[2.235s] writing manifest file 'nav_in_lab1.egg-info/SOURCES.txt'
[2.255s] running build_ext
[2.255s] Creating /home/anna/ros2_ws1/install/nav_in_lab1/lib/python3.10/site-packages/nav-in-lab1.egg-link (link to .)
[2.256s] Installing go_lab script to /home/anna/ros2_ws1/install/nav_in_lab1/lib/nav_in_lab1
[2.256s] 
[2.257s] Installed /home/anna/ros2_ws1/build/nav_in_lab1
[2.257s] running symlink_data
[2.346s] Invoked command in '/home/anna/ros2_ws1/build/nav_in_lab1' returned '0': PYTHONPATH=/home/anna/ros2_ws1/build/nav_in_lab1/prefix_override:/usr/lib/python3/dist-packages/colcon_core/task/python/colcon_distutils_commands:/home/anna/ros2_ws1/install/nav_in_lab1/lib/python3.10/site-packages:${PYTHONPATH} /usr/bin/python3 -W ignore:setup.py install is deprecated setup.py develop --editable --build-directory /home/anna/ros2_ws1/build/nav_in_lab1/build --no-deps symlink_data
