[0.977s] DEBUG:colcon:Command line arguments: ['/usr/bin/colcon', 'build']
[0.977s] DEBUG:colcon:Parsed command line arguments: Namespace(log_base=None, log_level=None, verb_name='build', build_base='build', install_base='install', merge_install=False, symlink_install=False, test_result_base=None, continue_on_error=False, executor='parallel', parallel_workers=16, event_handlers=None, ignore_user_meta=False, metas=['./colcon.meta'], base_paths=['.'], packages_ignore=None, packages_ignore_regex=None, paths=None, packages_up_to=None, packages_up_to_regex=None, packages_above=None, packages_above_and_dependencies=None, packages_above_depth=None, packages_select_by_dep=None, packages_skip_by_dep=None, packages_skip_up_to=None, packages_select_build_failed=False, packages_skip_build_finished=False, packages_select_test_failures=False, packages_skip_test_passed=False, packages_select=None, packages_skip=None, packages_select_regex=None, packages_skip_regex=None, packages_start=None, packages_end=None, allow_overriding=[], cmake_args=None, cmake_target=None, cmake_target_skip_unavailable=False, cmake_clean_cache=False, cmake_clean_first=False, cmake_force_configure=False, ament_cmake_args=None, catkin_cmake_args=None, catkin_skip_building_tests=False, verb_parser=<colcon_defaults.argument_parser.defaults.DefaultArgumentsDecorator object at 0x7fea721c9180>, verb_extension=<colcon_core.verb.build.BuildVerb object at 0x7fea721ca590>, main=<bound method BuildVerb.main of <colcon_core.verb.build.BuildVerb object at 0x7fea721ca590>>)
[1.020s] Level 1:colcon.colcon_core.package_discovery:discover_packages(colcon_meta) check parameters
[1.020s] Level 1:colcon.colcon_core.package_discovery:discover_packages(recursive) check parameters
[1.020s] Level 1:colcon.colcon_core.package_discovery:discover_packages(ignore) check parameters
[1.020s] Level 1:colcon.colcon_core.package_discovery:discover_packages(path) check parameters
[1.020s] Level 1:colcon.colcon_core.package_discovery:discover_packages(colcon_meta) discover
[1.021s] Level 1:colcon.colcon_core.package_discovery:discover_packages(recursive) discover
[1.021s] INFO:colcon.colcon_core.package_discovery:Crawling recursively for packages in '/home/anna/ros2_ws1'
[1.021s] Level 1:colcon.colcon_core.package_identification:_identify(.) by extensions ['ignore', 'ignore_ament_install']
[1.021s] Level 1:colcon.colcon_core.package_identification:_identify(.) by extension 'ignore'
[1.021s] Level 1:colcon.colcon_core.package_identification:_identify(.) by extension 'ignore_ament_install'
[1.021s] Level 1:colcon.colcon_core.package_identification:_identify(.) by extensions ['colcon_pkg']
[1.021s] Level 1:colcon.colcon_core.package_identification:_identify(.) by extension 'colcon_pkg'
[1.021s] Level 1:colcon.colcon_core.package_identification:_identify(.) by extensions ['colcon_meta']
[1.021s] Level 1:colcon.colcon_core.package_identification:_identify(.) by extension 'colcon_meta'
[1.021s] Level 1:colcon.colcon_core.package_identification:_identify(.) by extensions ['ros']
[1.021s] Level 1:colcon.colcon_core.package_identification:_identify(.) by extension 'ros'
[1.031s] Level 1:colcon.colcon_core.package_identification:_identify(.) by extensions ['cmake', 'python']
[1.031s] Level 1:colcon.colcon_core.package_identification:_identify(.) by extension 'cmake'
[1.031s] Level 1:colcon.colcon_core.package_identification:_identify(.) by extension 'python'
[1.031s] Level 1:colcon.colcon_core.package_identification:_identify(.) by extensions ['python_setup_py']
[1.031s] Level 1:colcon.colcon_core.package_identification:_identify(.) by extension 'python_setup_py'
[1.032s] Level 1:colcon.colcon_core.package_identification:_identify(build) by extensions ['ignore', 'ignore_ament_install']
[1.032s] Level 1:colcon.colcon_core.package_identification:_identify(build) by extension 'ignore'
[1.032s] Level 1:colcon.colcon_core.package_identification:_identify(build) ignored
[1.032s] Level 1:colcon.colcon_core.package_identification:_identify(install) by extensions ['ignore', 'ignore_ament_install']
[1.032s] Level 1:colcon.colcon_core.package_identification:_identify(install) by extension 'ignore'
[1.032s] Level 1:colcon.colcon_core.package_identification:_identify(install) ignored
[1.032s] Level 1:colcon.colcon_core.package_identification:_identify(log) by extensions ['ignore', 'ignore_ament_install']
[1.032s] Level 1:colcon.colcon_core.package_identification:_identify(log) by extension 'ignore'
[1.032s] Level 1:colcon.colcon_core.package_identification:_identify(log) ignored
[1.032s] Level 1:colcon.colcon_core.package_identification:_identify(src) by extensions ['ignore', 'ignore_ament_install']
[1.032s] Level 1:colcon.colcon_core.package_identification:_identify(src) by extension 'ignore'
[1.032s] Level 1:colcon.colcon_core.package_identification:_identify(src) by extension 'ignore_ament_install'
[1.032s] Level 1:colcon.colcon_core.package_identification:_identify(src) by extensions ['colcon_pkg']
[1.032s] Level 1:colcon.colcon_core.package_identification:_identify(src) by extension 'colcon_pkg'
[1.032s] Level 1:colcon.colcon_core.package_identification:_identify(src) by extensions ['colcon_meta']
[1.032s] Level 1:colcon.colcon_core.package_identification:_identify(src) by extension 'colcon_meta'
[1.032s] Level 1:colcon.colcon_core.package_identification:_identify(src) by extensions ['ros']
[1.032s] Level 1:colcon.colcon_core.package_identification:_identify(src) by extension 'ros'
[1.032s] Level 1:colcon.colcon_core.package_identification:_identify(src) by extensions ['cmake', 'python']
[1.032s] Level 1:colcon.colcon_core.package_identification:_identify(src) by extension 'cmake'
[1.032s] Level 1:colcon.colcon_core.package_identification:_identify(src) by extension 'python'
[1.032s] Level 1:colcon.colcon_core.package_identification:_identify(src) by extensions ['python_setup_py']
[1.033s] Level 1:colcon.colcon_core.package_identification:_identify(src) by extension 'python_setup_py'
[1.033s] Level 1:colcon.colcon_core.package_identification:_identify(src/nav_in_lab) by extensions ['ignore', 'ignore_ament_install']
[1.033s] Level 1:colcon.colcon_core.package_identification:_identify(src/nav_in_lab) by extension 'ignore'
[1.033s] Level 1:colcon.colcon_core.package_identification:_identify(src/nav_in_lab) by extension 'ignore_ament_install'
[1.033s] Level 1:colcon.colcon_core.package_identification:_identify(src/nav_in_lab) by extensions ['colcon_pkg']
[1.033s] Level 1:colcon.colcon_core.package_identification:_identify(src/nav_in_lab) by extension 'colcon_pkg'
[1.033s] Level 1:colcon.colcon_core.package_identification:_identify(src/nav_in_lab) by extensions ['colcon_meta']
[1.033s] Level 1:colcon.colcon_core.package_identification:_identify(src/nav_in_lab) by extension 'colcon_meta'
[1.033s] Level 1:colcon.colcon_core.package_identification:_identify(src/nav_in_lab) by extensions ['ros']
[1.033s] Level 1:colcon.colcon_core.package_identification:_identify(src/nav_in_lab) by extension 'ros'
[1.035s] DEBUG:colcon.colcon_core.package_identification:Package 'src/nav_in_lab' with type 'ros.ament_python' and name 'nav_in_lab'
[1.035s] Level 1:colcon.colcon_core.package_identification:_identify(src/nav_in_lab1) by extensions ['ignore', 'ignore_ament_install']
[1.035s] Level 1:colcon.colcon_core.package_identification:_identify(src/nav_in_lab1) by extension 'ignore'
[1.035s] Level 1:colcon.colcon_core.package_identification:_identify(src/nav_in_lab1) by extension 'ignore_ament_install'
[1.035s] Level 1:colcon.colcon_core.package_identification:_identify(src/nav_in_lab1) by extensions ['colcon_pkg']
[1.035s] Level 1:colcon.colcon_core.package_identification:_identify(src/nav_in_lab1) by extension 'colcon_pkg'
[1.035s] Level 1:colcon.colcon_core.package_identification:_identify(src/nav_in_lab1) by extensions ['colcon_meta']
[1.035s] Level 1:colcon.colcon_core.package_identification:_identify(src/nav_in_lab1) by extension 'colcon_meta'
[1.035s] Level 1:colcon.colcon_core.package_identification:_identify(src/nav_in_lab1) by extensions ['ros']
[1.036s] Level 1:colcon.colcon_core.package_identification:_identify(src/nav_in_lab1) by extension 'ros'
[1.036s] DEBUG:colcon.colcon_core.package_identification:Package 'src/nav_in_lab1' with type 'ros.ament_python' and name 'nav_in_lab1'
[1.036s] Level 1:colcon.colcon_core.package_identification:_identify(src/raspberry_pkg) by extensions ['ignore', 'ignore_ament_install']
[1.036s] Level 1:colcon.colcon_core.package_identification:_identify(src/raspberry_pkg) by extension 'ignore'
[1.036s] Level 1:colcon.colcon_core.package_identification:_identify(src/raspberry_pkg) by extension 'ignore_ament_install'
[1.036s] Level 1:colcon.colcon_core.package_identification:_identify(src/raspberry_pkg) by extensions ['colcon_pkg']
[1.036s] Level 1:colcon.colcon_core.package_identification:_identify(src/raspberry_pkg) by extension 'colcon_pkg'
[1.036s] Level 1:colcon.colcon_core.package_identification:_identify(src/raspberry_pkg) by extensions ['colcon_meta']
[1.036s] Level 1:colcon.colcon_core.package_identification:_identify(src/raspberry_pkg) by extension 'colcon_meta'
[1.037s] Level 1:colcon.colcon_core.package_identification:_identify(src/raspberry_pkg) by extensions ['ros']
[1.037s] Level 1:colcon.colcon_core.package_identification:_identify(src/raspberry_pkg) by extension 'ros'
[1.037s] DEBUG:colcon.colcon_core.package_identification:Package 'src/raspberry_pkg' with type 'ros.ament_python' and name 'raspberry_pkg'
[1.037s] Level 1:colcon.colcon_core.package_discovery:discover_packages(recursive) using defaults
[1.037s] Level 1:colcon.colcon_core.package_discovery:discover_packages(ignore) discover
[1.037s] Level 1:colcon.colcon_core.package_discovery:discover_packages(ignore) using defaults
[1.037s] Level 1:colcon.colcon_core.package_discovery:discover_packages(path) discover
[1.037s] Level 1:colcon.colcon_core.package_discovery:discover_packages(path) using defaults
[1.121s] Level 1:colcon.colcon_core.package_discovery:discover_packages(prefix_path) check parameters
[1.121s] Level 1:colcon.colcon_core.package_discovery:discover_packages(prefix_path) discover
[1.150s] DEBUG:colcon.colcon_installed_package_information.package_discovery:Found 4 installed packages in /home/anna/ros2_ws1/install
[1.177s] DEBUG:colcon.colcon_installed_package_information.package_discovery:Found 0 installed packages in /home/anna/ros2_ws/install
[1.193s] DEBUG:colcon.colcon_installed_package_information.package_discovery:Found 450 installed packages in /opt/ros/humble
[1.195s] Level 1:colcon.colcon_core.package_discovery:discover_packages(prefix_path) using defaults
[1.294s] Level 5:colcon.colcon_core.verb:set package 'nav_in_lab' build argument 'cmake_args' from command line to 'None'
[1.294s] Level 5:colcon.colcon_core.verb:set package 'nav_in_lab' build argument 'cmake_target' from command line to 'None'
[1.294s] Level 5:colcon.colcon_core.verb:set package 'nav_in_lab' build argument 'cmake_target_skip_unavailable' from command line to 'False'
[1.294s] Level 5:colcon.colcon_core.verb:set package 'nav_in_lab' build argument 'cmake_clean_cache' from command line to 'False'
[1.294s] Level 5:colcon.colcon_core.verb:set package 'nav_in_lab' build argument 'cmake_clean_first' from command line to 'False'
[1.294s] Level 5:colcon.colcon_core.verb:set package 'nav_in_lab' build argument 'cmake_force_configure' from command line to 'False'
[1.294s] Level 5:colcon.colcon_core.verb:set package 'nav_in_lab' build argument 'ament_cmake_args' from command line to 'None'
[1.294s] Level 5:colcon.colcon_core.verb:set package 'nav_in_lab' build argument 'catkin_cmake_args' from command line to 'None'
[1.294s] Level 5:colcon.colcon_core.verb:set package 'nav_in_lab' build argument 'catkin_skip_building_tests' from command line to 'False'
[1.294s] DEBUG:colcon.colcon_core.verb:Building package 'nav_in_lab' with the following arguments: {'ament_cmake_args': None, 'build_base': '/home/anna/ros2_ws1/build/nav_in_lab', 'catkin_cmake_args': None, 'catkin_skip_building_tests': False, 'cmake_args': None, 'cmake_clean_cache': False, 'cmake_clean_first': False, 'cmake_force_configure': False, 'cmake_target': None, 'cmake_target_skip_unavailable': False, 'install_base': '/home/anna/ros2_ws1/install/nav_in_lab', 'merge_install': False, 'path': '/home/anna/ros2_ws1/src/nav_in_lab', 'symlink_install': False, 'test_result_base': None}
[1.308s] Level 5:colcon.colcon_core.verb:set package 'nav_in_lab1' build argument 'cmake_args' from command line to 'None'
[1.308s] Level 5:colcon.colcon_core.verb:set package 'nav_in_lab1' build argument 'cmake_target' from command line to 'None'
[1.308s] Level 5:colcon.colcon_core.verb:set package 'nav_in_lab1' build argument 'cmake_target_skip_unavailable' from command line to 'False'
[1.308s] Level 5:colcon.colcon_core.verb:set package 'nav_in_lab1' build argument 'cmake_clean_cache' from command line to 'False'
[1.308s] Level 5:colcon.colcon_core.verb:set package 'nav_in_lab1' build argument 'cmake_clean_first' from command line to 'False'
[1.308s] Level 5:colcon.colcon_core.verb:set package 'nav_in_lab1' build argument 'cmake_force_configure' from command line to 'False'
[1.308s] Level 5:colcon.colcon_core.verb:set package 'nav_in_lab1' build argument 'ament_cmake_args' from command line to 'None'
[1.308s] Level 5:colcon.colcon_core.verb:set package 'nav_in_lab1' build argument 'catkin_cmake_args' from command line to 'None'
[1.308s] Level 5:colcon.colcon_core.verb:set package 'nav_in_lab1' build argument 'catkin_skip_building_tests' from command line to 'False'
[1.308s] DEBUG:colcon.colcon_core.verb:Building package 'nav_in_lab1' with the following arguments: {'ament_cmake_args': None, 'build_base': '/home/anna/ros2_ws1/build/nav_in_lab1', 'catkin_cmake_args': None, 'catkin_skip_building_tests': False, 'cmake_args': None, 'cmake_clean_cache': False, 'cmake_clean_first': False, 'cmake_force_configure': False, 'cmake_target': None, 'cmake_target_skip_unavailable': False, 'install_base': '/home/anna/ros2_ws1/install/nav_in_lab1', 'merge_install': False, 'path': '/home/anna/ros2_ws1/src/nav_in_lab1', 'symlink_install': False, 'test_result_base': None}
[1.322s] Level 5:colcon.colcon_core.verb:set package 'raspberry_pkg' build argument 'cmake_args' from command line to 'None'
[1.322s] Level 5:colcon.colcon_core.verb:set package 'raspberry_pkg' build argument 'cmake_target' from command line to 'None'
[1.322s] Level 5:colcon.colcon_core.verb:set package 'raspberry_pkg' build argument 'cmake_target_skip_unavailable' from command line to 'False'
[1.322s] Level 5:colcon.colcon_core.verb:set package 'raspberry_pkg' build argument 'cmake_clean_cache' from command line to 'False'
[1.322s] Level 5:colcon.colcon_core.verb:set package 'raspberry_pkg' build argument 'cmake_clean_first' from command line to 'False'
[1.322s] Level 5:colcon.colcon_core.verb:set package 'raspberry_pkg' build argument 'cmake_force_configure' from command line to 'False'
[1.322s] Level 5:colcon.colcon_core.verb:set package 'raspberry_pkg' build argument 'ament_cmake_args' from command line to 'None'
[1.322s] Level 5:colcon.colcon_core.verb:set package 'raspberry_pkg' build argument 'catkin_cmake_args' from command line to 'None'
[1.322s] Level 5:colcon.colcon_core.verb:set package 'raspberry_pkg' build argument 'catkin_skip_building_tests' from command line to 'False'
[1.323s] DEBUG:colcon.colcon_core.verb:Building package 'raspberry_pkg' with the following arguments: {'ament_cmake_args': None, 'build_base': '/home/anna/ros2_ws1/build/raspberry_pkg', 'catkin_cmake_args': None, 'catkin_skip_building_tests': False, 'cmake_args': None, 'cmake_clean_cache': False, 'cmake_clean_first': False, 'cmake_force_configure': False, 'cmake_target': None, 'cmake_target_skip_unavailable': False, 'install_base': '/home/anna/ros2_ws1/install/raspberry_pkg', 'merge_install': False, 'path': '/home/anna/ros2_ws1/src/raspberry_pkg', 'symlink_install': False, 'test_result_base': None}
[1.337s] INFO:colcon.colcon_core.executor:Executing jobs using 'parallel' executor
[1.352s] DEBUG:colcon.colcon_parallel_executor.executor.parallel:run_until_complete
[1.352s] INFO:colcon.colcon_ros.task.ament_python.build:Building ROS package in '/home/anna/ros2_ws1/src/nav_in_lab' with build type 'ament_python'
[1.352s] Level 1:colcon.colcon_core.shell:create_environment_hook('nav_in_lab', 'ament_prefix_path')
[1.370s] INFO:colcon.colcon_core.plugin_system:Skipping extension 'colcon_core.shell.bat': Not used on non-Windows systems
[1.370s] INFO:colcon.colcon_core.shell:Creating environment hook '/home/anna/ros2_ws1/install/nav_in_lab/share/nav_in_lab/hook/ament_prefix_path.ps1'
[1.370s] INFO:colcon.colcon_core.shell:Creating environment descriptor '/home/anna/ros2_ws1/install/nav_in_lab/share/nav_in_lab/hook/ament_prefix_path.dsv'
[1.371s] INFO:colcon.colcon_core.shell:Creating environment hook '/home/anna/ros2_ws1/install/nav_in_lab/share/nav_in_lab/hook/ament_prefix_path.sh'
[1.388s] INFO:colcon.colcon_core.shell:Skip shell extension 'powershell' for command environment: Not usable outside of PowerShell
[1.389s] DEBUG:colcon.colcon_core.shell:Skip shell extension 'dsv' for command environment
[1.450s] INFO:colcon.colcon_ros.task.ament_python.build:Building ROS package in '/home/anna/ros2_ws1/src/nav_in_lab1' with build type 'ament_python'
[1.450s] Level 1:colcon.colcon_core.shell:create_environment_hook('nav_in_lab1', 'ament_prefix_path')
[1.467s] INFO:colcon.colcon_core.shell:Creating environment hook '/home/anna/ros2_ws1/install/nav_in_lab1/share/nav_in_lab1/hook/ament_prefix_path.ps1'
[1.467s] INFO:colcon.colcon_core.shell:Creating environment descriptor '/home/anna/ros2_ws1/install/nav_in_lab1/share/nav_in_lab1/hook/ament_prefix_path.dsv'
[1.468s] INFO:colcon.colcon_core.shell:Creating environment hook '/home/anna/ros2_ws1/install/nav_in_lab1/share/nav_in_lab1/hook/ament_prefix_path.sh'
[1.483s] INFO:colcon.colcon_core.shell:Skip shell extension 'powershell' for command environment: Not usable outside of PowerShell
[1.483s] DEBUG:colcon.colcon_core.shell:Skip shell extension 'dsv' for command environment
[1.543s] INFO:colcon.colcon_ros.task.ament_python.build:Building ROS package in '/home/anna/ros2_ws1/src/raspberry_pkg' with build type 'ament_python'
[1.543s] Level 1:colcon.colcon_core.shell:create_environment_hook('raspberry_pkg', 'ament_prefix_path')
[1.558s] INFO:colcon.colcon_core.shell:Creating environment hook '/home/anna/ros2_ws1/install/raspberry_pkg/share/raspberry_pkg/hook/ament_prefix_path.ps1'
[1.559s] INFO:colcon.colcon_core.shell:Creating environment descriptor '/home/anna/ros2_ws1/install/raspberry_pkg/share/raspberry_pkg/hook/ament_prefix_path.dsv'
[1.559s] INFO:colcon.colcon_core.shell:Creating environment hook '/home/anna/ros2_ws1/install/raspberry_pkg/share/raspberry_pkg/hook/ament_prefix_path.sh'
[1.574s] INFO:colcon.colcon_core.shell:Skip shell extension 'powershell' for command environment: Not usable outside of PowerShell
[1.574s] DEBUG:colcon.colcon_core.shell:Skip shell extension 'dsv' for command environment
[1.889s] INFO:colcon.colcon_core.task.python.build:Building Python package in '/home/anna/ros2_ws1/src/nav_in_lab'
[1.904s] INFO:colcon.colcon_core.shell:Skip shell extension 'powershell' for command environment: Not usable outside of PowerShell
[1.904s] DEBUG:colcon.colcon_core.shell:Skip shell extension 'dsv' for command environment
[2.228s] INFO:colcon.colcon_core.task.python.build:Building Python package in '/home/anna/ros2_ws1/src/nav_in_lab1'
[2.242s] INFO:colcon.colcon_core.shell:Skip shell extension 'powershell' for command environment: Not usable outside of PowerShell
[2.242s] DEBUG:colcon.colcon_core.shell:Skip shell extension 'dsv' for command environment
[2.558s] INFO:colcon.colcon_core.task.python.build:Building Python package in '/home/anna/ros2_ws1/src/raspberry_pkg'
[2.577s] INFO:colcon.colcon_core.shell:Skip shell extension 'powershell' for command environment: Not usable outside of PowerShell
[2.578s] DEBUG:colcon.colcon_core.shell:Skip shell extension 'dsv' for command environment
[3.077s] DEBUG:colcon.colcon_core.event_handler.log_command:Invoking command in '/home/anna/ros2_ws1/src/nav_in_lab1': PYTHONPATH=/home/anna/ros2_ws1/build/nav_in_lab1/prefix_override:/home/anna/ros2_ws1/install/nav_in_lab1/lib/python3.10/site-packages:${PYTHONPATH} /usr/bin/python3 setup.py egg_info --egg-base ../../build/nav_in_lab1 build --build-base /home/anna/ros2_ws1/build/nav_in_lab1/build install --record /home/anna/ros2_ws1/build/nav_in_lab1/install.log --single-version-externally-managed
[3.078s] DEBUG:colcon.colcon_core.event_handler.log_command:Invoking command in '/home/anna/ros2_ws1/src/nav_in_lab': PYTHONPATH=/home/anna/ros2_ws1/build/nav_in_lab/prefix_override:/home/anna/ros2_ws1/install/nav_in_lab/lib/python3.10/site-packages:${PYTHONPATH} /usr/bin/python3 setup.py egg_info --egg-base ../../build/nav_in_lab build --build-base /home/anna/ros2_ws1/build/nav_in_lab/build install --record /home/anna/ros2_ws1/build/nav_in_lab/install.log --single-version-externally-managed
[3.079s] DEBUG:colcon.colcon_core.event_handler.log_command:Invoking command in '/home/anna/ros2_ws1/src/raspberry_pkg': PYTHONPATH=/home/anna/ros2_ws1/build/raspberry_pkg/prefix_override:/home/anna/ros2_ws1/install/raspberry_pkg/lib/python3.10/site-packages:${PYTHONPATH} /usr/bin/python3 setup.py egg_info --egg-base ../../build/raspberry_pkg build --build-base /home/anna/ros2_ws1/build/raspberry_pkg/build install --record /home/anna/ros2_ws1/build/raspberry_pkg/install.log --single-version-externally-managed
[3.431s] DEBUG:colcon.colcon_core.event_handler.log_command:Invoked command in '/home/anna/ros2_ws1/src/nav_in_lab' returned '0': PYTHONPATH=/home/anna/ros2_ws1/build/nav_in_lab/prefix_override:/home/anna/ros2_ws1/install/nav_in_lab/lib/python3.10/site-packages:${PYTHONPATH} /usr/bin/python3 setup.py egg_info --egg-base ../../build/nav_in_lab build --build-base /home/anna/ros2_ws1/build/nav_in_lab/build install --record /home/anna/ros2_ws1/build/nav_in_lab/install.log --single-version-externally-managed
[3.447s] Level 1:colcon.colcon_core.environment:checking '/home/anna/ros2_ws1/install/nav_in_lab' for CMake module files
[3.448s] Level 1:colcon.colcon_core.environment:checking '/home/anna/ros2_ws1/install/nav_in_lab' for CMake config files
[3.448s] Level 1:colcon.colcon_core.environment:checking '/home/anna/ros2_ws1/install/nav_in_lab/lib'
[3.448s] Level 1:colcon.colcon_core.environment:checking '/home/anna/ros2_ws1/install/nav_in_lab/bin'
[3.449s] Level 1:colcon.colcon_core.environment:checking '/home/anna/ros2_ws1/install/nav_in_lab/lib/pkgconfig/nav_in_lab.pc'
[3.449s] Level 1:colcon.colcon_core.environment:checking '/home/anna/ros2_ws1/install/nav_in_lab/lib/python3.10/site-packages'
[3.449s] Level 1:colcon.colcon_core.shell:create_environment_hook('nav_in_lab', 'pythonpath')
[3.464s] INFO:colcon.colcon_core.shell:Creating environment hook '/home/anna/ros2_ws1/install/nav_in_lab/share/nav_in_lab/hook/pythonpath.ps1'
[3.464s] INFO:colcon.colcon_core.shell:Creating environment descriptor '/home/anna/ros2_ws1/install/nav_in_lab/share/nav_in_lab/hook/pythonpath.dsv'
[3.464s] INFO:colcon.colcon_core.shell:Creating environment hook '/home/anna/ros2_ws1/install/nav_in_lab/share/nav_in_lab/hook/pythonpath.sh'
[3.465s] Level 1:colcon.colcon_core.environment:checking '/home/anna/ros2_ws1/install/nav_in_lab/bin'
[3.465s] Level 1:colcon.colcon_core.environment:create_environment_scripts_only(nav_in_lab)
[3.480s] INFO:colcon.colcon_core.shell:Creating package script '/home/anna/ros2_ws1/install/nav_in_lab/share/nav_in_lab/package.ps1'
[3.481s] INFO:colcon.colcon_core.shell:Creating package descriptor '/home/anna/ros2_ws1/install/nav_in_lab/share/nav_in_lab/package.dsv'
[3.481s] INFO:colcon.colcon_core.shell:Creating package script '/home/anna/ros2_ws1/install/nav_in_lab/share/nav_in_lab/package.sh'
[3.482s] INFO:colcon.colcon_core.shell:Creating package script '/home/anna/ros2_ws1/install/nav_in_lab/share/nav_in_lab/package.bash'
[3.483s] INFO:colcon.colcon_core.shell:Creating package script '/home/anna/ros2_ws1/install/nav_in_lab/share/nav_in_lab/package.zsh'
[3.483s] Level 1:colcon.colcon_core.environment:create_file_with_runtime_dependencies(/home/anna/ros2_ws1/install/nav_in_lab/share/colcon-core/packages/nav_in_lab)
[3.487s] DEBUG:colcon.colcon_core.event_handler.log_command:Invoked command in '/home/anna/ros2_ws1/src/nav_in_lab1' returned '0': PYTHONPATH=/home/anna/ros2_ws1/build/nav_in_lab1/prefix_override:/home/anna/ros2_ws1/install/nav_in_lab1/lib/python3.10/site-packages:${PYTHONPATH} /usr/bin/python3 setup.py egg_info --egg-base ../../build/nav_in_lab1 build --build-base /home/anna/ros2_ws1/build/nav_in_lab1/build install --record /home/anna/ros2_ws1/build/nav_in_lab1/install.log --single-version-externally-managed
[3.502s] Level 1:colcon.colcon_core.environment:checking '/home/anna/ros2_ws1/install/nav_in_lab1' for CMake module files
[3.502s] Level 1:colcon.colcon_core.environment:checking '/home/anna/ros2_ws1/install/nav_in_lab1' for CMake config files
[3.502s] Level 1:colcon.colcon_core.environment:checking '/home/anna/ros2_ws1/install/nav_in_lab1/lib'
[3.502s] Level 1:colcon.colcon_core.environment:checking '/home/anna/ros2_ws1/install/nav_in_lab1/bin'
[3.502s] Level 1:colcon.colcon_core.environment:checking '/home/anna/ros2_ws1/install/nav_in_lab1/lib/pkgconfig/nav_in_lab1.pc'
[3.503s] Level 1:colcon.colcon_core.environment:checking '/home/anna/ros2_ws1/install/nav_in_lab1/lib/python3.10/site-packages'
[3.503s] Level 1:colcon.colcon_core.shell:create_environment_hook('nav_in_lab1', 'pythonpath')
[3.517s] INFO:colcon.colcon_core.shell:Creating environment hook '/home/anna/ros2_ws1/install/nav_in_lab1/share/nav_in_lab1/hook/pythonpath.ps1'
[3.517s] INFO:colcon.colcon_core.shell:Creating environment descriptor '/home/anna/ros2_ws1/install/nav_in_lab1/share/nav_in_lab1/hook/pythonpath.dsv'
[3.518s] INFO:colcon.colcon_core.shell:Creating environment hook '/home/anna/ros2_ws1/install/nav_in_lab1/share/nav_in_lab1/hook/pythonpath.sh'
[3.518s] Level 1:colcon.colcon_core.environment:checking '/home/anna/ros2_ws1/install/nav_in_lab1/bin'
[3.518s] Level 1:colcon.colcon_core.environment:create_environment_scripts_only(nav_in_lab1)
[3.533s] INFO:colcon.colcon_core.shell:Creating package script '/home/anna/ros2_ws1/install/nav_in_lab1/share/nav_in_lab1/package.ps1'
[3.533s] INFO:colcon.colcon_core.shell:Creating package descriptor '/home/anna/ros2_ws1/install/nav_in_lab1/share/nav_in_lab1/package.dsv'
[3.533s] INFO:colcon.colcon_core.shell:Creating package script '/home/anna/ros2_ws1/install/nav_in_lab1/share/nav_in_lab1/package.sh'
[3.534s] INFO:colcon.colcon_core.shell:Creating package script '/home/anna/ros2_ws1/install/nav_in_lab1/share/nav_in_lab1/package.bash'
[3.534s] INFO:colcon.colcon_core.shell:Creating package script '/home/anna/ros2_ws1/install/nav_in_lab1/share/nav_in_lab1/package.zsh'
[3.534s] Level 1:colcon.colcon_core.environment:create_file_with_runtime_dependencies(/home/anna/ros2_ws1/install/nav_in_lab1/share/colcon-core/packages/nav_in_lab1)
[3.536s] DEBUG:colcon.colcon_core.event_handler.log_command:Invoked command in '/home/anna/ros2_ws1/src/raspberry_pkg' returned '0': PYTHONPATH=/home/anna/ros2_ws1/build/raspberry_pkg/prefix_override:/home/anna/ros2_ws1/install/raspberry_pkg/lib/python3.10/site-packages:${PYTHONPATH} /usr/bin/python3 setup.py egg_info --egg-base ../../build/raspberry_pkg build --build-base /home/anna/ros2_ws1/build/raspberry_pkg/build install --record /home/anna/ros2_ws1/build/raspberry_pkg/install.log --single-version-externally-managed
[3.565s] Level 1:colcon.colcon_core.environment:checking '/home/anna/ros2_ws1/install/raspberry_pkg' for CMake module files
[3.566s] Level 1:colcon.colcon_core.environment:checking '/home/anna/ros2_ws1/install/raspberry_pkg' for CMake config files
[3.566s] Level 1:colcon.colcon_core.environment:checking '/home/anna/ros2_ws1/install/raspberry_pkg/lib'
[3.566s] Level 1:colcon.colcon_core.environment:checking '/home/anna/ros2_ws1/install/raspberry_pkg/bin'
[3.566s] Level 1:colcon.colcon_core.environment:checking '/home/anna/ros2_ws1/install/raspberry_pkg/lib/pkgconfig/raspberry_pkg.pc'
[3.566s] Level 1:colcon.colcon_core.environment:checking '/home/anna/ros2_ws1/install/raspberry_pkg/lib/python3.10/site-packages'
[3.566s] Level 1:colcon.colcon_core.shell:create_environment_hook('raspberry_pkg', 'pythonpath')
[3.580s] INFO:colcon.colcon_core.shell:Creating environment hook '/home/anna/ros2_ws1/install/raspberry_pkg/share/raspberry_pkg/hook/pythonpath.ps1'
[3.581s] INFO:colcon.colcon_core.shell:Creating environment descriptor '/home/anna/ros2_ws1/install/raspberry_pkg/share/raspberry_pkg/hook/pythonpath.dsv'
[3.581s] INFO:colcon.colcon_core.shell:Creating environment hook '/home/anna/ros2_ws1/install/raspberry_pkg/share/raspberry_pkg/hook/pythonpath.sh'
[3.581s] Level 1:colcon.colcon_core.environment:checking '/home/anna/ros2_ws1/install/raspberry_pkg/bin'
[3.581s] Level 1:colcon.colcon_core.environment:create_environment_scripts_only(raspberry_pkg)
[3.595s] INFO:colcon.colcon_core.shell:Creating package script '/home/anna/ros2_ws1/install/raspberry_pkg/share/raspberry_pkg/package.ps1'
[3.595s] INFO:colcon.colcon_core.shell:Creating package descriptor '/home/anna/ros2_ws1/install/raspberry_pkg/share/raspberry_pkg/package.dsv'
[3.596s] INFO:colcon.colcon_core.shell:Creating package script '/home/anna/ros2_ws1/install/raspberry_pkg/share/raspberry_pkg/package.sh'
[3.596s] INFO:colcon.colcon_core.shell:Creating package script '/home/anna/ros2_ws1/install/raspberry_pkg/share/raspberry_pkg/package.bash'
[3.596s] INFO:colcon.colcon_core.shell:Creating package script '/home/anna/ros2_ws1/install/raspberry_pkg/share/raspberry_pkg/package.zsh'
[3.596s] Level 1:colcon.colcon_core.environment:create_file_with_runtime_dependencies(/home/anna/ros2_ws1/install/raspberry_pkg/share/colcon-core/packages/raspberry_pkg)
[3.597s] DEBUG:colcon.colcon_parallel_executor.executor.parallel:closing loop
[3.597s] DEBUG:colcon.colcon_parallel_executor.executor.parallel:loop closed
[3.597s] DEBUG:colcon.colcon_parallel_executor.executor.parallel:run_until_complete finished with '0'
[3.597s] DEBUG:colcon.colcon_core.event_reactor:joining thread
[3.643s] INFO:colcon.colcon_core.plugin_system:Skipping extension 'colcon_notification.desktop_notification.terminal_notifier': Not used on non-Darwin systems
[3.643s] INFO:colcon.colcon_core.plugin_system:Skipping extension 'colcon_notification.desktop_notification.win32': Not used on non-Windows systems
[3.643s] INFO:colcon.colcon_notification.desktop_notification:Sending desktop notification using 'notify2'
[3.659s] DEBUG:colcon.colcon_core.event_reactor:joined thread
[3.674s] INFO:colcon.colcon_core.shell:Creating prefix script '/home/anna/ros2_ws1/install/local_setup.ps1'
[3.675s] INFO:colcon.colcon_core.shell:Creating prefix util module '/home/anna/ros2_ws1/install/_local_setup_util_ps1.py'
[3.676s] INFO:colcon.colcon_core.shell:Creating prefix chain script '/home/anna/ros2_ws1/install/setup.ps1'
[3.690s] INFO:colcon.colcon_core.shell:Creating prefix script '/home/anna/ros2_ws1/install/local_setup.sh'
[3.691s] INFO:colcon.colcon_core.shell:Creating prefix util module '/home/anna/ros2_ws1/install/_local_setup_util_sh.py'
[3.691s] INFO:colcon.colcon_core.shell:Creating prefix chain script '/home/anna/ros2_ws1/install/setup.sh'
[3.706s] INFO:colcon.colcon_core.shell:Creating prefix script '/home/anna/ros2_ws1/install/local_setup.bash'
[3.706s] INFO:colcon.colcon_core.shell:Creating prefix chain script '/home/anna/ros2_ws1/install/setup.bash'
[3.720s] INFO:colcon.colcon_core.shell:Creating prefix script '/home/anna/ros2_ws1/install/local_setup.zsh'
[3.721s] INFO:colcon.colcon_core.shell:Creating prefix chain script '/home/anna/ros2_ws1/install/setup.zsh'
