[0.834s] Invoking command in '/home/anna/ros2_ws1/build/sllidar_ros2': CMAKE_PREFIX_PATH=${CMAKE_PREFIX_PATH}:/home/anna/ros2_ws1/install/raspberry_pkg:/home/anna/ros2_ws1/install/nav_in_lab1:/home/anna/ros2_ws1/install/nav_in_lab:/home/anna/ros2_ws1/install/lvr_project:/home/anna/ros2_ws1/install/Raspberry:/opt/ros/humble /usr/bin/cmake --build /home/anna/ros2_ws1/build/sllidar_ros2 -- -j16 -l16
[0.878s] [35m[1mConsolidate compiler generated dependencies of target sllidar_client[0m
[0.881s] [35m[1mConsolidate compiler generated dependencies of target sllidar_node[0m
[0.896s] [ 10%] Built target sllidar_client
[0.909s] [100%] Built target sllidar_node
[0.924s] Invoked command in '/home/anna/ros2_ws1/build/sllidar_ros2' returned '0': CMAKE_PREFIX_PATH=${CMAKE_PREFIX_PATH}:/home/anna/ros2_ws1/install/raspberry_pkg:/home/anna/ros2_ws1/install/nav_in_lab1:/home/anna/ros2_ws1/install/nav_in_lab:/home/anna/ros2_ws1/install/lvr_project:/home/anna/ros2_ws1/install/Raspberry:/opt/ros/humble /usr/bin/cmake --build /home/anna/ros2_ws1/build/sllidar_ros2 -- -j16 -l16
[1.009s] Invoking command in '/home/anna/ros2_ws1/build/sllidar_ros2': CMAKE_PREFIX_PATH=${CMAKE_PREFIX_PATH}:/home/anna/ros2_ws1/install/raspberry_pkg:/home/anna/ros2_ws1/install/nav_in_lab1:/home/anna/ros2_ws1/install/nav_in_lab:/home/anna/ros2_ws1/install/lvr_project:/home/anna/ros2_ws1/install/Raspberry:/opt/ros/humble /usr/bin/cmake --install /home/anna/ros2_ws1/build/sllidar_ros2
[1.016s] -- Install configuration: ""
[1.017s] -- Execute custom install script
[1.017s] -- Up-to-date symlink: /home/anna/ros2_ws1/install/sllidar_ros2/share/sllidar_ros2/launch/sllidar_a1_launch.py
[1.017s] -- Up-to-date symlink: /home/anna/ros2_ws1/install/sllidar_ros2/share/sllidar_ros2/launch/sllidar_a2m12_launch .py
[1.018s] -- Up-to-date symlink: /home/anna/ros2_ws1/install/sllidar_ros2/share/sllidar_ros2/launch/sllidar_a2m7_launch.py
[1.018s] -- Up-to-date symlink: /home/anna/ros2_ws1/install/sllidar_ros2/share/sllidar_ros2/launch/sllidar_a2m8_launch.py
[1.018s] -- Up-to-date symlink: /home/anna/ros2_ws1/install/sllidar_ros2/share/sllidar_ros2/launch/sllidar_a3_launch.py
[1.018s] -- Up-to-date symlink: /home/anna/ros2_ws1/install/sllidar_ros2/share/sllidar_ros2/launch/sllidar_c1_launch.py
[1.018s] -- Up-to-date symlink: /home/anna/ros2_ws1/install/sllidar_ros2/share/sllidar_ros2/launch/sllidar_s1_launch.py
[1.018s] -- Up-to-date symlink: /home/anna/ros2_ws1/install/sllidar_ros2/share/sllidar_ros2/launch/sllidar_s1_tcp_launch.py
[1.018s] -- Up-to-date symlink: /home/anna/ros2_ws1/install/sllidar_ros2/share/sllidar_ros2/launch/sllidar_s2_launch.py
[1.018s] -- Up-to-date symlink: /home/anna/ros2_ws1/install/sllidar_ros2/share/sllidar_ros2/launch/sllidar_s2e_launch.py
[1.018s] -- Up-to-date symlink: /home/anna/ros2_ws1/install/sllidar_ros2/share/sllidar_ros2/launch/sllidar_s3_launch.py
[1.018s] -- Up-to-date symlink: /home/anna/ros2_ws1/install/sllidar_ros2/share/sllidar_ros2/launch/sllidar_t1_launch.py
[1.019s] -- Up-to-date symlink: /home/anna/ros2_ws1/install/sllidar_ros2/share/sllidar_ros2/launch/view_sllidar_a1_launch.py
[1.019s] -- Up-to-date symlink: /home/anna/ros2_ws1/install/sllidar_ros2/share/sllidar_ros2/launch/view_sllidar_a2m12_launch.py
[1.019s] -- Up-to-date symlink: /home/anna/ros2_ws1/install/sllidar_ros2/share/sllidar_ros2/launch/view_sllidar_a2m7_launch.py
[1.019s] -- Up-to-date symlink: /home/anna/ros2_ws1/install/sllidar_ros2/share/sllidar_ros2/launch/view_sllidar_a2m8_launch.py
[1.019s] -- Up-to-date symlink: /home/anna/ros2_ws1/install/sllidar_ros2/share/sllidar_ros2/launch/view_sllidar_a3_launch.py
[1.019s] -- Up-to-date symlink: /home/anna/ros2_ws1/install/sllidar_ros2/share/sllidar_ros2/launch/view_sllidar_c1_launch.py
[1.019s] -- Up-to-date symlink: /home/anna/ros2_ws1/install/sllidar_ros2/share/sllidar_ros2/launch/view_sllidar_s1_launch.py
[1.019s] -- Up-to-date symlink: /home/anna/ros2_ws1/install/sllidar_ros2/share/sllidar_ros2/launch/view_sllidar_s1_tcp_launch.py
[1.019s] -- Up-to-date symlink: /home/anna/ros2_ws1/install/sllidar_ros2/share/sllidar_ros2/launch/view_sllidar_s2_launch.py
[1.020s] -- Up-to-date symlink: /home/anna/ros2_ws1/install/sllidar_ros2/share/sllidar_ros2/launch/view_sllidar_s2e_launch.py
[1.020s] -- Up-to-date symlink: /home/anna/ros2_ws1/install/sllidar_ros2/share/sllidar_ros2/launch/view_sllidar_s3_launch.py
[1.020s] -- Up-to-date symlink: /home/anna/ros2_ws1/install/sllidar_ros2/share/sllidar_ros2/launch/view_sllidar_t1_launch.py
[1.020s] -- Up-to-date symlink: /home/anna/ros2_ws1/install/sllidar_ros2/share/sllidar_ros2/rviz/sllidar_ros2.rviz
[1.020s] -- Up-to-date symlink: /home/anna/ros2_ws1/install/sllidar_ros2/lib/sllidar_ros2/sllidar_node
[1.020s] -- Up-to-date symlink: /home/anna/ros2_ws1/install/sllidar_ros2/lib/sllidar_ros2/sllidar_client
[1.020s] -- Up-to-date symlink: /home/anna/ros2_ws1/install/sllidar_ros2/share/ament_index/resource_index/package_run_dependencies/sllidar_ros2
[1.020s] -- Up-to-date symlink: /home/anna/ros2_ws1/install/sllidar_ros2/share/ament_index/resource_index/parent_prefix_path/sllidar_ros2
[1.020s] -- Up-to-date symlink: /home/anna/ros2_ws1/install/sllidar_ros2/share/sllidar_ros2/environment/ament_prefix_path.sh
[1.020s] -- Up-to-date symlink: /home/anna/ros2_ws1/install/sllidar_ros2/share/sllidar_ros2/environment/ament_prefix_path.dsv
[1.021s] -- Up-to-date symlink: /home/anna/ros2_ws1/install/sllidar_ros2/share/sllidar_ros2/environment/path.sh
[1.021s] -- Up-to-date symlink: /home/anna/ros2_ws1/install/sllidar_ros2/share/sllidar_ros2/environment/path.dsv
[1.021s] -- Up-to-date symlink: /home/anna/ros2_ws1/install/sllidar_ros2/share/sllidar_ros2/local_setup.bash
[1.021s] -- Up-to-date symlink: /home/anna/ros2_ws1/install/sllidar_ros2/share/sllidar_ros2/local_setup.sh
[1.021s] -- Up-to-date symlink: /home/anna/ros2_ws1/install/sllidar_ros2/share/sllidar_ros2/local_setup.zsh
[1.021s] -- Up-to-date symlink: /home/anna/ros2_ws1/install/sllidar_ros2/share/sllidar_ros2/local_setup.dsv
[1.021s] -- Symlinking: /home/anna/ros2_ws1/install/sllidar_ros2/share/sllidar_ros2/package.dsv
[1.031s] -- Up-to-date symlink: /home/anna/ros2_ws1/install/sllidar_ros2/share/ament_index/resource_index/packages/sllidar_ros2
[1.032s] -- Up-to-date symlink: /home/anna/ros2_ws1/install/sllidar_ros2/share/sllidar_ros2/cmake/ament_cmake_export_dependencies-extras.cmake
[1.032s] -- Up-to-date symlink: /home/anna/ros2_ws1/install/sllidar_ros2/share/sllidar_ros2/cmake/ament_cmake_export_include_directories-extras.cmake
[1.032s] -- Up-to-date symlink: /home/anna/ros2_ws1/install/sllidar_ros2/share/sllidar_ros2/cmake/sllidar_ros2Config.cmake
[1.032s] -- Up-to-date symlink: /home/anna/ros2_ws1/install/sllidar_ros2/share/sllidar_ros2/cmake/sllidar_ros2Config-version.cmake
[1.032s] -- Up-to-date symlink: /home/anna/ros2_ws1/install/sllidar_ros2/share/sllidar_ros2/package.xml
[1.035s] Invoked command in '/home/anna/ros2_ws1/build/sllidar_ros2' returned '0': CMAKE_PREFIX_PATH=${CMAKE_PREFIX_PATH}:/home/anna/ros2_ws1/install/raspberry_pkg:/home/anna/ros2_ws1/install/nav_in_lab1:/home/anna/ros2_ws1/install/nav_in_lab:/home/anna/ros2_ws1/install/lvr_project:/home/anna/ros2_ws1/install/Raspberry:/opt/ros/humble /usr/bin/cmake --install /home/anna/ros2_ws1/build/sllidar_ros2
