[1.900s] Invoking command in '/home/anna/ros2_ws1/build/kalman_publish': PYTHONPATH=/home/anna/ros2_ws1/build/kalman_publish/prefix_override:/usr/lib/python3/dist-packages/colcon_core/task/python/colcon_distutils_commands:/home/anna/ros2_ws1/install/kalman_publish/lib/python3.10/site-packages:${PYTHONPATH} /usr/bin/python3 -W ignore:setup.py install is deprecated setup.py develop --editable --build-directory /home/anna/ros2_ws1/build/kalman_publish/build --no-deps symlink_data
[2.058s] /home/anna/.local/lib/python3.10/site-packages/setuptools/_distutils/dist.py:261: UserWarning: Unknown distribution option: 'tests_require'
[2.058s]   warnings.warn(msg)
[2.260s] running develop
[2.260s] /home/anna/.local/lib/python3.10/site-packages/setuptools/command/develop.py:41: EasyInstallDeprecationWarning: easy_install command is deprecated.
[2.261s] !!
[2.261s] 
[2.261s]         ********************************************************************************
[2.261s]         Please avoid running ``setup.py`` and ``easy_install``.
[2.261s]         Instead, use pypa/build, pypa/installer or other
[2.261s]         standards-based tools.
[2.261s] 
[2.261s]         See https://github.com/pypa/setuptools/issues/917 for details.
[2.261s]         ********************************************************************************
[2.261s] 
[2.261s] !!
[2.261s]   easy_install.initialize_options(self)
[2.538s] running egg_info
[2.558s] writing kalman_publish.egg-info/PKG-INFO
[2.558s] writing dependency_links to kalman_publish.egg-info/dependency_links.txt
[2.559s] writing entry points to kalman_publish.egg-info/entry_points.txt
[2.559s] writing requirements to kalman_publish.egg-info/requires.txt
[2.559s] writing top-level names to kalman_publish.egg-info/top_level.txt
[2.600s] reading manifest file 'kalman_publish.egg-info/SOURCES.txt'
[2.601s] writing manifest file 'kalman_publish.egg-info/SOURCES.txt'
[2.657s] running build_ext
[2.657s] Creating /home/anna/ros2_ws1/install/kalman_publish/lib/python3.10/site-packages/kalman-publish.egg-link (link to .)
[2.658s] Installing publish script to /home/anna/ros2_ws1/install/kalman_publish/lib/kalman_publish
[2.659s] 
[2.659s] Installed /home/anna/ros2_ws1/build/kalman_publish
[2.659s] running symlink_data
[2.660s] creating /home/anna/ros2_ws1/install/kalman_publish/share/kalman_publish/launch
[2.660s] symbolically linking /home/anna/ros2_ws1/build/kalman_publish/launch/ekf.launch.py -> /home/anna/ros2_ws1/install/kalman_publish/share/kalman_publish/launch
[2.660s] creating /home/anna/ros2_ws1/install/kalman_publish/share/kalman_publish/config
[2.660s] symbolically linking /home/anna/ros2_ws1/build/kalman_publish/config/ekf.yaml -> /home/anna/ros2_ws1/install/kalman_publish/share/kalman_publish/config
[2.736s] Invoked command in '/home/anna/ros2_ws1/build/kalman_publish' returned '0': PYTHONPATH=/home/anna/ros2_ws1/build/kalman_publish/prefix_override:/usr/lib/python3/dist-packages/colcon_core/task/python/colcon_distutils_commands:/home/anna/ros2_ws1/install/kalman_publish/lib/python3.10/site-packages:${PYTHONPATH} /usr/bin/python3 -W ignore:setup.py install is deprecated setup.py develop --editable --build-directory /home/anna/ros2_ws1/build/kalman_publish/build --no-deps symlink_data
