[1.900s] Invoking command in '/home/anna/ros2_ws1/build/nav_in_lab': PYTHONPATH=/home/anna/ros2_ws1/build/nav_in_lab/prefix_override:/usr/lib/python3/dist-packages/colcon_core/task/python/colcon_distutils_commands:/home/anna/ros2_ws1/install/nav_in_lab/lib/python3.10/site-packages:${PYTHONPATH} /usr/bin/python3 -W ignore:setup.py install is deprecated setup.py develop --editable --build-directory /home/anna/ros2_ws1/build/nav_in_lab/build --no-deps symlink_data
[2.049s] /home/anna/.local/lib/python3.10/site-packages/setuptools/_distutils/dist.py:261: UserWarning: Unknown distribution option: 'tests_require'
[2.049s]   warnings.warn(msg)
[2.249s] running develop
[2.250s] /home/anna/.local/lib/python3.10/site-packages/setuptools/command/develop.py:41: EasyInstallDeprecationWarning: easy_install command is deprecated.
[2.250s] !!
[2.250s] 
[2.250s]         ********************************************************************************
[2.250s]         Please avoid running ``setup.py`` and ``easy_install``.
[2.250s]         Instead, use pypa/build, pypa/installer or other
[2.250s]         standards-based tools.
[2.250s] 
[2.250s]         See https://github.com/pypa/setuptools/issues/917 for details.
[2.250s]         ********************************************************************************
[2.250s] 
[2.251s] !!
[2.251s]   easy_install.initialize_options(self)
[2.522s] running egg_info
[2.542s] writing nav_in_lab.egg-info/PKG-INFO
[2.543s] writing dependency_links to nav_in_lab.egg-info/dependency_links.txt
[2.543s] writing entry points to nav_in_lab.egg-info/entry_points.txt
[2.543s] writing requirements to nav_in_lab.egg-info/requires.txt
[2.544s] writing top-level names to nav_in_lab.egg-info/top_level.txt
[2.585s] reading manifest file 'nav_in_lab.egg-info/SOURCES.txt'
[2.586s] writing manifest file 'nav_in_lab.egg-info/SOURCES.txt'
[2.641s] running build_ext
[2.641s] Creating /home/anna/ros2_ws1/install/nav_in_lab/lib/python3.10/site-packages/nav-in-lab.egg-link (link to .)
[2.642s] Installing go_lab script to /home/anna/ros2_ws1/install/nav_in_lab/lib/nav_in_lab
[2.642s] Installing go_lab_serv script to /home/anna/ros2_ws1/install/nav_in_lab/lib/nav_in_lab
[2.642s] 
[2.643s] Installed /home/anna/ros2_ws1/build/nav_in_lab
[2.643s] running symlink_data
[2.734s] Invoked command in '/home/anna/ros2_ws1/build/nav_in_lab' returned '0': PYTHONPATH=/home/anna/ros2_ws1/build/nav_in_lab/prefix_override:/usr/lib/python3/dist-packages/colcon_core/task/python/colcon_distutils_commands:/home/anna/ros2_ws1/install/nav_in_lab/lib/python3.10/site-packages:${PYTHONPATH} /usr/bin/python3 -W ignore:setup.py install is deprecated setup.py develop --editable --build-directory /home/anna/ros2_ws1/build/nav_in_lab/build --no-deps symlink_data
