[1.605s] Invoking command in '/home/anna/ros2_ws1/build/nav_in_lab1': PYTHONPATH=/home/anna/ros2_ws1/build/nav_in_lab1/prefix_override:/usr/lib/python3/dist-packages/colcon_core/task/python/colcon_distutils_commands:/home/anna/ros2_ws1/install/nav_in_lab1/lib/python3.10/site-packages:${PYTHONPATH} /usr/bin/python3 -W ignore:setup.py install is deprecated setup.py develop --editable --build-directory /home/anna/ros2_ws1/build/nav_in_lab1/build --no-deps symlink_data
[1.750s] /home/anna/.local/lib/python3.10/site-packages/setuptools/_distutils/dist.py:261: UserWarning: Unknown distribution option: 'tests_require'
[1.750s]   warnings.warn(msg)
[1.944s] running develop
[1.950s] /home/anna/.local/lib/python3.10/site-packages/setuptools/command/develop.py:41: EasyInstallDeprecationWarning: easy_install command is deprecated.
[1.950s] !!
[1.950s] 
[1.951s]         ********************************************************************************
[1.951s]         Please avoid running ``setup.py`` and ``easy_install``.
[1.951s]         Instead, use pypa/build, pypa/installer or other
[1.951s]         standards-based tools.
[1.951s] 
[1.951s]         See https://github.com/pypa/setuptools/issues/917 for details.
[1.951s]         ********************************************************************************
[1.951s] 
[1.952s] !!
[1.952s]   easy_install.initialize_options(self)
[2.218s] running egg_info
[2.238s] writing nav_in_lab1.egg-info/PKG-INFO
[2.238s] writing dependency_links to nav_in_lab1.egg-info/dependency_links.txt
[2.238s] writing entry points to nav_in_lab1.egg-info/entry_points.txt
[2.239s] writing requirements to nav_in_lab1.egg-info/requires.txt
[2.239s] writing top-level names to nav_in_lab1.egg-info/top_level.txt
[2.278s] reading manifest file 'nav_in_lab1.egg-info/SOURCES.txt'
[2.279s] writing manifest file 'nav_in_lab1.egg-info/SOURCES.txt'
[2.301s] running build_ext
[2.301s] Creating /home/anna/ros2_ws1/install/nav_in_lab1/lib/python3.10/site-packages/nav-in-lab1.egg-link (link to .)
[2.302s] Installing go_lab script to /home/anna/ros2_ws1/install/nav_in_lab1/lib/nav_in_lab1
[2.302s] 
[2.302s] Installed /home/anna/ros2_ws1/build/nav_in_lab1
[2.302s] running symlink_data
[2.390s] Invoked command in '/home/anna/ros2_ws1/build/nav_in_lab1' returned '0': PYTHONPATH=/home/anna/ros2_ws1/build/nav_in_lab1/prefix_override:/usr/lib/python3/dist-packages/colcon_core/task/python/colcon_distutils_commands:/home/anna/ros2_ws1/install/nav_in_lab1/lib/python3.10/site-packages:${PYTHONPATH} /usr/bin/python3 -W ignore:setup.py install is deprecated setup.py develop --editable --build-directory /home/anna/ros2_ws1/build/nav_in_lab1/build --no-deps symlink_data
