[1.626s] Invoking command in '/home/anna/ros2_ws1/src/nav_in_lab1': PYTHONPATH=/home/anna/ros2_ws1/build/nav_in_lab1/prefix_override:/home/anna/ros2_ws1/install/nav_in_lab1/lib/python3.10/site-packages:${PYTHONPATH} /usr/bin/python3 setup.py egg_info --egg-base ../../build/nav_in_lab1 build --build-base /home/anna/ros2_ws1/build/nav_in_lab1/build install --record /home/anna/ros2_ws1/build/nav_in_lab1/install.log --single-version-externally-managed
[1.890s] running egg_info
[1.890s] writing ../../build/nav_in_lab1/nav_in_lab1.egg-info/PKG-INFO
[1.891s] writing dependency_links to ../../build/nav_in_lab1/nav_in_lab1.egg-info/dependency_links.txt
[1.891s] writing entry points to ../../build/nav_in_lab1/nav_in_lab1.egg-info/entry_points.txt
[1.891s] writing requirements to ../../build/nav_in_lab1/nav_in_lab1.egg-info/requires.txt
[1.891s] writing top-level names to ../../build/nav_in_lab1/nav_in_lab1.egg-info/top_level.txt
[1.892s] reading manifest file '../../build/nav_in_lab1/nav_in_lab1.egg-info/SOURCES.txt'
[1.893s] writing manifest file '../../build/nav_in_lab1/nav_in_lab1.egg-info/SOURCES.txt'
[1.894s] running build
[1.894s] running build_py
[1.894s] running install
[1.894s] running install_lib
[1.895s] running install_data
[1.896s] running install_egg_info
[1.899s] removing '/home/anna/ros2_ws1/install/nav_in_lab1/lib/python3.10/site-packages/nav_in_lab1-0.0.0-py3.10.egg-info' (and everything under it)
[1.899s] Copying ../../build/nav_in_lab1/nav_in_lab1.egg-info to /home/anna/ros2_ws1/install/nav_in_lab1/lib/python3.10/site-packages/nav_in_lab1-0.0.0-py3.10.egg-info
[1.899s] running install_scripts
[1.922s] Installing go_lab script to /home/anna/ros2_ws1/install/nav_in_lab1/lib/nav_in_lab1
[1.922s] writing list of installed files to '/home/anna/ros2_ws1/build/nav_in_lab1/install.log'
[2.036s] Invoked command in '/home/anna/ros2_ws1/src/nav_in_lab1' returned '0': PYTHONPATH=/home/anna/ros2_ws1/build/nav_in_lab1/prefix_override:/home/anna/ros2_ws1/install/nav_in_lab1/lib/python3.10/site-packages:${PYTHONPATH} /usr/bin/python3 setup.py egg_info --egg-base ../../build/nav_in_lab1 build --build-base /home/anna/ros2_ws1/build/nav_in_lab1/build install --record /home/anna/ros2_ws1/build/nav_in_lab1/install.log --single-version-externally-managed
