[1.034s] DEBUG:colcon:Command line arguments: ['/usr/bin/colcon', 'build']
[1.034s] DEBUG:colcon:Parsed command line arguments: Namespace(log_base=None, log_level=None, verb_name='build', build_base='build', install_base='install', merge_install=False, symlink_install=False, test_result_base=None, continue_on_error=False, executor='parallel', parallel_workers=16, event_handlers=None, ignore_user_meta=False, metas=['./colcon.meta'], base_paths=['.'], packages_ignore=None, packages_ignore_regex=None, paths=None, packages_up_to=None, packages_up_to_regex=None, packages_above=None, packages_above_and_dependencies=None, packages_above_depth=None, packages_select_by_dep=None, packages_skip_by_dep=None, packages_skip_up_to=None, packages_select_build_failed=False, packages_skip_build_finished=False, packages_select_test_failures=False, packages_skip_test_passed=False, packages_select=None, packages_skip=None, packages_select_regex=None, packages_skip_regex=None, packages_start=None, packages_end=None, allow_overriding=[], cmake_args=None, cmake_target=None, cmake_target_skip_unavailable=False, cmake_clean_cache=False, cmake_clean_first=False, cmake_force_configure=False, ament_cmake_args=None, catkin_cmake_args=None, catkin_skip_building_tests=False, verb_parser=<colcon_defaults.argument_parser.defaults.DefaultArgumentsDecorator object at 0x7fd4ca5e5060>, verb_extension=<colcon_core.verb.build.BuildVerb object at 0x7fd4ca5e64a0>, main=<bound method BuildVerb.main of <colcon_core.verb.build.BuildVerb object at 0x7fd4ca5e64a0>>)
[1.089s] Level 1:colcon.colcon_core.package_discovery:discover_packages(colcon_meta) check parameters
[1.089s] Level 1:colcon.colcon_core.package_discovery:discover_packages(recursive) check parameters
[1.089s] Level 1:colcon.colcon_core.package_discovery:discover_packages(ignore) check parameters
[1.089s] Level 1:colcon.colcon_core.package_discovery:discover_packages(path) check parameters
[1.089s] Level 1:colcon.colcon_core.package_discovery:discover_packages(colcon_meta) discover
[1.090s] Level 1:colcon.colcon_core.package_discovery:discover_packages(recursive) discover
[1.090s] INFO:colcon.colcon_core.package_discovery:Crawling recursively for packages in '/home/anna/ros2_ws1'
[1.090s] Level 1:colcon.colcon_core.package_identification:_identify(.) by extensions ['ignore', 'ignore_ament_install']
[1.090s] Level 1:colcon.colcon_core.package_identification:_identify(.) by extension 'ignore'
[1.090s] Level 1:colcon.colcon_core.package_identification:_identify(.) by extension 'ignore_ament_install'
[1.090s] Level 1:colcon.colcon_core.package_identification:_identify(.) by extensions ['colcon_pkg']
[1.090s] Level 1:colcon.colcon_core.package_identification:_identify(.) by extension 'colcon_pkg'
[1.090s] Level 1:colcon.colcon_core.package_identification:_identify(.) by extensions ['colcon_meta']
[1.090s] Level 1:colcon.colcon_core.package_identification:_identify(.) by extension 'colcon_meta'
[1.090s] Level 1:colcon.colcon_core.package_identification:_identify(.) by extensions ['ros']
[1.090s] Level 1:colcon.colcon_core.package_identification:_identify(.) by extension 'ros'
[1.100s] Level 1:colcon.colcon_core.package_identification:_identify(.) by extensions ['cmake', 'python']
[1.100s] Level 1:colcon.colcon_core.package_identification:_identify(.) by extension 'cmake'
[1.100s] Level 1:colcon.colcon_core.package_identification:_identify(.) by extension 'python'
[1.100s] Level 1:colcon.colcon_core.package_identification:_identify(.) by extensions ['python_setup_py']
[1.100s] Level 1:colcon.colcon_core.package_identification:_identify(.) by extension 'python_setup_py'
[1.100s] Level 1:colcon.colcon_core.package_identification:_identify(build) by extensions ['ignore', 'ignore_ament_install']
[1.100s] Level 1:colcon.colcon_core.package_identification:_identify(build) by extension 'ignore'
[1.100s] Level 1:colcon.colcon_core.package_identification:_identify(build) ignored
[1.100s] Level 1:colcon.colcon_core.package_identification:_identify(install) by extensions ['ignore', 'ignore_ament_install']
[1.100s] Level 1:colcon.colcon_core.package_identification:_identify(install) by extension 'ignore'
[1.100s] Level 1:colcon.colcon_core.package_identification:_identify(install) ignored
[1.100s] Level 1:colcon.colcon_core.package_identification:_identify(log) by extensions ['ignore', 'ignore_ament_install']
[1.100s] Level 1:colcon.colcon_core.package_identification:_identify(log) by extension 'ignore'
[1.100s] Level 1:colcon.colcon_core.package_identification:_identify(log) ignored
[1.100s] Level 1:colcon.colcon_core.package_identification:_identify(src) by extensions ['ignore', 'ignore_ament_install']
[1.101s] Level 1:colcon.colcon_core.package_identification:_identify(src) by extension 'ignore'
[1.101s] Level 1:colcon.colcon_core.package_identification:_identify(src) by extension 'ignore_ament_install'
[1.101s] Level 1:colcon.colcon_core.package_identification:_identify(src) by extensions ['colcon_pkg']
[1.101s] Level 1:colcon.colcon_core.package_identification:_identify(src) by extension 'colcon_pkg'
[1.101s] Level 1:colcon.colcon_core.package_identification:_identify(src) by extensions ['colcon_meta']
[1.101s] Level 1:colcon.colcon_core.package_identification:_identify(src) by extension 'colcon_meta'
[1.101s] Level 1:colcon.colcon_core.package_identification:_identify(src) by extensions ['ros']
[1.101s] Level 1:colcon.colcon_core.package_identification:_identify(src) by extension 'ros'
[1.101s] Level 1:colcon.colcon_core.package_identification:_identify(src) by extensions ['cmake', 'python']
[1.101s] Level 1:colcon.colcon_core.package_identification:_identify(src) by extension 'cmake'
[1.101s] Level 1:colcon.colcon_core.package_identification:_identify(src) by extension 'python'
[1.101s] Level 1:colcon.colcon_core.package_identification:_identify(src) by extensions ['python_setup_py']
[1.101s] Level 1:colcon.colcon_core.package_identification:_identify(src) by extension 'python_setup_py'
[1.101s] Level 1:colcon.colcon_core.package_identification:_identify(src/nav_in_lab) by extensions ['ignore', 'ignore_ament_install']
[1.101s] Level 1:colcon.colcon_core.package_identification:_identify(src/nav_in_lab) by extension 'ignore'
[1.101s] Level 1:colcon.colcon_core.package_identification:_identify(src/nav_in_lab) by extension 'ignore_ament_install'
[1.101s] Level 1:colcon.colcon_core.package_identification:_identify(src/nav_in_lab) by extensions ['colcon_pkg']
[1.101s] Level 1:colcon.colcon_core.package_identification:_identify(src/nav_in_lab) by extension 'colcon_pkg'
[1.101s] Level 1:colcon.colcon_core.package_identification:_identify(src/nav_in_lab) by extensions ['colcon_meta']
[1.101s] Level 1:colcon.colcon_core.package_identification:_identify(src/nav_in_lab) by extension 'colcon_meta'
[1.101s] Level 1:colcon.colcon_core.package_identification:_identify(src/nav_in_lab) by extensions ['ros']
[1.101s] Level 1:colcon.colcon_core.package_identification:_identify(src/nav_in_lab) by extension 'ros'
[1.104s] DEBUG:colcon.colcon_core.package_identification:Package 'src/nav_in_lab' with type 'ros.ament_python' and name 'nav_in_lab'
[1.104s] Level 1:colcon.colcon_core.package_identification:_identify(src/raspberry_pkg) by extensions ['ignore', 'ignore_ament_install']
[1.104s] Level 1:colcon.colcon_core.package_identification:_identify(src/raspberry_pkg) by extension 'ignore'
[1.104s] Level 1:colcon.colcon_core.package_identification:_identify(src/raspberry_pkg) by extension 'ignore_ament_install'
[1.104s] Level 1:colcon.colcon_core.package_identification:_identify(src/raspberry_pkg) by extensions ['colcon_pkg']
[1.104s] Level 1:colcon.colcon_core.package_identification:_identify(src/raspberry_pkg) by extension 'colcon_pkg'
[1.104s] Level 1:colcon.colcon_core.package_identification:_identify(src/raspberry_pkg) by extensions ['colcon_meta']
[1.104s] Level 1:colcon.colcon_core.package_identification:_identify(src/raspberry_pkg) by extension 'colcon_meta'
[1.104s] Level 1:colcon.colcon_core.package_identification:_identify(src/raspberry_pkg) by extensions ['ros']
[1.104s] Level 1:colcon.colcon_core.package_identification:_identify(src/raspberry_pkg) by extension 'ros'
[1.105s] DEBUG:colcon.colcon_core.package_identification:Package 'src/raspberry_pkg' with type 'ros.ament_python' and name 'raspberry_pkg'
[1.105s] Level 1:colcon.colcon_core.package_discovery:discover_packages(recursive) using defaults
[1.105s] Level 1:colcon.colcon_core.package_discovery:discover_packages(ignore) discover
[1.105s] Level 1:colcon.colcon_core.package_discovery:discover_packages(ignore) using defaults
[1.105s] Level 1:colcon.colcon_core.package_discovery:discover_packages(path) discover
[1.105s] Level 1:colcon.colcon_core.package_discovery:discover_packages(path) using defaults
[1.193s] Level 1:colcon.colcon_core.package_discovery:discover_packages(prefix_path) check parameters
[1.193s] Level 1:colcon.colcon_core.package_discovery:discover_packages(prefix_path) discover
[1.222s] DEBUG:colcon.colcon_installed_package_information.package_discovery:Found 1 installed packages in /home/anna/ros2_ws1/install
[1.254s] DEBUG:colcon.colcon_installed_package_information.package_discovery:Found 0 installed packages in /home/anna/ros2_ws/install
[1.269s] DEBUG:colcon.colcon_installed_package_information.package_discovery:Found 450 installed packages in /opt/ros/humble
[1.270s] Level 1:colcon.colcon_core.package_discovery:discover_packages(prefix_path) using defaults
[1.363s] Level 5:colcon.colcon_core.verb:set package 'nav_in_lab' build argument 'cmake_args' from command line to 'None'
[1.363s] Level 5:colcon.colcon_core.verb:set package 'nav_in_lab' build argument 'cmake_target' from command line to 'None'
[1.363s] Level 5:colcon.colcon_core.verb:set package 'nav_in_lab' build argument 'cmake_target_skip_unavailable' from command line to 'False'
[1.363s] Level 5:colcon.colcon_core.verb:set package 'nav_in_lab' build argument 'cmake_clean_cache' from command line to 'False'
[1.363s] Level 5:colcon.colcon_core.verb:set package 'nav_in_lab' build argument 'cmake_clean_first' from command line to 'False'
[1.363s] Level 5:colcon.colcon_core.verb:set package 'nav_in_lab' build argument 'cmake_force_configure' from command line to 'False'
[1.363s] Level 5:colcon.colcon_core.verb:set package 'nav_in_lab' build argument 'ament_cmake_args' from command line to 'None'
[1.363s] Level 5:colcon.colcon_core.verb:set package 'nav_in_lab' build argument 'catkin_cmake_args' from command line to 'None'
[1.363s] Level 5:colcon.colcon_core.verb:set package 'nav_in_lab' build argument 'catkin_skip_building_tests' from command line to 'False'
[1.363s] DEBUG:colcon.colcon_core.verb:Building package 'nav_in_lab' with the following arguments: {'ament_cmake_args': None, 'build_base': '/home/anna/ros2_ws1/build/nav_in_lab', 'catkin_cmake_args': None, 'catkin_skip_building_tests': False, 'cmake_args': None, 'cmake_clean_cache': False, 'cmake_clean_first': False, 'cmake_force_configure': False, 'cmake_target': None, 'cmake_target_skip_unavailable': False, 'install_base': '/home/anna/ros2_ws1/install/nav_in_lab', 'merge_install': False, 'path': '/home/anna/ros2_ws1/src/nav_in_lab', 'symlink_install': False, 'test_result_base': None}
[1.376s] Level 5:colcon.colcon_core.verb:set package 'raspberry_pkg' build argument 'cmake_args' from command line to 'None'
[1.376s] Level 5:colcon.colcon_core.verb:set package 'raspberry_pkg' build argument 'cmake_target' from command line to 'None'
[1.376s] Level 5:colcon.colcon_core.verb:set package 'raspberry_pkg' build argument 'cmake_target_skip_unavailable' from command line to 'False'
[1.376s] Level 5:colcon.colcon_core.verb:set package 'raspberry_pkg' build argument 'cmake_clean_cache' from command line to 'False'
[1.376s] Level 5:colcon.colcon_core.verb:set package 'raspberry_pkg' build argument 'cmake_clean_first' from command line to 'False'
[1.376s] Level 5:colcon.colcon_core.verb:set package 'raspberry_pkg' build argument 'cmake_force_configure' from command line to 'False'
[1.376s] Level 5:colcon.colcon_core.verb:set package 'raspberry_pkg' build argument 'ament_cmake_args' from command line to 'None'
[1.376s] Level 5:colcon.colcon_core.verb:set package 'raspberry_pkg' build argument 'catkin_cmake_args' from command line to 'None'
[1.376s] Level 5:colcon.colcon_core.verb:set package 'raspberry_pkg' build argument 'catkin_skip_building_tests' from command line to 'False'
[1.376s] DEBUG:colcon.colcon_core.verb:Building package 'raspberry_pkg' with the following arguments: {'ament_cmake_args': None, 'build_base': '/home/anna/ros2_ws1/build/raspberry_pkg', 'catkin_cmake_args': None, 'catkin_skip_building_tests': False, 'cmake_args': None, 'cmake_clean_cache': False, 'cmake_clean_first': False, 'cmake_force_configure': False, 'cmake_target': None, 'cmake_target_skip_unavailable': False, 'install_base': '/home/anna/ros2_ws1/install/raspberry_pkg', 'merge_install': False, 'path': '/home/anna/ros2_ws1/src/raspberry_pkg', 'symlink_install': False, 'test_result_base': None}
[1.389s] INFO:colcon.colcon_core.executor:Executing jobs using 'parallel' executor
[1.403s] DEBUG:colcon.colcon_parallel_executor.executor.parallel:run_until_complete
[1.404s] INFO:colcon.colcon_ros.task.ament_python.build:Building ROS package in '/home/anna/ros2_ws1/src/nav_in_lab' with build type 'ament_python'
[1.404s] Level 1:colcon.colcon_core.shell:create_environment_hook('nav_in_lab', 'ament_prefix_path')
[1.428s] INFO:colcon.colcon_core.plugin_system:Skipping extension 'colcon_core.shell.bat': Not used on non-Windows systems
[1.428s] INFO:colcon.colcon_core.shell:Creating environment hook '/home/anna/ros2_ws1/install/nav_in_lab/share/nav_in_lab/hook/ament_prefix_path.ps1'
[1.429s] INFO:colcon.colcon_core.shell:Creating environment descriptor '/home/anna/ros2_ws1/install/nav_in_lab/share/nav_in_lab/hook/ament_prefix_path.dsv'
[1.429s] INFO:colcon.colcon_core.shell:Creating environment hook '/home/anna/ros2_ws1/install/nav_in_lab/share/nav_in_lab/hook/ament_prefix_path.sh'
[1.443s] INFO:colcon.colcon_core.shell:Skip shell extension 'powershell' for command environment: Not usable outside of PowerShell
[1.443s] DEBUG:colcon.colcon_core.shell:Skip shell extension 'dsv' for command environment
[1.498s] INFO:colcon.colcon_ros.task.ament_python.build:Building ROS package in '/home/anna/ros2_ws1/src/raspberry_pkg' with build type 'ament_python'
[1.499s] Level 1:colcon.colcon_core.shell:create_environment_hook('raspberry_pkg', 'ament_prefix_path')
[1.513s] INFO:colcon.colcon_core.shell:Creating environment hook '/home/anna/ros2_ws1/install/raspberry_pkg/share/raspberry_pkg/hook/ament_prefix_path.ps1'
[1.513s] INFO:colcon.colcon_core.shell:Creating environment descriptor '/home/anna/ros2_ws1/install/raspberry_pkg/share/raspberry_pkg/hook/ament_prefix_path.dsv'
[1.513s] INFO:colcon.colcon_core.shell:Creating environment hook '/home/anna/ros2_ws1/install/raspberry_pkg/share/raspberry_pkg/hook/ament_prefix_path.sh'
[1.526s] INFO:colcon.colcon_core.shell:Skip shell extension 'powershell' for command environment: Not usable outside of PowerShell
[1.527s] DEBUG:colcon.colcon_core.shell:Skip shell extension 'dsv' for command environment
[1.832s] INFO:colcon.colcon_core.task.python.build:Building Python package in '/home/anna/ros2_ws1/src/nav_in_lab'
[1.845s] INFO:colcon.colcon_core.shell:Skip shell extension 'powershell' for command environment: Not usable outside of PowerShell
[1.846s] DEBUG:colcon.colcon_core.shell:Skip shell extension 'dsv' for command environment
[2.144s] INFO:colcon.colcon_core.task.python.build:Building Python package in '/home/anna/ros2_ws1/src/raspberry_pkg'
[2.158s] INFO:colcon.colcon_core.shell:Skip shell extension 'powershell' for command environment: Not usable outside of PowerShell
[2.158s] DEBUG:colcon.colcon_core.shell:Skip shell extension 'dsv' for command environment
[2.679s] DEBUG:colcon.colcon_core.event_handler.log_command:Invoking command in '/home/anna/ros2_ws1/src/raspberry_pkg': PYTHONPATH=/home/anna/ros2_ws1/build/raspberry_pkg/prefix_override:/home/anna/ros2_ws1/install/raspberry_pkg/lib/python3.10/site-packages:${PYTHONPATH} /usr/bin/python3 setup.py egg_info --egg-base ../../build/raspberry_pkg build --build-base /home/anna/ros2_ws1/build/raspberry_pkg/build install --record /home/anna/ros2_ws1/build/raspberry_pkg/install.log --single-version-externally-managed
[2.682s] DEBUG:colcon.colcon_core.event_handler.log_command:Invoking command in '/home/anna/ros2_ws1/src/nav_in_lab': PYTHONPATH=/home/anna/ros2_ws1/build/nav_in_lab/prefix_override:/home/anna/ros2_ws1/install/nav_in_lab/lib/python3.10/site-packages:${PYTHONPATH} /usr/bin/python3 setup.py egg_info --egg-base ../../build/nav_in_lab build --build-base /home/anna/ros2_ws1/build/nav_in_lab/build install --record /home/anna/ros2_ws1/build/nav_in_lab/install.log --single-version-externally-managed
[2.944s] DEBUG:colcon.colcon_core.event_handler.log_command:Invoked command in '/home/anna/ros2_ws1/src/raspberry_pkg' returned '0': PYTHONPATH=/home/anna/ros2_ws1/build/raspberry_pkg/prefix_override:/home/anna/ros2_ws1/install/raspberry_pkg/lib/python3.10/site-packages:${PYTHONPATH} /usr/bin/python3 setup.py egg_info --egg-base ../../build/raspberry_pkg build --build-base /home/anna/ros2_ws1/build/raspberry_pkg/build install --record /home/anna/ros2_ws1/build/raspberry_pkg/install.log --single-version-externally-managed
[2.983s] Level 1:colcon.colcon_core.environment:checking '/home/anna/ros2_ws1/install/raspberry_pkg' for CMake module files
[2.984s] Level 1:colcon.colcon_core.environment:checking '/home/anna/ros2_ws1/install/raspberry_pkg' for CMake config files
[2.985s] Level 1:colcon.colcon_core.environment:checking '/home/anna/ros2_ws1/install/raspberry_pkg/lib'
[2.985s] Level 1:colcon.colcon_core.environment:checking '/home/anna/ros2_ws1/install/raspberry_pkg/bin'
[2.986s] Level 1:colcon.colcon_core.environment:checking '/home/anna/ros2_ws1/install/raspberry_pkg/lib/pkgconfig/raspberry_pkg.pc'
[2.986s] Level 1:colcon.colcon_core.environment:checking '/home/anna/ros2_ws1/install/raspberry_pkg/lib/python3.10/site-packages'
[2.986s] Level 1:colcon.colcon_core.shell:create_environment_hook('raspberry_pkg', 'pythonpath')
[3.012s] INFO:colcon.colcon_core.shell:Creating environment hook '/home/anna/ros2_ws1/install/raspberry_pkg/share/raspberry_pkg/hook/pythonpath.ps1'
[3.012s] INFO:colcon.colcon_core.shell:Creating environment descriptor '/home/anna/ros2_ws1/install/raspberry_pkg/share/raspberry_pkg/hook/pythonpath.dsv'
[3.012s] INFO:colcon.colcon_core.shell:Creating environment hook '/home/anna/ros2_ws1/install/raspberry_pkg/share/raspberry_pkg/hook/pythonpath.sh'
[3.013s] Level 1:colcon.colcon_core.environment:checking '/home/anna/ros2_ws1/install/raspberry_pkg/bin'
[3.013s] Level 1:colcon.colcon_core.environment:create_environment_scripts_only(raspberry_pkg)
[3.025s] INFO:colcon.colcon_core.shell:Creating package script '/home/anna/ros2_ws1/install/raspberry_pkg/share/raspberry_pkg/package.ps1'
[3.026s] INFO:colcon.colcon_core.shell:Creating package descriptor '/home/anna/ros2_ws1/install/raspberry_pkg/share/raspberry_pkg/package.dsv'
[3.027s] INFO:colcon.colcon_core.shell:Creating package script '/home/anna/ros2_ws1/install/raspberry_pkg/share/raspberry_pkg/package.sh'
[3.027s] INFO:colcon.colcon_core.shell:Creating package script '/home/anna/ros2_ws1/install/raspberry_pkg/share/raspberry_pkg/package.bash'
[3.028s] INFO:colcon.colcon_core.shell:Creating package script '/home/anna/ros2_ws1/install/raspberry_pkg/share/raspberry_pkg/package.zsh'
[3.029s] Level 1:colcon.colcon_core.environment:create_file_with_runtime_dependencies(/home/anna/ros2_ws1/install/raspberry_pkg/share/colcon-core/packages/raspberry_pkg)
[3.031s] DEBUG:colcon.colcon_core.event_handler.log_command:Invoked command in '/home/anna/ros2_ws1/src/nav_in_lab' returned '0': PYTHONPATH=/home/anna/ros2_ws1/build/nav_in_lab/prefix_override:/home/anna/ros2_ws1/install/nav_in_lab/lib/python3.10/site-packages:${PYTHONPATH} /usr/bin/python3 setup.py egg_info --egg-base ../../build/nav_in_lab build --build-base /home/anna/ros2_ws1/build/nav_in_lab/build install --record /home/anna/ros2_ws1/build/nav_in_lab/install.log --single-version-externally-managed
[3.043s] Level 1:colcon.colcon_core.environment:checking '/home/anna/ros2_ws1/install/nav_in_lab' for CMake module files
[3.043s] Level 1:colcon.colcon_core.environment:checking '/home/anna/ros2_ws1/install/nav_in_lab' for CMake config files
[3.044s] Level 1:colcon.colcon_core.environment:checking '/home/anna/ros2_ws1/install/nav_in_lab/lib'
[3.044s] Level 1:colcon.colcon_core.environment:checking '/home/anna/ros2_ws1/install/nav_in_lab/bin'
[3.044s] Level 1:colcon.colcon_core.environment:checking '/home/anna/ros2_ws1/install/nav_in_lab/lib/pkgconfig/nav_in_lab.pc'
[3.044s] Level 1:colcon.colcon_core.environment:checking '/home/anna/ros2_ws1/install/nav_in_lab/lib/python3.10/site-packages'
[3.044s] Level 1:colcon.colcon_core.shell:create_environment_hook('nav_in_lab', 'pythonpath')
[3.057s] INFO:colcon.colcon_core.shell:Creating environment hook '/home/anna/ros2_ws1/install/nav_in_lab/share/nav_in_lab/hook/pythonpath.ps1'
[3.057s] INFO:colcon.colcon_core.shell:Creating environment descriptor '/home/anna/ros2_ws1/install/nav_in_lab/share/nav_in_lab/hook/pythonpath.dsv'
[3.057s] INFO:colcon.colcon_core.shell:Creating environment hook '/home/anna/ros2_ws1/install/nav_in_lab/share/nav_in_lab/hook/pythonpath.sh'
[3.058s] Level 1:colcon.colcon_core.environment:checking '/home/anna/ros2_ws1/install/nav_in_lab/bin'
[3.058s] Level 1:colcon.colcon_core.environment:create_environment_scripts_only(nav_in_lab)
[3.070s] INFO:colcon.colcon_core.shell:Creating package script '/home/anna/ros2_ws1/install/nav_in_lab/share/nav_in_lab/package.ps1'
[3.071s] INFO:colcon.colcon_core.shell:Creating package descriptor '/home/anna/ros2_ws1/install/nav_in_lab/share/nav_in_lab/package.dsv'
[3.071s] INFO:colcon.colcon_core.shell:Creating package script '/home/anna/ros2_ws1/install/nav_in_lab/share/nav_in_lab/package.sh'
[3.071s] INFO:colcon.colcon_core.shell:Creating package script '/home/anna/ros2_ws1/install/nav_in_lab/share/nav_in_lab/package.bash'
[3.071s] INFO:colcon.colcon_core.shell:Creating package script '/home/anna/ros2_ws1/install/nav_in_lab/share/nav_in_lab/package.zsh'
[3.072s] Level 1:colcon.colcon_core.environment:create_file_with_runtime_dependencies(/home/anna/ros2_ws1/install/nav_in_lab/share/colcon-core/packages/nav_in_lab)
[3.072s] DEBUG:colcon.colcon_parallel_executor.executor.parallel:closing loop
[3.072s] DEBUG:colcon.colcon_parallel_executor.executor.parallel:loop closed
[3.072s] DEBUG:colcon.colcon_parallel_executor.executor.parallel:run_until_complete finished with '0'
[3.072s] DEBUG:colcon.colcon_core.event_reactor:joining thread
[3.090s] INFO:colcon.colcon_core.plugin_system:Skipping extension 'colcon_notification.desktop_notification.terminal_notifier': Not used on non-Darwin systems
[3.090s] INFO:colcon.colcon_core.plugin_system:Skipping extension 'colcon_notification.desktop_notification.win32': Not used on non-Windows systems
[3.090s] INFO:colcon.colcon_notification.desktop_notification:Sending desktop notification using 'notify2'
[3.119s] DEBUG:colcon.colcon_core.event_reactor:joined thread
[3.133s] INFO:colcon.colcon_core.shell:Creating prefix script '/home/anna/ros2_ws1/install/local_setup.ps1'
[3.134s] INFO:colcon.colcon_core.shell:Creating prefix util module '/home/anna/ros2_ws1/install/_local_setup_util_ps1.py'
[3.135s] INFO:colcon.colcon_core.shell:Creating prefix chain script '/home/anna/ros2_ws1/install/setup.ps1'
[3.148s] INFO:colcon.colcon_core.shell:Creating prefix script '/home/anna/ros2_ws1/install/local_setup.sh'
[3.149s] INFO:colcon.colcon_core.shell:Creating prefix util module '/home/anna/ros2_ws1/install/_local_setup_util_sh.py'
[3.149s] INFO:colcon.colcon_core.shell:Creating prefix chain script '/home/anna/ros2_ws1/install/setup.sh'
[3.162s] INFO:colcon.colcon_core.shell:Creating prefix script '/home/anna/ros2_ws1/install/local_setup.bash'
[3.163s] INFO:colcon.colcon_core.shell:Creating prefix chain script '/home/anna/ros2_ws1/install/setup.bash'
[3.176s] INFO:colcon.colcon_core.shell:Creating prefix script '/home/anna/ros2_ws1/install/local_setup.zsh'
[3.176s] INFO:colcon.colcon_core.shell:Creating prefix chain script '/home/anna/ros2_ws1/install/setup.zsh'
