[1.908s] Invoking command in '/home/anna/ros2_ws1/build/nav_in_lab1': PYTHONPATH=/home/anna/ros2_ws1/build/nav_in_lab1/prefix_override:/usr/lib/python3/dist-packages/colcon_core/task/python/colcon_distutils_commands:/home/anna/ros2_ws1/install/nav_in_lab1/lib/python3.10/site-packages:${PYTHONPATH} /usr/bin/python3 -W ignore:setup.py install is deprecated setup.py develop --editable --build-directory /home/anna/ros2_ws1/build/nav_in_lab1/build --no-deps symlink_data
[2.068s] /home/anna/.local/lib/python3.10/site-packages/setuptools/_distutils/dist.py:261: UserWarning: Unknown distribution option: 'tests_require'
[2.069s]   warnings.warn(msg)
[2.274s] running develop
[2.274s] /home/anna/.local/lib/python3.10/site-packages/setuptools/command/develop.py:41: EasyInstallDeprecationWarning: easy_install command is deprecated.
[2.274s] !!
[2.274s] 
[2.274s]         ********************************************************************************
[2.274s]         Please avoid running ``setup.py`` and ``easy_install``.
[2.274s]         Instead, use pypa/build, pypa/installer or other
[2.275s]         standards-based tools.
[2.275s] 
[2.275s]         See https://github.com/pypa/setuptools/issues/917 for details.
[2.275s]         ********************************************************************************
[2.275s] 
[2.275s] !!
[2.275s]   easy_install.initialize_options(self)
[2.556s] running egg_info
[2.576s] writing nav_in_lab1.egg-info/PKG-INFO
[2.577s] writing dependency_links to nav_in_lab1.egg-info/dependency_links.txt
[2.577s] writing entry points to nav_in_lab1.egg-info/entry_points.txt
[2.577s] writing requirements to nav_in_lab1.egg-info/requires.txt
[2.578s] writing top-level names to nav_in_lab1.egg-info/top_level.txt
[2.619s] reading manifest file 'nav_in_lab1.egg-info/SOURCES.txt'
[2.621s] writing manifest file 'nav_in_lab1.egg-info/SOURCES.txt'
[2.674s] running build_ext
[2.674s] Creating /home/anna/ros2_ws1/install/nav_in_lab1/lib/python3.10/site-packages/nav-in-lab1.egg-link (link to .)
[2.675s] Installing go_lab script to /home/anna/ros2_ws1/install/nav_in_lab1/lib/nav_in_lab1
[2.676s] 
[2.676s] Installed /home/anna/ros2_ws1/build/nav_in_lab1
[2.676s] running symlink_data
[2.762s] Invoked command in '/home/anna/ros2_ws1/build/nav_in_lab1' returned '0': PYTHONPATH=/home/anna/ros2_ws1/build/nav_in_lab1/prefix_override:/usr/lib/python3/dist-packages/colcon_core/task/python/colcon_distutils_commands:/home/anna/ros2_ws1/install/nav_in_lab1/lib/python3.10/site-packages:${PYTHONPATH} /usr/bin/python3 -W ignore:setup.py install is deprecated setup.py develop --editable --build-directory /home/anna/ros2_ws1/build/nav_in_lab1/build --no-deps symlink_data
