[1.189s] Invoking command in '/home/anna/ros2_ws1/src/raspberry_pkg': PYTHONPATH=/home/anna/ros2_ws1/build/Raspberry/prefix_override:/home/anna/ros2_ws1/install/Raspberry/lib/python3.10/site-packages:${PYTHONPATH} /usr/bin/python3 setup.py egg_info --egg-base ../../build/Raspberry build --build-base /home/anna/ros2_ws1/build/Raspberry/build install --record /home/anna/ros2_ws1/build/Raspberry/install.log --single-version-externally-managed
[1.406s] running egg_info
[1.406s] writing ../../build/Raspberry/raspberry_pkg.egg-info/PKG-INFO
[1.406s] writing dependency_links to ../../build/Raspberry/raspberry_pkg.egg-info/dependency_links.txt
[1.407s] writing entry points to ../../build/Raspberry/raspberry_pkg.egg-info/entry_points.txt
[1.407s] writing requirements to ../../build/Raspberry/raspberry_pkg.egg-info/requires.txt
[1.407s] writing top-level names to ../../build/Raspberry/raspberry_pkg.egg-info/top_level.txt
[1.409s] reading manifest file '../../build/Raspberry/raspberry_pkg.egg-info/SOURCES.txt'
[1.409s] writing manifest file '../../build/Raspberry/raspberry_pkg.egg-info/SOURCES.txt'
[1.409s] running build
[1.409s] running build_py
[1.410s] running install
[1.410s] running install_lib
[1.411s] running install_data
[1.412s] running install_egg_info
[1.413s] removing '/home/anna/ros2_ws1/install/Raspberry/lib/python3.10/site-packages/raspberry_pkg-0.0.0-py3.10.egg-info' (and everything under it)
[1.413s] Copying ../../build/Raspberry/raspberry_pkg.egg-info to /home/anna/ros2_ws1/install/Raspberry/lib/python3.10/site-packages/raspberry_pkg-0.0.0-py3.10.egg-info
[1.414s] running install_scripts
[1.433s] Installing data_converter script to /home/anna/ros2_ws1/install/Raspberry/lib/raspberry_pkg
[1.433s] writing list of installed files to '/home/anna/ros2_ws1/build/Raspberry/install.log'
[1.526s] Invoked command in '/home/anna/ros2_ws1/src/raspberry_pkg' returned '0': PYTHONPATH=/home/anna/ros2_ws1/build/Raspberry/prefix_override:/home/anna/ros2_ws1/install/Raspberry/lib/python3.10/site-packages:${PYTHONPATH} /usr/bin/python3 setup.py egg_info --egg-base ../../build/Raspberry build --build-base /home/anna/ros2_ws1/build/Raspberry/build install --record /home/anna/ros2_ws1/build/Raspberry/install.log --single-version-externally-managed
