running egg_info
writing ../../build/nav_in_lab1/nav_in_lab1.egg-info/PKG-INFO
writing dependency_links to ../../build/nav_in_lab1/nav_in_lab1.egg-info/dependency_links.txt
writing entry points to ../../build/nav_in_lab1/nav_in_lab1.egg-info/entry_points.txt
writing requirements to ../../build/nav_in_lab1/nav_in_lab1.egg-info/requires.txt
writing top-level names to ../../build/nav_in_lab1/nav_in_lab1.egg-info/top_level.txt
reading manifest file '../../build/nav_in_lab1/nav_in_lab1.egg-info/SOURCES.txt'
writing manifest file '../../build/nav_in_lab1/nav_in_lab1.egg-info/SOURCES.txt'
running build
running build_py
copying nav_in_lab1/go_lab.py -> /home/anna/ros2_ws1/build/nav_in_lab1/build/lib/nav_in_lab1
running install
running install_lib
copying /home/anna/ros2_ws1/build/nav_in_lab1/build/lib/nav_in_lab1/go_lab.py -> /home/anna/ros2_ws1/install/nav_in_lab1/lib/python3.10/site-packages/nav_in_lab1
byte-compiling /home/anna/ros2_ws1/install/nav_in_lab1/lib/python3.10/site-packages/nav_in_lab1/go_lab.py to go_lab.cpython-310.pyc
running install_data
copying package.xml -> /home/anna/ros2_ws1/install/nav_in_lab1/share/nav_in_lab1
running install_egg_info
removing '/home/anna/ros2_ws1/install/nav_in_lab1/lib/python3.10/site-packages/nav_in_lab1-0.0.0-py3.10.egg-info' (and everything under it)
Copying ../../build/nav_in_lab1/nav_in_lab1.egg-info to /home/anna/ros2_ws1/install/nav_in_lab1/lib/python3.10/site-packages/nav_in_lab1-0.0.0-py3.10.egg-info
running install_scripts
Installing go_lab script to /home/anna/ros2_ws1/install/nav_in_lab1/lib/nav_in_lab1
writing list of installed files to '/home/anna/ros2_ws1/build/nav_in_lab1/install.log'
