[1.695s] Invoking command in '/home/anna/ros2_ws1/build/nav_in_lab1': PYTHONPATH=/home/anna/ros2_ws1/build/nav_in_lab1/prefix_override:/home/anna/ros2_ws1/install/nav_in_lab1/lib/python3.10/site-packages:${PYTHONPATH} /usr/bin/python3 setup.py develop --uninstall --editable --build-directory /home/anna/ros2_ws1/build/nav_in_lab1/build
[2.000s] running develop
[2.204s] Removing /home/anna/ros2_ws1/install/nav_in_lab1/lib/python3.10/site-packages/nav-in-lab1.egg-link (link to .)
[2.267s] Invoked command in '/home/anna/ros2_ws1/build/nav_in_lab1' returned '0': PYTHONPATH=/home/anna/ros2_ws1/build/nav_in_lab1/prefix_override:/home/anna/ros2_ws1/install/nav_in_lab1/lib/python3.10/site-packages:${PYTHONPATH} /usr/bin/python3 setup.py develop --uninstall --editable --build-directory /home/anna/ros2_ws1/build/nav_in_lab1/build
[2.269s] Invoking command in '/home/anna/ros2_ws1/src/nav_in_lab1': PYTHONPATH=/home/anna/ros2_ws1/build/nav_in_lab1/prefix_override:/home/anna/ros2_ws1/install/nav_in_lab1/lib/python3.10/site-packages:${PYTHONPATH} /usr/bin/python3 setup.py egg_info --egg-base ../../build/nav_in_lab1 build --build-base /home/anna/ros2_ws1/build/nav_in_lab1/build install --record /home/anna/ros2_ws1/build/nav_in_lab1/install.log --single-version-externally-managed
[2.541s] running egg_info
[2.542s] writing ../../build/nav_in_lab1/nav_in_lab1.egg-info/PKG-INFO
[2.542s] writing dependency_links to ../../build/nav_in_lab1/nav_in_lab1.egg-info/dependency_links.txt
[2.542s] writing entry points to ../../build/nav_in_lab1/nav_in_lab1.egg-info/entry_points.txt
[2.542s] writing requirements to ../../build/nav_in_lab1/nav_in_lab1.egg-info/requires.txt
[2.542s] writing top-level names to ../../build/nav_in_lab1/nav_in_lab1.egg-info/top_level.txt
[2.545s] reading manifest file '../../build/nav_in_lab1/nav_in_lab1.egg-info/SOURCES.txt'
[2.546s] writing manifest file '../../build/nav_in_lab1/nav_in_lab1.egg-info/SOURCES.txt'
[2.546s] running build
[2.547s] running build_py
[2.547s] copying nav_in_lab1/go_lab.py -> /home/anna/ros2_ws1/build/nav_in_lab1/build/lib/nav_in_lab1
[2.547s] running install
[2.547s] running install_lib
[2.548s] creating /home/anna/ros2_ws1/install/nav_in_lab1/lib/python3.10/site-packages/nav_in_lab1
[2.549s] copying /home/anna/ros2_ws1/build/nav_in_lab1/build/lib/nav_in_lab1/go_lab.py -> /home/anna/ros2_ws1/install/nav_in_lab1/lib/python3.10/site-packages/nav_in_lab1
[2.549s] copying /home/anna/ros2_ws1/build/nav_in_lab1/build/lib/nav_in_lab1/__init__.py -> /home/anna/ros2_ws1/install/nav_in_lab1/lib/python3.10/site-packages/nav_in_lab1
[2.549s] byte-compiling /home/anna/ros2_ws1/install/nav_in_lab1/lib/python3.10/site-packages/nav_in_lab1/go_lab.py to go_lab.cpython-310.pyc
[2.551s] byte-compiling /home/anna/ros2_ws1/install/nav_in_lab1/lib/python3.10/site-packages/nav_in_lab1/__init__.py to __init__.cpython-310.pyc
[2.551s] running install_data
[2.552s] running install_egg_info
[2.554s] Copying ../../build/nav_in_lab1/nav_in_lab1.egg-info to /home/anna/ros2_ws1/install/nav_in_lab1/lib/python3.10/site-packages/nav_in_lab1-0.0.0-py3.10.egg-info
[2.555s] running install_scripts
[2.574s] Installing go_lab script to /home/anna/ros2_ws1/install/nav_in_lab1/lib/nav_in_lab1
[2.574s] writing list of installed files to '/home/anna/ros2_ws1/build/nav_in_lab1/install.log'
[2.648s] Invoked command in '/home/anna/ros2_ws1/src/nav_in_lab1' returned '0': PYTHONPATH=/home/anna/ros2_ws1/build/nav_in_lab1/prefix_override:/home/anna/ros2_ws1/install/nav_in_lab1/lib/python3.10/site-packages:${PYTHONPATH} /usr/bin/python3 setup.py egg_info --egg-base ../../build/nav_in_lab1 build --build-base /home/anna/ros2_ws1/build/nav_in_lab1/build install --record /home/anna/ros2_ws1/build/nav_in_lab1/install.log --single-version-externally-managed
