[1.079s] Invoking command in '/home/anna/ros2_ws1/build/sllidar_ros2': CMAKE_PREFIX_PATH=${CMAKE_PREFIX_PATH}:/home/anna/ros2_ws1/install/raspberry_pkg:/home/anna/ros2_ws1/install/nav_in_lab1:/home/anna/ros2_ws1/install/nav_in_lab:/home/anna/ros2_ws1/install/lvr_project:/home/anna/ros2_ws1/install/kalman_publish:/home/anna/ros2_ws1/install/Raspberry:/opt/ros/humble /usr/bin/cmake --build /home/anna/ros2_ws1/build/sllidar_ros2 -- -j16 -l16
[1.140s] [ 10%] Built target sllidar_client
[1.143s] [100%] Built target sllidar_node
[1.168s] Invoked command in '/home/anna/ros2_ws1/build/sllidar_ros2' returned '0': CMAKE_PREFIX_PATH=${CMAKE_PREFIX_PATH}:/home/anna/ros2_ws1/install/raspberry_pkg:/home/anna/ros2_ws1/install/nav_in_lab1:/home/anna/ros2_ws1/install/nav_in_lab:/home/anna/ros2_ws1/install/lvr_project:/home/anna/ros2_ws1/install/kalman_publish:/home/anna/ros2_ws1/install/Raspberry:/opt/ros/humble /usr/bin/cmake --build /home/anna/ros2_ws1/build/sllidar_ros2 -- -j16 -l16
[1.253s] Invoking command in '/home/anna/ros2_ws1/build/sllidar_ros2': CMAKE_PREFIX_PATH=${CMAKE_PREFIX_PATH}:/home/anna/ros2_ws1/install/raspberry_pkg:/home/anna/ros2_ws1/install/nav_in_lab1:/home/anna/ros2_ws1/install/nav_in_lab:/home/anna/ros2_ws1/install/lvr_project:/home/anna/ros2_ws1/install/kalman_publish:/home/anna/ros2_ws1/install/Raspberry:/opt/ros/humble /usr/bin/cmake --install /home/anna/ros2_ws1/build/sllidar_ros2
[1.260s] -- Install configuration: ""
[1.260s] -- Execute custom install script
[1.261s] -- Up-to-date symlink: /home/anna/ros2_ws1/install/sllidar_ros2/share/sllidar_ros2/launch/sllidar_a1_launch.py
[1.261s] -- Up-to-date symlink: /home/anna/ros2_ws1/install/sllidar_ros2/share/sllidar_ros2/launch/sllidar_a2m12_launch .py
[1.261s] -- Up-to-date symlink: /home/anna/ros2_ws1/install/sllidar_ros2/share/sllidar_ros2/launch/sllidar_a2m7_launch.py
[1.261s] -- Up-to-date symlink: /home/anna/ros2_ws1/install/sllidar_ros2/share/sllidar_ros2/launch/sllidar_a2m8_launch.py
[1.261s] -- Up-to-date symlink: /home/anna/ros2_ws1/install/sllidar_ros2/share/sllidar_ros2/launch/sllidar_a3_launch.py
[1.261s] -- Up-to-date symlink: /home/anna/ros2_ws1/install/sllidar_ros2/share/sllidar_ros2/launch/sllidar_c1_launch.py
[1.261s] -- Up-to-date symlink: /home/anna/ros2_ws1/install/sllidar_ros2/share/sllidar_ros2/launch/sllidar_s1_launch.py
[1.261s] -- Up-to-date symlink: /home/anna/ros2_ws1/install/sllidar_ros2/share/sllidar_ros2/launch/sllidar_s1_tcp_launch.py
[1.262s] -- Up-to-date symlink: /home/anna/ros2_ws1/install/sllidar_ros2/share/sllidar_ros2/launch/sllidar_s2_launch.py
[1.262s] -- Up-to-date symlink: /home/anna/ros2_ws1/install/sllidar_ros2/share/sllidar_ros2/launch/sllidar_s2e_launch.py
[1.262s] -- Up-to-date symlink: /home/anna/ros2_ws1/install/sllidar_ros2/share/sllidar_ros2/launch/sllidar_s3_launch.py
[1.262s] -- Up-to-date symlink: /home/anna/ros2_ws1/install/sllidar_ros2/share/sllidar_ros2/launch/sllidar_t1_launch.py
[1.262s] -- Up-to-date symlink: /home/anna/ros2_ws1/install/sllidar_ros2/share/sllidar_ros2/launch/view_sllidar_a1_launch.py
[1.262s] -- Up-to-date symlink: /home/anna/ros2_ws1/install/sllidar_ros2/share/sllidar_ros2/launch/view_sllidar_a2m12_launch.py
[1.262s] -- Up-to-date symlink: /home/anna/ros2_ws1/install/sllidar_ros2/share/sllidar_ros2/launch/view_sllidar_a2m7_launch.py
[1.263s] -- Up-to-date symlink: /home/anna/ros2_ws1/install/sllidar_ros2/share/sllidar_ros2/launch/view_sllidar_a2m8_launch.py
[1.263s] -- Up-to-date symlink: /home/anna/ros2_ws1/install/sllidar_ros2/share/sllidar_ros2/launch/view_sllidar_a3_launch.py
[1.263s] -- Up-to-date symlink: /home/anna/ros2_ws1/install/sllidar_ros2/share/sllidar_ros2/launch/view_sllidar_c1_launch.py
[1.263s] -- Up-to-date symlink: /home/anna/ros2_ws1/install/sllidar_ros2/share/sllidar_ros2/launch/view_sllidar_s1_launch.py
[1.263s] -- Up-to-date symlink: /home/anna/ros2_ws1/install/sllidar_ros2/share/sllidar_ros2/launch/view_sllidar_s1_tcp_launch.py
[1.263s] -- Up-to-date symlink: /home/anna/ros2_ws1/install/sllidar_ros2/share/sllidar_ros2/launch/view_sllidar_s2_launch.py
[1.263s] -- Up-to-date symlink: /home/anna/ros2_ws1/install/sllidar_ros2/share/sllidar_ros2/launch/view_sllidar_s2e_launch.py
[1.263s] -- Up-to-date symlink: /home/anna/ros2_ws1/install/sllidar_ros2/share/sllidar_ros2/launch/view_sllidar_s3_launch.py
[1.263s] -- Up-to-date symlink: /home/anna/ros2_ws1/install/sllidar_ros2/share/sllidar_ros2/launch/view_sllidar_t1_launch.py
[1.263s] -- Up-to-date symlink: /home/anna/ros2_ws1/install/sllidar_ros2/share/sllidar_ros2/rviz/sllidar_ros2.rviz
[1.264s] -- Up-to-date symlink: /home/anna/ros2_ws1/install/sllidar_ros2/lib/sllidar_ros2/sllidar_node
[1.264s] -- Up-to-date symlink: /home/anna/ros2_ws1/install/sllidar_ros2/lib/sllidar_ros2/sllidar_client
[1.264s] -- Up-to-date symlink: /home/anna/ros2_ws1/install/sllidar_ros2/share/ament_index/resource_index/package_run_dependencies/sllidar_ros2
[1.264s] -- Up-to-date symlink: /home/anna/ros2_ws1/install/sllidar_ros2/share/ament_index/resource_index/parent_prefix_path/sllidar_ros2
[1.264s] -- Up-to-date symlink: /home/anna/ros2_ws1/install/sllidar_ros2/share/sllidar_ros2/environment/ament_prefix_path.sh
[1.264s] -- Up-to-date symlink: /home/anna/ros2_ws1/install/sllidar_ros2/share/sllidar_ros2/environment/ament_prefix_path.dsv
[1.264s] -- Up-to-date symlink: /home/anna/ros2_ws1/install/sllidar_ros2/share/sllidar_ros2/environment/path.sh
[1.264s] -- Up-to-date symlink: /home/anna/ros2_ws1/install/sllidar_ros2/share/sllidar_ros2/environment/path.dsv
[1.264s] -- Up-to-date symlink: /home/anna/ros2_ws1/install/sllidar_ros2/share/sllidar_ros2/local_setup.bash
[1.265s] -- Up-to-date symlink: /home/anna/ros2_ws1/install/sllidar_ros2/share/sllidar_ros2/local_setup.sh
[1.265s] -- Up-to-date symlink: /home/anna/ros2_ws1/install/sllidar_ros2/share/sllidar_ros2/local_setup.zsh
[1.265s] -- Up-to-date symlink: /home/anna/ros2_ws1/install/sllidar_ros2/share/sllidar_ros2/local_setup.dsv
[1.265s] -- Symlinking: /home/anna/ros2_ws1/install/sllidar_ros2/share/sllidar_ros2/package.dsv
[1.274s] -- Up-to-date symlink: /home/anna/ros2_ws1/install/sllidar_ros2/share/ament_index/resource_index/packages/sllidar_ros2
[1.274s] -- Up-to-date symlink: /home/anna/ros2_ws1/install/sllidar_ros2/share/sllidar_ros2/cmake/ament_cmake_export_dependencies-extras.cmake
[1.275s] -- Up-to-date symlink: /home/anna/ros2_ws1/install/sllidar_ros2/share/sllidar_ros2/cmake/ament_cmake_export_include_directories-extras.cmake
[1.275s] -- Up-to-date symlink: /home/anna/ros2_ws1/install/sllidar_ros2/share/sllidar_ros2/cmake/sllidar_ros2Config.cmake
[1.275s] -- Up-to-date symlink: /home/anna/ros2_ws1/install/sllidar_ros2/share/sllidar_ros2/cmake/sllidar_ros2Config-version.cmake
[1.275s] -- Up-to-date symlink: /home/anna/ros2_ws1/install/sllidar_ros2/share/sllidar_ros2/package.xml
[1.278s] Invoked command in '/home/anna/ros2_ws1/build/sllidar_ros2' returned '0': CMAKE_PREFIX_PATH=${CMAKE_PREFIX_PATH}:/home/anna/ros2_ws1/install/raspberry_pkg:/home/anna/ros2_ws1/install/nav_in_lab1:/home/anna/ros2_ws1/install/nav_in_lab:/home/anna/ros2_ws1/install/lvr_project:/home/anna/ros2_ws1/install/kalman_publish:/home/anna/ros2_ws1/install/Raspberry:/opt/ros/humble /usr/bin/cmake --install /home/anna/ros2_ws1/build/sllidar_ros2
