[0.097s] DEBUG:colcon:Command line arguments: ['/usr/bin/colcon', 'build', '--symlink-install']
[0.097s] DEBUG:colcon:Parsed command line arguments: Namespace(log_base=None, log_level=None, verb_name='build', build_base='build', install_base='install', merge_install=False, symlink_install=True, test_result_base=None, continue_on_error=False, executor='parallel', parallel_workers=16, event_handlers=None, ignore_user_meta=False, metas=['./colcon.meta'], base_paths=['.'], packages_ignore=None, packages_ignore_regex=None, paths=None, packages_up_to=None, packages_up_to_regex=None, packages_above=None, packages_above_and_dependencies=None, packages_above_depth=None, packages_select_by_dep=None, packages_skip_by_dep=None, packages_skip_up_to=None, packages_select_build_failed=False, packages_skip_build_finished=False, packages_select_test_failures=False, packages_skip_test_passed=False, packages_select=None, packages_skip=None, packages_select_regex=None, packages_skip_regex=None, packages_start=None, packages_end=None, allow_overriding=[], cmake_args=None, cmake_target=None, cmake_target_skip_unavailable=False, cmake_clean_cache=False, cmake_clean_first=False, cmake_force_configure=False, ament_cmake_args=None, catkin_cmake_args=None, catkin_skip_building_tests=False, mixin_files=None, mixin=None, verb_parser=<colcon_mixin.mixin.mixin_argument.MixinArgumentDecorator object at 0x74d54c5332b0>, verb_extension=<colcon_core.verb.build.BuildVerb object at 0x74d54c532bc0>, main=<bound method BuildVerb.main of <colcon_core.verb.build.BuildVerb object at 0x74d54c532bc0>>, mixin_verb=('build',))
[0.127s] Level 1:colcon.colcon_core.package_discovery:discover_packages(colcon_meta) check parameters
[0.127s] Level 1:colcon.colcon_core.package_discovery:discover_packages(recursive) check parameters
[0.127s] Level 1:colcon.colcon_core.package_discovery:discover_packages(ignore) check parameters
[0.127s] Level 1:colcon.colcon_core.package_discovery:discover_packages(path) check parameters
[0.127s] Level 1:colcon.colcon_core.package_discovery:discover_packages(colcon_meta) discover
[0.127s] Level 1:colcon.colcon_core.package_discovery:discover_packages(recursive) discover
[0.127s] INFO:colcon.colcon_core.package_discovery:Crawling recursively for packages in '/home/anna/ros2_ws1'
[0.127s] Level 1:colcon.colcon_core.package_identification:_identify(.) by extensions ['ignore', 'ignore_ament_install']
[0.127s] Level 1:colcon.colcon_core.package_identification:_identify(.) by extension 'ignore'
[0.127s] Level 1:colcon.colcon_core.package_identification:_identify(.) by extension 'ignore_ament_install'
[0.127s] Level 1:colcon.colcon_core.package_identification:_identify(.) by extensions ['colcon_pkg']
[0.127s] Level 1:colcon.colcon_core.package_identification:_identify(.) by extension 'colcon_pkg'
[0.127s] Level 1:colcon.colcon_core.package_identification:_identify(.) by extensions ['colcon_meta']
[0.128s] Level 1:colcon.colcon_core.package_identification:_identify(.) by extension 'colcon_meta'
[0.128s] Level 1:colcon.colcon_core.package_identification:_identify(.) by extensions ['ros']
[0.128s] Level 1:colcon.colcon_core.package_identification:_identify(.) by extension 'ros'
[0.139s] Level 1:colcon.colcon_core.package_identification:_identify(.) by extensions ['cmake', 'python']
[0.140s] Level 1:colcon.colcon_core.package_identification:_identify(.) by extension 'cmake'
[0.140s] Level 1:colcon.colcon_core.package_identification:_identify(.) by extension 'python'
[0.140s] Level 1:colcon.colcon_core.package_identification:_identify(.) by extensions ['python_setup_py']
[0.140s] Level 1:colcon.colcon_core.package_identification:_identify(.) by extension 'python_setup_py'
[0.140s] Level 1:colcon.colcon_core.package_identification:_identify(build) by extensions ['ignore', 'ignore_ament_install']
[0.140s] Level 1:colcon.colcon_core.package_identification:_identify(build) by extension 'ignore'
[0.140s] Level 1:colcon.colcon_core.package_identification:_identify(build) ignored
[0.140s] Level 1:colcon.colcon_core.package_identification:_identify(install) by extensions ['ignore', 'ignore_ament_install']
[0.140s] Level 1:colcon.colcon_core.package_identification:_identify(install) by extension 'ignore'
[0.140s] Level 1:colcon.colcon_core.package_identification:_identify(install) ignored
[0.140s] Level 1:colcon.colcon_core.package_identification:_identify(log) by extensions ['ignore', 'ignore_ament_install']
[0.140s] Level 1:colcon.colcon_core.package_identification:_identify(log) by extension 'ignore'
[0.140s] Level 1:colcon.colcon_core.package_identification:_identify(log) ignored
[0.140s] Level 1:colcon.colcon_core.package_identification:_identify(src) by extensions ['ignore', 'ignore_ament_install']
[0.140s] Level 1:colcon.colcon_core.package_identification:_identify(src) by extension 'ignore'
[0.140s] Level 1:colcon.colcon_core.package_identification:_identify(src) by extension 'ignore_ament_install'
[0.140s] Level 1:colcon.colcon_core.package_identification:_identify(src) by extensions ['colcon_pkg']
[0.140s] Level 1:colcon.colcon_core.package_identification:_identify(src) by extension 'colcon_pkg'
[0.140s] Level 1:colcon.colcon_core.package_identification:_identify(src) by extensions ['colcon_meta']
[0.141s] Level 1:colcon.colcon_core.package_identification:_identify(src) by extension 'colcon_meta'
[0.141s] Level 1:colcon.colcon_core.package_identification:_identify(src) by extensions ['ros']
[0.141s] Level 1:colcon.colcon_core.package_identification:_identify(src) by extension 'ros'
[0.141s] Level 1:colcon.colcon_core.package_identification:_identify(src) by extensions ['cmake', 'python']
[0.141s] Level 1:colcon.colcon_core.package_identification:_identify(src) by extension 'cmake'
[0.141s] Level 1:colcon.colcon_core.package_identification:_identify(src) by extension 'python'
[0.141s] Level 1:colcon.colcon_core.package_identification:_identify(src) by extensions ['python_setup_py']
[0.141s] Level 1:colcon.colcon_core.package_identification:_identify(src) by extension 'python_setup_py'
[0.141s] Level 1:colcon.colcon_core.package_identification:_identify(src/kalman_filter_localization) by extensions ['ignore', 'ignore_ament_install']
[0.141s] Level 1:colcon.colcon_core.package_identification:_identify(src/kalman_filter_localization) by extension 'ignore'
[0.141s] Level 1:colcon.colcon_core.package_identification:_identify(src/kalman_filter_localization) by extension 'ignore_ament_install'
[0.141s] Level 1:colcon.colcon_core.package_identification:_identify(src/kalman_filter_localization) by extensions ['colcon_pkg']
[0.141s] Level 1:colcon.colcon_core.package_identification:_identify(src/kalman_filter_localization) by extension 'colcon_pkg'
[0.141s] Level 1:colcon.colcon_core.package_identification:_identify(src/kalman_filter_localization) by extensions ['colcon_meta']
[0.141s] Level 1:colcon.colcon_core.package_identification:_identify(src/kalman_filter_localization) by extension 'colcon_meta'
[0.141s] Level 1:colcon.colcon_core.package_identification:_identify(src/kalman_filter_localization) by extensions ['ros']
[0.141s] Level 1:colcon.colcon_core.package_identification:_identify(src/kalman_filter_localization) by extension 'ros'
[0.144s] DEBUG:colcon.colcon_core.package_identification:Package 'src/kalman_filter_localization' with type 'ros.ament_cmake' and name 'kalman_filter_localization'
[0.144s] Level 1:colcon.colcon_core.package_identification:_identify(src/kalman_publish) by extensions ['ignore', 'ignore_ament_install']
[0.144s] Level 1:colcon.colcon_core.package_identification:_identify(src/kalman_publish) by extension 'ignore'
[0.144s] Level 1:colcon.colcon_core.package_identification:_identify(src/kalman_publish) by extension 'ignore_ament_install'
[0.144s] Level 1:colcon.colcon_core.package_identification:_identify(src/kalman_publish) by extensions ['colcon_pkg']
[0.144s] Level 1:colcon.colcon_core.package_identification:_identify(src/kalman_publish) by extension 'colcon_pkg'
[0.144s] Level 1:colcon.colcon_core.package_identification:_identify(src/kalman_publish) by extensions ['colcon_meta']
[0.144s] Level 1:colcon.colcon_core.package_identification:_identify(src/kalman_publish) by extension 'colcon_meta'
[0.144s] Level 1:colcon.colcon_core.package_identification:_identify(src/kalman_publish) by extensions ['ros']
[0.144s] Level 1:colcon.colcon_core.package_identification:_identify(src/kalman_publish) by extension 'ros'
[0.144s] DEBUG:colcon.colcon_core.package_identification:Package 'src/kalman_publish' with type 'ros.ament_python' and name 'kalman_publish'
[0.144s] Level 1:colcon.colcon_core.package_identification:_identify(src/kiss-icp) by extensions ['ignore', 'ignore_ament_install']
[0.145s] Level 1:colcon.colcon_core.package_identification:_identify(src/kiss-icp) by extension 'ignore'
[0.145s] Level 1:colcon.colcon_core.package_identification:_identify(src/kiss-icp) by extension 'ignore_ament_install'
[0.145s] Level 1:colcon.colcon_core.package_identification:_identify(src/kiss-icp) by extensions ['colcon_pkg']
[0.145s] Level 1:colcon.colcon_core.package_identification:_identify(src/kiss-icp) by extension 'colcon_pkg'
[0.145s] Level 1:colcon.colcon_core.package_identification:_identify(src/kiss-icp) by extensions ['colcon_meta']
[0.145s] Level 1:colcon.colcon_core.package_identification:_identify(src/kiss-icp) by extension 'colcon_meta'
[0.145s] Level 1:colcon.colcon_core.package_identification:_identify(src/kiss-icp) by extensions ['ros']
[0.145s] Level 1:colcon.colcon_core.package_identification:_identify(src/kiss-icp) by extension 'ros'
[0.145s] Level 1:colcon.colcon_core.package_identification:_identify(src/kiss-icp) by extensions ['cmake', 'python']
[0.145s] Level 1:colcon.colcon_core.package_identification:_identify(src/kiss-icp) by extension 'cmake'
[0.145s] Level 1:colcon.colcon_core.package_identification:_identify(src/kiss-icp) by extension 'python'
[0.145s] Level 1:colcon.colcon_core.package_identification:_identify(src/kiss-icp) by extensions ['python_setup_py']
[0.145s] Level 1:colcon.colcon_core.package_identification:_identify(src/kiss-icp) by extension 'python_setup_py'
[0.145s] Level 1:colcon.colcon_core.package_identification:_identify(src/kiss-icp/config) by extensions ['ignore', 'ignore_ament_install']
[0.145s] Level 1:colcon.colcon_core.package_identification:_identify(src/kiss-icp/config) by extension 'ignore'
[0.145s] Level 1:colcon.colcon_core.package_identification:_identify(src/kiss-icp/config) by extension 'ignore_ament_install'
[0.145s] Level 1:colcon.colcon_core.package_identification:_identify(src/kiss-icp/config) by extensions ['colcon_pkg']
[0.145s] Level 1:colcon.colcon_core.package_identification:_identify(src/kiss-icp/config) by extension 'colcon_pkg'
[0.145s] Level 1:colcon.colcon_core.package_identification:_identify(src/kiss-icp/config) by extensions ['colcon_meta']
[0.145s] Level 1:colcon.colcon_core.package_identification:_identify(src/kiss-icp/config) by extension 'colcon_meta'
[0.145s] Level 1:colcon.colcon_core.package_identification:_identify(src/kiss-icp/config) by extensions ['ros']
[0.145s] Level 1:colcon.colcon_core.package_identification:_identify(src/kiss-icp/config) by extension 'ros'
[0.145s] Level 1:colcon.colcon_core.package_identification:_identify(src/kiss-icp/config) by extensions ['cmake', 'python']
[0.145s] Level 1:colcon.colcon_core.package_identification:_identify(src/kiss-icp/config) by extension 'cmake'
[0.145s] Level 1:colcon.colcon_core.package_identification:_identify(src/kiss-icp/config) by extension 'python'
[0.145s] Level 1:colcon.colcon_core.package_identification:_identify(src/kiss-icp/config) by extensions ['python_setup_py']
[0.145s] Level 1:colcon.colcon_core.package_identification:_identify(src/kiss-icp/config) by extension 'python_setup_py'
[0.145s] Level 1:colcon.colcon_core.package_identification:_identify(src/kiss-icp/cpp) by extensions ['ignore', 'ignore_ament_install']
[0.146s] Level 1:colcon.colcon_core.package_identification:_identify(src/kiss-icp/cpp) by extension 'ignore'
[0.146s] Level 1:colcon.colcon_core.package_identification:_identify(src/kiss-icp/cpp) ignored
[0.146s] Level 1:colcon.colcon_core.package_identification:_identify(src/kiss-icp/eval) by extensions ['ignore', 'ignore_ament_install']
[0.146s] Level 1:colcon.colcon_core.package_identification:_identify(src/kiss-icp/eval) by extension 'ignore'
[0.146s] Level 1:colcon.colcon_core.package_identification:_identify(src/kiss-icp/eval) by extension 'ignore_ament_install'
[0.146s] Level 1:colcon.colcon_core.package_identification:_identify(src/kiss-icp/eval) by extensions ['colcon_pkg']
[0.146s] Level 1:colcon.colcon_core.package_identification:_identify(src/kiss-icp/eval) by extension 'colcon_pkg'
[0.146s] Level 1:colcon.colcon_core.package_identification:_identify(src/kiss-icp/eval) by extensions ['colcon_meta']
[0.146s] Level 1:colcon.colcon_core.package_identification:_identify(src/kiss-icp/eval) by extension 'colcon_meta'
[0.146s] Level 1:colcon.colcon_core.package_identification:_identify(src/kiss-icp/eval) by extensions ['ros']
[0.146s] Level 1:colcon.colcon_core.package_identification:_identify(src/kiss-icp/eval) by extension 'ros'
[0.146s] Level 1:colcon.colcon_core.package_identification:_identify(src/kiss-icp/eval) by extensions ['cmake', 'python']
[0.146s] Level 1:colcon.colcon_core.package_identification:_identify(src/kiss-icp/eval) by extension 'cmake'
[0.146s] Level 1:colcon.colcon_core.package_identification:_identify(src/kiss-icp/eval) by extension 'python'
[0.146s] Level 1:colcon.colcon_core.package_identification:_identify(src/kiss-icp/eval) by extensions ['python_setup_py']
[0.146s] Level 1:colcon.colcon_core.package_identification:_identify(src/kiss-icp/eval) by extension 'python_setup_py'
[0.146s] Level 1:colcon.colcon_core.package_identification:_identify(src/kiss-icp/python) by extensions ['ignore', 'ignore_ament_install']
[0.146s] Level 1:colcon.colcon_core.package_identification:_identify(src/kiss-icp/python) by extension 'ignore'
[0.146s] Level 1:colcon.colcon_core.package_identification:_identify(src/kiss-icp/python) ignored
[0.146s] Level 1:colcon.colcon_core.package_identification:_identify(src/kiss-icp/ros) by extensions ['ignore', 'ignore_ament_install']
[0.146s] Level 1:colcon.colcon_core.package_identification:_identify(src/kiss-icp/ros) by extension 'ignore'
[0.146s] Level 1:colcon.colcon_core.package_identification:_identify(src/kiss-icp/ros) by extension 'ignore_ament_install'
[0.146s] Level 1:colcon.colcon_core.package_identification:_identify(src/kiss-icp/ros) by extensions ['colcon_pkg']
[0.146s] Level 1:colcon.colcon_core.package_identification:_identify(src/kiss-icp/ros) by extension 'colcon_pkg'
[0.146s] Level 1:colcon.colcon_core.package_identification:_identify(src/kiss-icp/ros) by extensions ['colcon_meta']
[0.146s] Level 1:colcon.colcon_core.package_identification:_identify(src/kiss-icp/ros) by extension 'colcon_meta'
[0.146s] Level 1:colcon.colcon_core.package_identification:_identify(src/kiss-icp/ros) by extensions ['ros']
[0.147s] Level 1:colcon.colcon_core.package_identification:_identify(src/kiss-icp/ros) by extension 'ros'
[0.148s] DEBUG:colcon.colcon_core.package_identification:Package 'src/kiss-icp/ros' with type 'ros.ament_cmake' and name 'kiss_icp'
[0.148s] Level 1:colcon.colcon_core.package_identification:_identify(src/lvr_project) by extensions ['ignore', 'ignore_ament_install']
[0.148s] Level 1:colcon.colcon_core.package_identification:_identify(src/lvr_project) by extension 'ignore'
[0.148s] Level 1:colcon.colcon_core.package_identification:_identify(src/lvr_project) by extension 'ignore_ament_install'
[0.148s] Level 1:colcon.colcon_core.package_identification:_identify(src/lvr_project) by extensions ['colcon_pkg']
[0.148s] Level 1:colcon.colcon_core.package_identification:_identify(src/lvr_project) by extension 'colcon_pkg'
[0.148s] Level 1:colcon.colcon_core.package_identification:_identify(src/lvr_project) by extensions ['colcon_meta']
[0.148s] Level 1:colcon.colcon_core.package_identification:_identify(src/lvr_project) by extension 'colcon_meta'
[0.148s] Level 1:colcon.colcon_core.package_identification:_identify(src/lvr_project) by extensions ['ros']
[0.148s] Level 1:colcon.colcon_core.package_identification:_identify(src/lvr_project) by extension 'ros'
[0.148s] DEBUG:colcon.colcon_core.package_identification:Package 'src/lvr_project' with type 'ros.ament_python' and name 'lvr_project'
[0.148s] Level 1:colcon.colcon_core.package_identification:_identify(src/nav_in_lab) by extensions ['ignore', 'ignore_ament_install']
[0.148s] Level 1:colcon.colcon_core.package_identification:_identify(src/nav_in_lab) by extension 'ignore'
[0.148s] Level 1:colcon.colcon_core.package_identification:_identify(src/nav_in_lab) by extension 'ignore_ament_install'
[0.148s] Level 1:colcon.colcon_core.package_identification:_identify(src/nav_in_lab) by extensions ['colcon_pkg']
[0.148s] Level 1:colcon.colcon_core.package_identification:_identify(src/nav_in_lab) by extension 'colcon_pkg'
[0.149s] Level 1:colcon.colcon_core.package_identification:_identify(src/nav_in_lab) by extensions ['colcon_meta']
[0.149s] Level 1:colcon.colcon_core.package_identification:_identify(src/nav_in_lab) by extension 'colcon_meta'
[0.149s] Level 1:colcon.colcon_core.package_identification:_identify(src/nav_in_lab) by extensions ['ros']
[0.149s] Level 1:colcon.colcon_core.package_identification:_identify(src/nav_in_lab) by extension 'ros'
[0.149s] DEBUG:colcon.colcon_core.package_identification:Package 'src/nav_in_lab' with type 'ros.ament_python' and name 'nav_in_lab'
[0.149s] Level 1:colcon.colcon_core.package_identification:_identify(src/nav_in_lab1) by extensions ['ignore', 'ignore_ament_install']
[0.149s] Level 1:colcon.colcon_core.package_identification:_identify(src/nav_in_lab1) by extension 'ignore'
[0.149s] Level 1:colcon.colcon_core.package_identification:_identify(src/nav_in_lab1) by extension 'ignore_ament_install'
[0.149s] Level 1:colcon.colcon_core.package_identification:_identify(src/nav_in_lab1) by extensions ['colcon_pkg']
[0.149s] Level 1:colcon.colcon_core.package_identification:_identify(src/nav_in_lab1) by extension 'colcon_pkg'
[0.149s] Level 1:colcon.colcon_core.package_identification:_identify(src/nav_in_lab1) by extensions ['colcon_meta']
[0.149s] Level 1:colcon.colcon_core.package_identification:_identify(src/nav_in_lab1) by extension 'colcon_meta'
[0.150s] Level 1:colcon.colcon_core.package_identification:_identify(src/nav_in_lab1) by extensions ['ros']
[0.150s] Level 1:colcon.colcon_core.package_identification:_identify(src/nav_in_lab1) by extension 'ros'
[0.150s] DEBUG:colcon.colcon_core.package_identification:Package 'src/nav_in_lab1' with type 'ros.ament_python' and name 'nav_in_lab1'
[0.150s] Level 1:colcon.colcon_core.package_identification:_identify(src/raspberry_pkg) by extensions ['ignore', 'ignore_ament_install']
[0.150s] Level 1:colcon.colcon_core.package_identification:_identify(src/raspberry_pkg) by extension 'ignore'
[0.150s] Level 1:colcon.colcon_core.package_identification:_identify(src/raspberry_pkg) by extension 'ignore_ament_install'
[0.150s] Level 1:colcon.colcon_core.package_identification:_identify(src/raspberry_pkg) by extensions ['colcon_pkg']
[0.150s] Level 1:colcon.colcon_core.package_identification:_identify(src/raspberry_pkg) by extension 'colcon_pkg'
[0.150s] Level 1:colcon.colcon_core.package_identification:_identify(src/raspberry_pkg) by extensions ['colcon_meta']
[0.150s] Level 1:colcon.colcon_core.package_identification:_identify(src/raspberry_pkg) by extension 'colcon_meta'
[0.150s] Level 1:colcon.colcon_core.package_identification:_identify(src/raspberry_pkg) by extensions ['ros']
[0.150s] Level 1:colcon.colcon_core.package_identification:_identify(src/raspberry_pkg) by extension 'ros'
[0.151s] DEBUG:colcon.colcon_core.package_identification:Package 'src/raspberry_pkg' with type 'ros.ament_python' and name 'raspberry_pkg'
[0.151s] Level 1:colcon.colcon_core.package_identification:_identify(src/sllidar_ros2) by extensions ['ignore', 'ignore_ament_install']
[0.151s] Level 1:colcon.colcon_core.package_identification:_identify(src/sllidar_ros2) by extension 'ignore'
[0.151s] Level 1:colcon.colcon_core.package_identification:_identify(src/sllidar_ros2) by extension 'ignore_ament_install'
[0.151s] Level 1:colcon.colcon_core.package_identification:_identify(src/sllidar_ros2) by extensions ['colcon_pkg']
[0.151s] Level 1:colcon.colcon_core.package_identification:_identify(src/sllidar_ros2) by extension 'colcon_pkg'
[0.151s] Level 1:colcon.colcon_core.package_identification:_identify(src/sllidar_ros2) by extensions ['colcon_meta']
[0.151s] Level 1:colcon.colcon_core.package_identification:_identify(src/sllidar_ros2) by extension 'colcon_meta'
[0.151s] Level 1:colcon.colcon_core.package_identification:_identify(src/sllidar_ros2) by extensions ['ros']
[0.151s] Level 1:colcon.colcon_core.package_identification:_identify(src/sllidar_ros2) by extension 'ros'
[0.152s] DEBUG:colcon.colcon_core.package_identification:Package 'src/sllidar_ros2' with type 'ros.ament_cmake' and name 'sllidar_ros2'
[0.152s] Level 1:colcon.colcon_core.package_discovery:discover_packages(recursive) using defaults
[0.152s] Level 1:colcon.colcon_core.package_discovery:discover_packages(ignore) discover
[0.152s] Level 1:colcon.colcon_core.package_discovery:discover_packages(ignore) using defaults
[0.152s] Level 1:colcon.colcon_core.package_discovery:discover_packages(path) discover
[0.152s] Level 1:colcon.colcon_core.package_discovery:discover_packages(path) using defaults
[0.169s] Level 1:colcon.colcon_core.package_discovery:discover_packages(prefix_path) check parameters
[0.170s] Level 1:colcon.colcon_core.package_discovery:discover_packages(prefix_path) discover
[0.171s] DEBUG:colcon.colcon_installed_package_information.package_discovery:Found 9 installed packages in /home/anna/ros2_ws1/install
[0.171s] DEBUG:colcon.colcon_installed_package_information.package_discovery:Found 0 installed packages in /home/anna/ros2_ws/install
[0.173s] DEBUG:colcon.colcon_installed_package_information.package_discovery:Found 452 installed packages in /opt/ros/humble
[0.175s] Level 1:colcon.colcon_core.package_discovery:discover_packages(prefix_path) using defaults
[0.229s] Level 5:colcon.colcon_core.verb:set package 'kalman_filter_localization' build argument 'cmake_args' from command line to 'None'
[0.229s] Level 5:colcon.colcon_core.verb:set package 'kalman_filter_localization' build argument 'cmake_target' from command line to 'None'
[0.229s] Level 5:colcon.colcon_core.verb:set package 'kalman_filter_localization' build argument 'cmake_target_skip_unavailable' from command line to 'False'
[0.229s] Level 5:colcon.colcon_core.verb:set package 'kalman_filter_localization' build argument 'cmake_clean_cache' from command line to 'False'
[0.229s] Level 5:colcon.colcon_core.verb:set package 'kalman_filter_localization' build argument 'cmake_clean_first' from command line to 'False'
[0.229s] Level 5:colcon.colcon_core.verb:set package 'kalman_filter_localization' build argument 'cmake_force_configure' from command line to 'False'
[0.229s] Level 5:colcon.colcon_core.verb:set package 'kalman_filter_localization' build argument 'ament_cmake_args' from command line to 'None'
[0.229s] Level 5:colcon.colcon_core.verb:set package 'kalman_filter_localization' build argument 'catkin_cmake_args' from command line to 'None'
[0.229s] Level 5:colcon.colcon_core.verb:set package 'kalman_filter_localization' build argument 'catkin_skip_building_tests' from command line to 'False'
[0.229s] DEBUG:colcon.colcon_core.verb:Building package 'kalman_filter_localization' with the following arguments: {'ament_cmake_args': None, 'build_base': '/home/anna/ros2_ws1/build/kalman_filter_localization', 'catkin_cmake_args': None, 'catkin_skip_building_tests': False, 'cmake_args': None, 'cmake_clean_cache': False, 'cmake_clean_first': False, 'cmake_force_configure': False, 'cmake_target': None, 'cmake_target_skip_unavailable': False, 'install_base': '/home/anna/ros2_ws1/install/kalman_filter_localization', 'merge_install': False, 'path': '/home/anna/ros2_ws1/src/kalman_filter_localization', 'symlink_install': True, 'test_result_base': None}
[0.230s] Level 5:colcon.colcon_core.verb:set package 'kalman_publish' build argument 'cmake_args' from command line to 'None'
[0.230s] Level 5:colcon.colcon_core.verb:set package 'kalman_publish' build argument 'cmake_target' from command line to 'None'
[0.230s] Level 5:colcon.colcon_core.verb:set package 'kalman_publish' build argument 'cmake_target_skip_unavailable' from command line to 'False'
[0.230s] Level 5:colcon.colcon_core.verb:set package 'kalman_publish' build argument 'cmake_clean_cache' from command line to 'False'
[0.230s] Level 5:colcon.colcon_core.verb:set package 'kalman_publish' build argument 'cmake_clean_first' from command line to 'False'
[0.230s] Level 5:colcon.colcon_core.verb:set package 'kalman_publish' build argument 'cmake_force_configure' from command line to 'False'
[0.230s] Level 5:colcon.colcon_core.verb:set package 'kalman_publish' build argument 'ament_cmake_args' from command line to 'None'
[0.230s] Level 5:colcon.colcon_core.verb:set package 'kalman_publish' build argument 'catkin_cmake_args' from command line to 'None'
[0.230s] Level 5:colcon.colcon_core.verb:set package 'kalman_publish' build argument 'catkin_skip_building_tests' from command line to 'False'
[0.230s] DEBUG:colcon.colcon_core.verb:Building package 'kalman_publish' with the following arguments: {'ament_cmake_args': None, 'build_base': '/home/anna/ros2_ws1/build/kalman_publish', 'catkin_cmake_args': None, 'catkin_skip_building_tests': False, 'cmake_args': None, 'cmake_clean_cache': False, 'cmake_clean_first': False, 'cmake_force_configure': False, 'cmake_target': None, 'cmake_target_skip_unavailable': False, 'install_base': '/home/anna/ros2_ws1/install/kalman_publish', 'merge_install': False, 'path': '/home/anna/ros2_ws1/src/kalman_publish', 'symlink_install': True, 'test_result_base': None}
[0.230s] Level 5:colcon.colcon_core.verb:set package 'kiss_icp' build argument 'cmake_args' from command line to 'None'
[0.230s] Level 5:colcon.colcon_core.verb:set package 'kiss_icp' build argument 'cmake_target' from command line to 'None'
[0.230s] Level 5:colcon.colcon_core.verb:set package 'kiss_icp' build argument 'cmake_target_skip_unavailable' from command line to 'False'
[0.230s] Level 5:colcon.colcon_core.verb:set package 'kiss_icp' build argument 'cmake_clean_cache' from command line to 'False'
[0.230s] Level 5:colcon.colcon_core.verb:set package 'kiss_icp' build argument 'cmake_clean_first' from command line to 'False'
[0.230s] Level 5:colcon.colcon_core.verb:set package 'kiss_icp' build argument 'cmake_force_configure' from command line to 'False'
[0.230s] Level 5:colcon.colcon_core.verb:set package 'kiss_icp' build argument 'ament_cmake_args' from command line to 'None'
[0.230s] Level 5:colcon.colcon_core.verb:set package 'kiss_icp' build argument 'catkin_cmake_args' from command line to 'None'
[0.230s] Level 5:colcon.colcon_core.verb:set package 'kiss_icp' build argument 'catkin_skip_building_tests' from command line to 'False'
[0.230s] DEBUG:colcon.colcon_core.verb:Building package 'kiss_icp' with the following arguments: {'ament_cmake_args': None, 'build_base': '/home/anna/ros2_ws1/build/kiss_icp', 'catkin_cmake_args': None, 'catkin_skip_building_tests': False, 'cmake_args': None, 'cmake_clean_cache': False, 'cmake_clean_first': False, 'cmake_force_configure': False, 'cmake_target': None, 'cmake_target_skip_unavailable': False, 'install_base': '/home/anna/ros2_ws1/install/kiss_icp', 'merge_install': False, 'path': '/home/anna/ros2_ws1/src/kiss-icp/ros', 'symlink_install': True, 'test_result_base': None}
[0.231s] Level 5:colcon.colcon_core.verb:set package 'lvr_project' build argument 'cmake_args' from command line to 'None'
[0.231s] Level 5:colcon.colcon_core.verb:set package 'lvr_project' build argument 'cmake_target' from command line to 'None'
[0.231s] Level 5:colcon.colcon_core.verb:set package 'lvr_project' build argument 'cmake_target_skip_unavailable' from command line to 'False'
[0.231s] Level 5:colcon.colcon_core.verb:set package 'lvr_project' build argument 'cmake_clean_cache' from command line to 'False'
[0.231s] Level 5:colcon.colcon_core.verb:set package 'lvr_project' build argument 'cmake_clean_first' from command line to 'False'
[0.231s] Level 5:colcon.colcon_core.verb:set package 'lvr_project' build argument 'cmake_force_configure' from command line to 'False'
[0.231s] Level 5:colcon.colcon_core.verb:set package 'lvr_project' build argument 'ament_cmake_args' from command line to 'None'
[0.231s] Level 5:colcon.colcon_core.verb:set package 'lvr_project' build argument 'catkin_cmake_args' from command line to 'None'
[0.231s] Level 5:colcon.colcon_core.verb:set package 'lvr_project' build argument 'catkin_skip_building_tests' from command line to 'False'
[0.231s] DEBUG:colcon.colcon_core.verb:Building package 'lvr_project' with the following arguments: {'ament_cmake_args': None, 'build_base': '/home/anna/ros2_ws1/build/lvr_project', 'catkin_cmake_args': None, 'catkin_skip_building_tests': False, 'cmake_args': None, 'cmake_clean_cache': False, 'cmake_clean_first': False, 'cmake_force_configure': False, 'cmake_target': None, 'cmake_target_skip_unavailable': False, 'install_base': '/home/anna/ros2_ws1/install/lvr_project', 'merge_install': False, 'path': '/home/anna/ros2_ws1/src/lvr_project', 'symlink_install': True, 'test_result_base': None}
[0.231s] Level 5:colcon.colcon_core.verb:set package 'nav_in_lab' build argument 'cmake_args' from command line to 'None'
[0.231s] Level 5:colcon.colcon_core.verb:set package 'nav_in_lab' build argument 'cmake_target' from command line to 'None'
[0.231s] Level 5:colcon.colcon_core.verb:set package 'nav_in_lab' build argument 'cmake_target_skip_unavailable' from command line to 'False'
[0.231s] Level 5:colcon.colcon_core.verb:set package 'nav_in_lab' build argument 'cmake_clean_cache' from command line to 'False'
[0.231s] Level 5:colcon.colcon_core.verb:set package 'nav_in_lab' build argument 'cmake_clean_first' from command line to 'False'
[0.231s] Level 5:colcon.colcon_core.verb:set package 'nav_in_lab' build argument 'cmake_force_configure' from command line to 'False'
[0.231s] Level 5:colcon.colcon_core.verb:set package 'nav_in_lab' build argument 'ament_cmake_args' from command line to 'None'
[0.231s] Level 5:colcon.colcon_core.verb:set package 'nav_in_lab' build argument 'catkin_cmake_args' from command line to 'None'
[0.231s] Level 5:colcon.colcon_core.verb:set package 'nav_in_lab' build argument 'catkin_skip_building_tests' from command line to 'False'
[0.231s] DEBUG:colcon.colcon_core.verb:Building package 'nav_in_lab' with the following arguments: {'ament_cmake_args': None, 'build_base': '/home/anna/ros2_ws1/build/nav_in_lab', 'catkin_cmake_args': None, 'catkin_skip_building_tests': False, 'cmake_args': None, 'cmake_clean_cache': False, 'cmake_clean_first': False, 'cmake_force_configure': False, 'cmake_target': None, 'cmake_target_skip_unavailable': False, 'install_base': '/home/anna/ros2_ws1/install/nav_in_lab', 'merge_install': False, 'path': '/home/anna/ros2_ws1/src/nav_in_lab', 'symlink_install': True, 'test_result_base': None}
[0.231s] Level 5:colcon.colcon_core.verb:set package 'nav_in_lab1' build argument 'cmake_args' from command line to 'None'
[0.231s] Level 5:colcon.colcon_core.verb:set package 'nav_in_lab1' build argument 'cmake_target' from command line to 'None'
[0.231s] Level 5:colcon.colcon_core.verb:set package 'nav_in_lab1' build argument 'cmake_target_skip_unavailable' from command line to 'False'
[0.231s] Level 5:colcon.colcon_core.verb:set package 'nav_in_lab1' build argument 'cmake_clean_cache' from command line to 'False'
[0.231s] Level 5:colcon.colcon_core.verb:set package 'nav_in_lab1' build argument 'cmake_clean_first' from command line to 'False'
[0.231s] Level 5:colcon.colcon_core.verb:set package 'nav_in_lab1' build argument 'cmake_force_configure' from command line to 'False'
[0.231s] Level 5:colcon.colcon_core.verb:set package 'nav_in_lab1' build argument 'ament_cmake_args' from command line to 'None'
[0.231s] Level 5:colcon.colcon_core.verb:set package 'nav_in_lab1' build argument 'catkin_cmake_args' from command line to 'None'
[0.231s] Level 5:colcon.colcon_core.verb:set package 'nav_in_lab1' build argument 'catkin_skip_building_tests' from command line to 'False'
[0.231s] DEBUG:colcon.colcon_core.verb:Building package 'nav_in_lab1' with the following arguments: {'ament_cmake_args': None, 'build_base': '/home/anna/ros2_ws1/build/nav_in_lab1', 'catkin_cmake_args': None, 'catkin_skip_building_tests': False, 'cmake_args': None, 'cmake_clean_cache': False, 'cmake_clean_first': False, 'cmake_force_configure': False, 'cmake_target': None, 'cmake_target_skip_unavailable': False, 'install_base': '/home/anna/ros2_ws1/install/nav_in_lab1', 'merge_install': False, 'path': '/home/anna/ros2_ws1/src/nav_in_lab1', 'symlink_install': True, 'test_result_base': None}
[0.232s] Level 5:colcon.colcon_core.verb:set package 'raspberry_pkg' build argument 'cmake_args' from command line to 'None'
[0.232s] Level 5:colcon.colcon_core.verb:set package 'raspberry_pkg' build argument 'cmake_target' from command line to 'None'
[0.232s] Level 5:colcon.colcon_core.verb:set package 'raspberry_pkg' build argument 'cmake_target_skip_unavailable' from command line to 'False'
[0.232s] Level 5:colcon.colcon_core.verb:set package 'raspberry_pkg' build argument 'cmake_clean_cache' from command line to 'False'
[0.232s] Level 5:colcon.colcon_core.verb:set package 'raspberry_pkg' build argument 'cmake_clean_first' from command line to 'False'
[0.232s] Level 5:colcon.colcon_core.verb:set package 'raspberry_pkg' build argument 'cmake_force_configure' from command line to 'False'
[0.232s] Level 5:colcon.colcon_core.verb:set package 'raspberry_pkg' build argument 'ament_cmake_args' from command line to 'None'
[0.232s] Level 5:colcon.colcon_core.verb:set package 'raspberry_pkg' build argument 'catkin_cmake_args' from command line to 'None'
[0.232s] Level 5:colcon.colcon_core.verb:set package 'raspberry_pkg' build argument 'catkin_skip_building_tests' from command line to 'False'
[0.232s] DEBUG:colcon.colcon_core.verb:Building package 'raspberry_pkg' with the following arguments: {'ament_cmake_args': None, 'build_base': '/home/anna/ros2_ws1/build/raspberry_pkg', 'catkin_cmake_args': None, 'catkin_skip_building_tests': False, 'cmake_args': None, 'cmake_clean_cache': False, 'cmake_clean_first': False, 'cmake_force_configure': False, 'cmake_target': None, 'cmake_target_skip_unavailable': False, 'install_base': '/home/anna/ros2_ws1/install/raspberry_pkg', 'merge_install': False, 'path': '/home/anna/ros2_ws1/src/raspberry_pkg', 'symlink_install': True, 'test_result_base': None}
[0.232s] Level 5:colcon.colcon_core.verb:set package 'sllidar_ros2' build argument 'cmake_args' from command line to 'None'
[0.232s] Level 5:colcon.colcon_core.verb:set package 'sllidar_ros2' build argument 'cmake_target' from command line to 'None'
[0.232s] Level 5:colcon.colcon_core.verb:set package 'sllidar_ros2' build argument 'cmake_target_skip_unavailable' from command line to 'False'
[0.232s] Level 5:colcon.colcon_core.verb:set package 'sllidar_ros2' build argument 'cmake_clean_cache' from command line to 'False'
[0.232s] Level 5:colcon.colcon_core.verb:set package 'sllidar_ros2' build argument 'cmake_clean_first' from command line to 'False'
[0.232s] Level 5:colcon.colcon_core.verb:set package 'sllidar_ros2' build argument 'cmake_force_configure' from command line to 'False'
[0.232s] Level 5:colcon.colcon_core.verb:set package 'sllidar_ros2' build argument 'ament_cmake_args' from command line to 'None'
[0.232s] Level 5:colcon.colcon_core.verb:set package 'sllidar_ros2' build argument 'catkin_cmake_args' from command line to 'None'
[0.232s] Level 5:colcon.colcon_core.verb:set package 'sllidar_ros2' build argument 'catkin_skip_building_tests' from command line to 'False'
[0.232s] DEBUG:colcon.colcon_core.verb:Building package 'sllidar_ros2' with the following arguments: {'ament_cmake_args': None, 'build_base': '/home/anna/ros2_ws1/build/sllidar_ros2', 'catkin_cmake_args': None, 'catkin_skip_building_tests': False, 'cmake_args': None, 'cmake_clean_cache': False, 'cmake_clean_first': False, 'cmake_force_configure': False, 'cmake_target': None, 'cmake_target_skip_unavailable': False, 'install_base': '/home/anna/ros2_ws1/install/sllidar_ros2', 'merge_install': False, 'path': '/home/anna/ros2_ws1/src/sllidar_ros2', 'symlink_install': True, 'test_result_base': None}
[0.232s] INFO:colcon.colcon_core.executor:Executing jobs using 'parallel' executor
[0.233s] DEBUG:colcon.colcon_parallel_executor.executor.parallel:run_until_complete
[0.234s] INFO:colcon.colcon_ros.task.ament_cmake.build:Building ROS package in '/home/anna/ros2_ws1/src/kalman_filter_localization' with build type 'ament_cmake'
[0.234s] INFO:colcon.colcon_cmake.task.cmake.build:Building CMake package in '/home/anna/ros2_ws1/src/kalman_filter_localization'
[0.236s] INFO:colcon.colcon_core.plugin_system:Skipping extension 'colcon_core.shell.bat': Not used on non-Windows systems
[0.236s] INFO:colcon.colcon_core.shell:Skip shell extension 'powershell' for command environment: Not usable outside of PowerShell
[0.236s] DEBUG:colcon.colcon_core.shell:Skip shell extension 'dsv' for command environment
[0.240s] INFO:colcon.colcon_ros.task.ament_python.build:Building ROS package in '/home/anna/ros2_ws1/src/kalman_publish' with build type 'ament_python'
[0.241s] Level 1:colcon.colcon_core.shell:create_environment_hook('kalman_publish', 'ament_prefix_path')
[0.241s] INFO:colcon.colcon_core.shell:Creating environment hook '/home/anna/ros2_ws1/install/kalman_publish/share/kalman_publish/hook/ament_prefix_path.ps1'
[0.241s] INFO:colcon.colcon_core.shell:Creating environment descriptor '/home/anna/ros2_ws1/install/kalman_publish/share/kalman_publish/hook/ament_prefix_path.dsv'
[0.242s] INFO:colcon.colcon_core.shell:Creating environment hook '/home/anna/ros2_ws1/install/kalman_publish/share/kalman_publish/hook/ament_prefix_path.sh'
[0.242s] INFO:colcon.colcon_core.shell:Skip shell extension 'powershell' for command environment: Not usable outside of PowerShell
[0.242s] DEBUG:colcon.colcon_core.shell:Skip shell extension 'dsv' for command environment
[0.246s] INFO:colcon.colcon_ros.task.ament_cmake.build:Building ROS package in '/home/anna/ros2_ws1/src/kiss-icp/ros' with build type 'ament_cmake'
[0.246s] INFO:colcon.colcon_cmake.task.cmake.build:Building CMake package in '/home/anna/ros2_ws1/src/kiss-icp/ros'
[0.247s] INFO:colcon.colcon_core.shell:Skip shell extension 'powershell' for command environment: Not usable outside of PowerShell
[0.247s] DEBUG:colcon.colcon_core.shell:Skip shell extension 'dsv' for command environment
[0.251s] INFO:colcon.colcon_ros.task.ament_python.build:Building ROS package in '/home/anna/ros2_ws1/src/lvr_project' with build type 'ament_python'
[0.251s] Level 1:colcon.colcon_core.shell:create_environment_hook('lvr_project', 'ament_prefix_path')
[0.251s] INFO:colcon.colcon_core.shell:Creating environment hook '/home/anna/ros2_ws1/install/lvr_project/share/lvr_project/hook/ament_prefix_path.ps1'
[0.251s] INFO:colcon.colcon_core.shell:Creating environment descriptor '/home/anna/ros2_ws1/install/lvr_project/share/lvr_project/hook/ament_prefix_path.dsv'
[0.252s] INFO:colcon.colcon_core.shell:Creating environment hook '/home/anna/ros2_ws1/install/lvr_project/share/lvr_project/hook/ament_prefix_path.sh'
[0.252s] INFO:colcon.colcon_core.shell:Skip shell extension 'powershell' for command environment: Not usable outside of PowerShell
[0.252s] DEBUG:colcon.colcon_core.shell:Skip shell extension 'dsv' for command environment
[0.256s] INFO:colcon.colcon_ros.task.ament_python.build:Building ROS package in '/home/anna/ros2_ws1/src/nav_in_lab' with build type 'ament_python'
[0.256s] Level 1:colcon.colcon_core.shell:create_environment_hook('nav_in_lab', 'ament_prefix_path')
[0.256s] INFO:colcon.colcon_core.shell:Creating environment hook '/home/anna/ros2_ws1/install/nav_in_lab/share/nav_in_lab/hook/ament_prefix_path.ps1'
[0.257s] INFO:colcon.colcon_core.shell:Creating environment descriptor '/home/anna/ros2_ws1/install/nav_in_lab/share/nav_in_lab/hook/ament_prefix_path.dsv'
[0.257s] INFO:colcon.colcon_core.shell:Creating environment hook '/home/anna/ros2_ws1/install/nav_in_lab/share/nav_in_lab/hook/ament_prefix_path.sh'
[0.258s] INFO:colcon.colcon_core.shell:Skip shell extension 'powershell' for command environment: Not usable outside of PowerShell
[0.258s] DEBUG:colcon.colcon_core.shell:Skip shell extension 'dsv' for command environment
[0.262s] INFO:colcon.colcon_ros.task.ament_python.build:Building ROS package in '/home/anna/ros2_ws1/src/nav_in_lab1' with build type 'ament_python'
[0.262s] Level 1:colcon.colcon_core.shell:create_environment_hook('nav_in_lab1', 'ament_prefix_path')
[0.262s] INFO:colcon.colcon_core.shell:Creating environment hook '/home/anna/ros2_ws1/install/nav_in_lab1/share/nav_in_lab1/hook/ament_prefix_path.ps1'
[0.263s] INFO:colcon.colcon_core.shell:Creating environment descriptor '/home/anna/ros2_ws1/install/nav_in_lab1/share/nav_in_lab1/hook/ament_prefix_path.dsv'
[0.263s] INFO:colcon.colcon_core.shell:Creating environment hook '/home/anna/ros2_ws1/install/nav_in_lab1/share/nav_in_lab1/hook/ament_prefix_path.sh'
[0.263s] INFO:colcon.colcon_core.shell:Skip shell extension 'powershell' for command environment: Not usable outside of PowerShell
[0.263s] DEBUG:colcon.colcon_core.shell:Skip shell extension 'dsv' for command environment
[0.267s] INFO:colcon.colcon_ros.task.ament_python.build:Building ROS package in '/home/anna/ros2_ws1/src/raspberry_pkg' with build type 'ament_python'
[0.267s] Level 1:colcon.colcon_core.shell:create_environment_hook('raspberry_pkg', 'ament_prefix_path')
[0.268s] INFO:colcon.colcon_core.shell:Creating environment hook '/home/anna/ros2_ws1/install/raspberry_pkg/share/raspberry_pkg/hook/ament_prefix_path.ps1'
[0.268s] INFO:colcon.colcon_core.shell:Creating environment descriptor '/home/anna/ros2_ws1/install/raspberry_pkg/share/raspberry_pkg/hook/ament_prefix_path.dsv'
[0.268s] INFO:colcon.colcon_core.shell:Creating environment hook '/home/anna/ros2_ws1/install/raspberry_pkg/share/raspberry_pkg/hook/ament_prefix_path.sh'
[0.269s] INFO:colcon.colcon_core.shell:Skip shell extension 'powershell' for command environment: Not usable outside of PowerShell
[0.269s] DEBUG:colcon.colcon_core.shell:Skip shell extension 'dsv' for command environment
[0.273s] INFO:colcon.colcon_ros.task.ament_cmake.build:Building ROS package in '/home/anna/ros2_ws1/src/sllidar_ros2' with build type 'ament_cmake'
[0.273s] INFO:colcon.colcon_cmake.task.cmake.build:Building CMake package in '/home/anna/ros2_ws1/src/sllidar_ros2'
[0.273s] INFO:colcon.colcon_core.shell:Skip shell extension 'powershell' for command environment: Not usable outside of PowerShell
[0.273s] DEBUG:colcon.colcon_core.shell:Skip shell extension 'dsv' for command environment
[0.283s] DEBUG:colcon.colcon_core.event_handler.log_command:Invoking command in '/home/anna/ros2_ws1/build/kalman_filter_localization': CMAKE_PREFIX_PATH=${CMAKE_PREFIX_PATH}:/home/anna/ros2_ws1/install/raspberry_pkg:/home/anna/ros2_ws1/install/nav_in_lab1:/home/anna/ros2_ws1/install/nav_in_lab:/home/anna/ros2_ws1/install/lvr_project:/home/anna/ros2_ws1/install/kalman_publish:/home/anna/ros2_ws1/install/Raspberry:/opt/ros/humble /usr/bin/cmake --build /home/anna/ros2_ws1/build/kalman_filter_localization -- -j16 -l16
[0.491s] INFO:colcon.colcon_core.task.python.build:Building Python package in '/home/anna/ros2_ws1/src/kalman_publish'
[0.492s] INFO:colcon.colcon_core.shell:Skip shell extension 'powershell' for command environment: Not usable outside of PowerShell
[0.492s] DEBUG:colcon.colcon_core.shell:Skip shell extension 'dsv' for command environment
[0.500s] DEBUG:colcon.colcon_core.event_handler.log_command:Invoking command in '/home/anna/ros2_ws1/build/kiss_icp': CMAKE_PREFIX_PATH=${CMAKE_PREFIX_PATH}:/home/anna/ros2_ws1/install/raspberry_pkg:/home/anna/ros2_ws1/install/nav_in_lab1:/home/anna/ros2_ws1/install/nav_in_lab:/home/anna/ros2_ws1/install/lvr_project:/home/anna/ros2_ws1/install/kalman_publish:/home/anna/ros2_ws1/install/Raspberry:/opt/ros/humble /usr/bin/cmake --build /home/anna/ros2_ws1/build/kiss_icp -- -j16 -l16
[0.706s] INFO:colcon.colcon_core.task.python.build:Building Python package in '/home/anna/ros2_ws1/src/lvr_project'
[0.706s] INFO:colcon.colcon_core.shell:Skip shell extension 'powershell' for command environment: Not usable outside of PowerShell
[0.706s] DEBUG:colcon.colcon_core.shell:Skip shell extension 'dsv' for command environment
[0.917s] INFO:colcon.colcon_core.task.python.build:Building Python package in '/home/anna/ros2_ws1/src/nav_in_lab'
[0.917s] INFO:colcon.colcon_core.shell:Skip shell extension 'powershell' for command environment: Not usable outside of PowerShell
[0.917s] DEBUG:colcon.colcon_core.shell:Skip shell extension 'dsv' for command environment
[1.128s] INFO:colcon.colcon_core.task.python.build:Building Python package in '/home/anna/ros2_ws1/src/nav_in_lab1'
[1.128s] INFO:colcon.colcon_core.shell:Skip shell extension 'powershell' for command environment: Not usable outside of PowerShell
[1.129s] DEBUG:colcon.colcon_core.shell:Skip shell extension 'dsv' for command environment
[1.342s] INFO:colcon.colcon_core.task.python.build:Building Python package in '/home/anna/ros2_ws1/src/raspberry_pkg'
[1.343s] INFO:colcon.colcon_core.shell:Skip shell extension 'powershell' for command environment: Not usable outside of PowerShell
[1.343s] DEBUG:colcon.colcon_core.shell:Skip shell extension 'dsv' for command environment
[1.354s] DEBUG:colcon.colcon_core.event_handler.log_command:Invoking command in '/home/anna/ros2_ws1/build/sllidar_ros2': CMAKE_PREFIX_PATH=${CMAKE_PREFIX_PATH}:/home/anna/ros2_ws1/install/raspberry_pkg:/home/anna/ros2_ws1/install/nav_in_lab1:/home/anna/ros2_ws1/install/nav_in_lab:/home/anna/ros2_ws1/install/lvr_project:/home/anna/ros2_ws1/install/kalman_publish:/home/anna/ros2_ws1/install/Raspberry:/opt/ros/humble /usr/bin/cmake --build /home/anna/ros2_ws1/build/sllidar_ros2 -- -j16 -l16
[1.354s] DEBUG:colcon.colcon_core.event_handler.log_command:Invoked command in '/home/anna/ros2_ws1/build/kalman_filter_localization' returned '0': CMAKE_PREFIX_PATH=${CMAKE_PREFIX_PATH}:/home/anna/ros2_ws1/install/raspberry_pkg:/home/anna/ros2_ws1/install/nav_in_lab1:/home/anna/ros2_ws1/install/nav_in_lab:/home/anna/ros2_ws1/install/lvr_project:/home/anna/ros2_ws1/install/kalman_publish:/home/anna/ros2_ws1/install/Raspberry:/opt/ros/humble /usr/bin/cmake --build /home/anna/ros2_ws1/build/kalman_filter_localization -- -j16 -l16
[1.355s] DEBUG:colcon.colcon_core.event_handler.log_command:Invoked command in '/home/anna/ros2_ws1/build/kiss_icp' returned '0': CMAKE_PREFIX_PATH=${CMAKE_PREFIX_PATH}:/home/anna/ros2_ws1/install/raspberry_pkg:/home/anna/ros2_ws1/install/nav_in_lab1:/home/anna/ros2_ws1/install/nav_in_lab:/home/anna/ros2_ws1/install/lvr_project:/home/anna/ros2_ws1/install/kalman_publish:/home/anna/ros2_ws1/install/Raspberry:/opt/ros/humble /usr/bin/cmake --build /home/anna/ros2_ws1/build/kiss_icp -- -j16 -l16
[1.397s] DEBUG:colcon.colcon_core.event_handler.log_command:Invoking command in '/home/anna/ros2_ws1/build/kalman_filter_localization': CMAKE_PREFIX_PATH=${CMAKE_PREFIX_PATH}:/home/anna/ros2_ws1/install/raspberry_pkg:/home/anna/ros2_ws1/install/nav_in_lab1:/home/anna/ros2_ws1/install/nav_in_lab:/home/anna/ros2_ws1/install/lvr_project:/home/anna/ros2_ws1/install/kalman_publish:/home/anna/ros2_ws1/install/Raspberry:/opt/ros/humble /usr/bin/cmake --install /home/anna/ros2_ws1/build/kalman_filter_localization
[1.401s] DEBUG:colcon.colcon_core.event_handler.log_command:Invoking command in '/home/anna/ros2_ws1/build/kiss_icp': CMAKE_PREFIX_PATH=${CMAKE_PREFIX_PATH}:/home/anna/ros2_ws1/install/raspberry_pkg:/home/anna/ros2_ws1/install/nav_in_lab1:/home/anna/ros2_ws1/install/nav_in_lab:/home/anna/ros2_ws1/install/lvr_project:/home/anna/ros2_ws1/install/kalman_publish:/home/anna/ros2_ws1/install/Raspberry:/opt/ros/humble /usr/bin/cmake --install /home/anna/ros2_ws1/build/kiss_icp
[1.426s] Level 1:colcon.colcon_core.environment:create_environment_scripts_only(kiss_icp)
[1.427s] DEBUG:colcon.colcon_core.event_handler.log_command:Invoked command in '/home/anna/ros2_ws1/build/kiss_icp' returned '0': CMAKE_PREFIX_PATH=${CMAKE_PREFIX_PATH}:/home/anna/ros2_ws1/install/raspberry_pkg:/home/anna/ros2_ws1/install/nav_in_lab1:/home/anna/ros2_ws1/install/nav_in_lab:/home/anna/ros2_ws1/install/lvr_project:/home/anna/ros2_ws1/install/kalman_publish:/home/anna/ros2_ws1/install/Raspberry:/opt/ros/humble /usr/bin/cmake --install /home/anna/ros2_ws1/build/kiss_icp
[1.429s] Level 1:colcon.colcon_core.environment:checking '/home/anna/ros2_ws1/install/kiss_icp' for CMake module files
[1.430s] Level 1:colcon.colcon_core.environment:checking '/home/anna/ros2_ws1/install/kiss_icp' for CMake config files
[1.431s] Level 1:colcon.colcon_core.shell:create_environment_hook('kiss_icp', 'cmake_prefix_path')
[1.431s] INFO:colcon.colcon_core.shell:Creating environment hook '/home/anna/ros2_ws1/install/kiss_icp/share/kiss_icp/hook/cmake_prefix_path.ps1'
[1.431s] INFO:colcon.colcon_core.shell:Creating environment descriptor '/home/anna/ros2_ws1/install/kiss_icp/share/kiss_icp/hook/cmake_prefix_path.dsv'
[1.432s] INFO:colcon.colcon_core.shell:Creating environment hook '/home/anna/ros2_ws1/install/kiss_icp/share/kiss_icp/hook/cmake_prefix_path.sh'
[1.432s] Level 1:colcon.colcon_core.environment:checking '/home/anna/ros2_ws1/install/kiss_icp/lib'
[1.433s] Level 1:colcon.colcon_core.shell:create_environment_hook('kiss_icp', 'ld_library_path_lib')
[1.433s] INFO:colcon.colcon_core.shell:Creating environment hook '/home/anna/ros2_ws1/install/kiss_icp/share/kiss_icp/hook/ld_library_path_lib.ps1'
[1.433s] INFO:colcon.colcon_core.shell:Creating environment descriptor '/home/anna/ros2_ws1/install/kiss_icp/share/kiss_icp/hook/ld_library_path_lib.dsv'
[1.434s] INFO:colcon.colcon_core.shell:Creating environment hook '/home/anna/ros2_ws1/install/kiss_icp/share/kiss_icp/hook/ld_library_path_lib.sh'
[1.434s] Level 1:colcon.colcon_core.environment:checking '/home/anna/ros2_ws1/install/kiss_icp/bin'
[1.434s] Level 1:colcon.colcon_core.environment:checking '/home/anna/ros2_ws1/install/kiss_icp/lib/pkgconfig/kiss_icp.pc'
[1.434s] Level 1:colcon.colcon_core.environment:checking '/home/anna/ros2_ws1/install/kiss_icp/lib/python3.10/site-packages'
[1.434s] Level 1:colcon.colcon_core.environment:checking '/home/anna/ros2_ws1/install/kiss_icp/bin'
[1.435s] INFO:colcon.colcon_core.shell:Creating package script '/home/anna/ros2_ws1/install/kiss_icp/share/kiss_icp/package.ps1'
[1.436s] INFO:colcon.colcon_core.shell:Creating package descriptor '/home/anna/ros2_ws1/install/kiss_icp/share/kiss_icp/package.dsv'
[1.436s] INFO:colcon.colcon_core.shell:Creating package script '/home/anna/ros2_ws1/install/kiss_icp/share/kiss_icp/package.sh'
[1.437s] INFO:colcon.colcon_core.shell:Creating package script '/home/anna/ros2_ws1/install/kiss_icp/share/kiss_icp/package.bash'
[1.438s] INFO:colcon.colcon_core.shell:Creating package script '/home/anna/ros2_ws1/install/kiss_icp/share/kiss_icp/package.zsh'
[1.438s] Level 1:colcon.colcon_core.environment:create_file_with_runtime_dependencies(/home/anna/ros2_ws1/install/kiss_icp/share/colcon-core/packages/kiss_icp)
[1.440s] Level 1:colcon.colcon_core.environment:create_environment_scripts_only(kalman_filter_localization)
[1.441s] Level 1:colcon.colcon_core.environment:checking '/home/anna/ros2_ws1/install/kalman_filter_localization' for CMake module files
[1.441s] DEBUG:colcon.colcon_core.event_handler.log_command:Invoked command in '/home/anna/ros2_ws1/build/kalman_filter_localization' returned '0': CMAKE_PREFIX_PATH=${CMAKE_PREFIX_PATH}:/home/anna/ros2_ws1/install/raspberry_pkg:/home/anna/ros2_ws1/install/nav_in_lab1:/home/anna/ros2_ws1/install/nav_in_lab:/home/anna/ros2_ws1/install/lvr_project:/home/anna/ros2_ws1/install/kalman_publish:/home/anna/ros2_ws1/install/Raspberry:/opt/ros/humble /usr/bin/cmake --install /home/anna/ros2_ws1/build/kalman_filter_localization
[1.442s] Level 1:colcon.colcon_core.environment:checking '/home/anna/ros2_ws1/install/kalman_filter_localization' for CMake config files
[1.442s] Level 1:colcon.colcon_core.shell:create_environment_hook('kalman_filter_localization', 'cmake_prefix_path')
[1.443s] INFO:colcon.colcon_core.shell:Creating environment hook '/home/anna/ros2_ws1/install/kalman_filter_localization/share/kalman_filter_localization/hook/cmake_prefix_path.ps1'
[1.443s] INFO:colcon.colcon_core.shell:Creating environment descriptor '/home/anna/ros2_ws1/install/kalman_filter_localization/share/kalman_filter_localization/hook/cmake_prefix_path.dsv'
[1.443s] INFO:colcon.colcon_core.shell:Creating environment hook '/home/anna/ros2_ws1/install/kalman_filter_localization/share/kalman_filter_localization/hook/cmake_prefix_path.sh'
[1.444s] Level 1:colcon.colcon_core.environment:checking '/home/anna/ros2_ws1/install/kalman_filter_localization/lib'
[1.444s] Level 1:colcon.colcon_core.shell:create_environment_hook('kalman_filter_localization', 'ld_library_path_lib')
[1.444s] INFO:colcon.colcon_core.shell:Creating environment hook '/home/anna/ros2_ws1/install/kalman_filter_localization/share/kalman_filter_localization/hook/ld_library_path_lib.ps1'
[1.445s] INFO:colcon.colcon_core.shell:Creating environment descriptor '/home/anna/ros2_ws1/install/kalman_filter_localization/share/kalman_filter_localization/hook/ld_library_path_lib.dsv'
[1.445s] INFO:colcon.colcon_core.shell:Creating environment hook '/home/anna/ros2_ws1/install/kalman_filter_localization/share/kalman_filter_localization/hook/ld_library_path_lib.sh'
[1.446s] Level 1:colcon.colcon_core.environment:checking '/home/anna/ros2_ws1/install/kalman_filter_localization/bin'
[1.446s] Level 1:colcon.colcon_core.environment:checking '/home/anna/ros2_ws1/install/kalman_filter_localization/lib/pkgconfig/kalman_filter_localization.pc'
[1.446s] Level 1:colcon.colcon_core.environment:checking '/home/anna/ros2_ws1/install/kalman_filter_localization/lib/python3.10/site-packages'
[1.446s] Level 1:colcon.colcon_core.environment:checking '/home/anna/ros2_ws1/install/kalman_filter_localization/bin'
[1.446s] INFO:colcon.colcon_core.shell:Creating package script '/home/anna/ros2_ws1/install/kalman_filter_localization/share/kalman_filter_localization/package.ps1'
[1.447s] INFO:colcon.colcon_core.shell:Creating package descriptor '/home/anna/ros2_ws1/install/kalman_filter_localization/share/kalman_filter_localization/package.dsv'
[1.447s] INFO:colcon.colcon_core.shell:Creating package script '/home/anna/ros2_ws1/install/kalman_filter_localization/share/kalman_filter_localization/package.sh'
[1.448s] INFO:colcon.colcon_core.shell:Creating package script '/home/anna/ros2_ws1/install/kalman_filter_localization/share/kalman_filter_localization/package.bash'
[1.448s] INFO:colcon.colcon_core.shell:Creating package script '/home/anna/ros2_ws1/install/kalman_filter_localization/share/kalman_filter_localization/package.zsh'
[1.448s] Level 1:colcon.colcon_core.environment:create_file_with_runtime_dependencies(/home/anna/ros2_ws1/install/kalman_filter_localization/share/colcon-core/packages/kalman_filter_localization)
[1.450s] DEBUG:colcon.colcon_core.event_handler.log_command:Invoked command in '/home/anna/ros2_ws1/build/sllidar_ros2' returned '0': CMAKE_PREFIX_PATH=${CMAKE_PREFIX_PATH}:/home/anna/ros2_ws1/install/raspberry_pkg:/home/anna/ros2_ws1/install/nav_in_lab1:/home/anna/ros2_ws1/install/nav_in_lab:/home/anna/ros2_ws1/install/lvr_project:/home/anna/ros2_ws1/install/kalman_publish:/home/anna/ros2_ws1/install/Raspberry:/opt/ros/humble /usr/bin/cmake --build /home/anna/ros2_ws1/build/sllidar_ros2 -- -j16 -l16
[1.476s] Level 1:colcon.colcon_core.environment:create_environment_scripts_only(kiss_icp)
[1.476s] Level 1:colcon.colcon_core.environment:checking '/home/anna/ros2_ws1/install/kiss_icp' for CMake module files
[1.477s] Level 1:colcon.colcon_core.environment:checking '/home/anna/ros2_ws1/install/kiss_icp' for CMake config files
[1.478s] Level 1:colcon.colcon_core.shell:create_environment_hook('kiss_icp', 'cmake_prefix_path')
[1.478s] INFO:colcon.colcon_core.shell:Creating environment hook '/home/anna/ros2_ws1/install/kiss_icp/share/kiss_icp/hook/cmake_prefix_path.ps1'
[1.479s] INFO:colcon.colcon_core.shell:Creating environment descriptor '/home/anna/ros2_ws1/install/kiss_icp/share/kiss_icp/hook/cmake_prefix_path.dsv'
[1.479s] INFO:colcon.colcon_core.shell:Creating environment hook '/home/anna/ros2_ws1/install/kiss_icp/share/kiss_icp/hook/cmake_prefix_path.sh'
[1.480s] Level 1:colcon.colcon_core.environment:checking '/home/anna/ros2_ws1/install/kiss_icp/lib'
[1.480s] Level 1:colcon.colcon_core.shell:create_environment_hook('kiss_icp', 'ld_library_path_lib')
[1.481s] INFO:colcon.colcon_core.shell:Creating environment hook '/home/anna/ros2_ws1/install/kiss_icp/share/kiss_icp/hook/ld_library_path_lib.ps1'
[1.481s] INFO:colcon.colcon_core.shell:Creating environment descriptor '/home/anna/ros2_ws1/install/kiss_icp/share/kiss_icp/hook/ld_library_path_lib.dsv'
[1.482s] INFO:colcon.colcon_core.shell:Creating environment hook '/home/anna/ros2_ws1/install/kiss_icp/share/kiss_icp/hook/ld_library_path_lib.sh'
[1.482s] Level 1:colcon.colcon_core.environment:checking '/home/anna/ros2_ws1/install/kiss_icp/bin'
[1.483s] Level 1:colcon.colcon_core.environment:checking '/home/anna/ros2_ws1/install/kiss_icp/lib/pkgconfig/kiss_icp.pc'
[1.483s] Level 1:colcon.colcon_core.environment:checking '/home/anna/ros2_ws1/install/kiss_icp/lib/python3.10/site-packages'
[1.483s] Level 1:colcon.colcon_core.environment:checking '/home/anna/ros2_ws1/install/kiss_icp/bin'
[1.483s] INFO:colcon.colcon_core.shell:Creating package script '/home/anna/ros2_ws1/install/kiss_icp/share/kiss_icp/package.ps1'
[1.484s] INFO:colcon.colcon_core.shell:Creating package descriptor '/home/anna/ros2_ws1/install/kiss_icp/share/kiss_icp/package.dsv'
[1.485s] INFO:colcon.colcon_core.shell:Creating package script '/home/anna/ros2_ws1/install/kiss_icp/share/kiss_icp/package.sh'
[1.486s] INFO:colcon.colcon_core.shell:Creating package script '/home/anna/ros2_ws1/install/kiss_icp/share/kiss_icp/package.bash'
[1.486s] INFO:colcon.colcon_core.shell:Creating package script '/home/anna/ros2_ws1/install/kiss_icp/share/kiss_icp/package.zsh'
[1.487s] Level 1:colcon.colcon_core.environment:create_file_with_runtime_dependencies(/home/anna/ros2_ws1/install/kiss_icp/share/colcon-core/packages/kiss_icp)
[1.488s] Level 1:colcon.colcon_core.environment:create_environment_scripts_only(kalman_filter_localization)
[1.489s] Level 1:colcon.colcon_core.environment:checking '/home/anna/ros2_ws1/install/kalman_filter_localization' for CMake module files
[1.490s] Level 1:colcon.colcon_core.environment:checking '/home/anna/ros2_ws1/install/kalman_filter_localization' for CMake config files
[1.490s] Level 1:colcon.colcon_core.shell:create_environment_hook('kalman_filter_localization', 'cmake_prefix_path')
[1.491s] INFO:colcon.colcon_core.shell:Creating environment hook '/home/anna/ros2_ws1/install/kalman_filter_localization/share/kalman_filter_localization/hook/cmake_prefix_path.ps1'
[1.491s] INFO:colcon.colcon_core.shell:Creating environment descriptor '/home/anna/ros2_ws1/install/kalman_filter_localization/share/kalman_filter_localization/hook/cmake_prefix_path.dsv'
[1.492s] INFO:colcon.colcon_core.shell:Creating environment hook '/home/anna/ros2_ws1/install/kalman_filter_localization/share/kalman_filter_localization/hook/cmake_prefix_path.sh'
[1.493s] Level 1:colcon.colcon_core.environment:checking '/home/anna/ros2_ws1/install/kalman_filter_localization/lib'
[1.493s] Level 1:colcon.colcon_core.shell:create_environment_hook('kalman_filter_localization', 'ld_library_path_lib')
[1.493s] INFO:colcon.colcon_core.shell:Creating environment hook '/home/anna/ros2_ws1/install/kalman_filter_localization/share/kalman_filter_localization/hook/ld_library_path_lib.ps1'
[1.494s] INFO:colcon.colcon_core.shell:Creating environment descriptor '/home/anna/ros2_ws1/install/kalman_filter_localization/share/kalman_filter_localization/hook/ld_library_path_lib.dsv'
[1.494s] INFO:colcon.colcon_core.shell:Creating environment hook '/home/anna/ros2_ws1/install/kalman_filter_localization/share/kalman_filter_localization/hook/ld_library_path_lib.sh'
[1.495s] Level 1:colcon.colcon_core.environment:checking '/home/anna/ros2_ws1/install/kalman_filter_localization/bin'
[1.495s] Level 1:colcon.colcon_core.environment:checking '/home/anna/ros2_ws1/install/kalman_filter_localization/lib/pkgconfig/kalman_filter_localization.pc'
[1.495s] Level 1:colcon.colcon_core.environment:checking '/home/anna/ros2_ws1/install/kalman_filter_localization/lib/python3.10/site-packages'
[1.496s] Level 1:colcon.colcon_core.environment:checking '/home/anna/ros2_ws1/install/kalman_filter_localization/bin'
[1.496s] INFO:colcon.colcon_core.shell:Creating package script '/home/anna/ros2_ws1/install/kalman_filter_localization/share/kalman_filter_localization/package.ps1'
[1.497s] INFO:colcon.colcon_core.shell:Creating package descriptor '/home/anna/ros2_ws1/install/kalman_filter_localization/share/kalman_filter_localization/package.dsv'
[1.498s] INFO:colcon.colcon_core.shell:Creating package script '/home/anna/ros2_ws1/install/kalman_filter_localization/share/kalman_filter_localization/package.sh'
[1.498s] INFO:colcon.colcon_core.shell:Creating package script '/home/anna/ros2_ws1/install/kalman_filter_localization/share/kalman_filter_localization/package.bash'
[1.499s] INFO:colcon.colcon_core.shell:Creating package script '/home/anna/ros2_ws1/install/kalman_filter_localization/share/kalman_filter_localization/package.zsh'
[1.500s] Level 1:colcon.colcon_core.environment:create_file_with_runtime_dependencies(/home/anna/ros2_ws1/install/kalman_filter_localization/share/colcon-core/packages/kalman_filter_localization)
[1.529s] DEBUG:colcon.colcon_core.event_handler.log_command:Invoking command in '/home/anna/ros2_ws1/build/sllidar_ros2': CMAKE_PREFIX_PATH=${CMAKE_PREFIX_PATH}:/home/anna/ros2_ws1/install/raspberry_pkg:/home/anna/ros2_ws1/install/nav_in_lab1:/home/anna/ros2_ws1/install/nav_in_lab:/home/anna/ros2_ws1/install/lvr_project:/home/anna/ros2_ws1/install/kalman_publish:/home/anna/ros2_ws1/install/Raspberry:/opt/ros/humble /usr/bin/cmake --install /home/anna/ros2_ws1/build/sllidar_ros2
[1.553s] Level 1:colcon.colcon_core.environment:create_environment_scripts_only(sllidar_ros2)
[1.554s] Level 1:colcon.colcon_core.environment:checking '/home/anna/ros2_ws1/install/sllidar_ros2' for CMake module files
[1.554s] DEBUG:colcon.colcon_core.event_handler.log_command:Invoked command in '/home/anna/ros2_ws1/build/sllidar_ros2' returned '0': CMAKE_PREFIX_PATH=${CMAKE_PREFIX_PATH}:/home/anna/ros2_ws1/install/raspberry_pkg:/home/anna/ros2_ws1/install/nav_in_lab1:/home/anna/ros2_ws1/install/nav_in_lab:/home/anna/ros2_ws1/install/lvr_project:/home/anna/ros2_ws1/install/kalman_publish:/home/anna/ros2_ws1/install/Raspberry:/opt/ros/humble /usr/bin/cmake --install /home/anna/ros2_ws1/build/sllidar_ros2
[1.555s] Level 1:colcon.colcon_core.environment:checking '/home/anna/ros2_ws1/install/sllidar_ros2' for CMake config files
[1.555s] Level 1:colcon.colcon_core.shell:create_environment_hook('sllidar_ros2', 'cmake_prefix_path')
[1.556s] INFO:colcon.colcon_core.shell:Creating environment hook '/home/anna/ros2_ws1/install/sllidar_ros2/share/sllidar_ros2/hook/cmake_prefix_path.ps1'
[1.557s] INFO:colcon.colcon_core.shell:Creating environment descriptor '/home/anna/ros2_ws1/install/sllidar_ros2/share/sllidar_ros2/hook/cmake_prefix_path.dsv'
[1.557s] INFO:colcon.colcon_core.shell:Creating environment hook '/home/anna/ros2_ws1/install/sllidar_ros2/share/sllidar_ros2/hook/cmake_prefix_path.sh'
[1.558s] Level 1:colcon.colcon_core.environment:checking '/home/anna/ros2_ws1/install/sllidar_ros2/lib'
[1.559s] Level 1:colcon.colcon_core.environment:checking '/home/anna/ros2_ws1/install/sllidar_ros2/bin'
[1.559s] Level 1:colcon.colcon_core.environment:checking '/home/anna/ros2_ws1/install/sllidar_ros2/lib/pkgconfig/sllidar_ros2.pc'
[1.559s] Level 1:colcon.colcon_core.environment:checking '/home/anna/ros2_ws1/install/sllidar_ros2/lib/python3.10/site-packages'
[1.559s] Level 1:colcon.colcon_core.environment:checking '/home/anna/ros2_ws1/install/sllidar_ros2/bin'
[1.560s] INFO:colcon.colcon_core.shell:Creating package script '/home/anna/ros2_ws1/install/sllidar_ros2/share/sllidar_ros2/package.ps1'
[1.560s] INFO:colcon.colcon_core.shell:Creating package descriptor '/home/anna/ros2_ws1/install/sllidar_ros2/share/sllidar_ros2/package.dsv'
[1.561s] INFO:colcon.colcon_core.shell:Creating package script '/home/anna/ros2_ws1/install/sllidar_ros2/share/sllidar_ros2/package.sh'
[1.561s] INFO:colcon.colcon_core.shell:Creating package script '/home/anna/ros2_ws1/install/sllidar_ros2/share/sllidar_ros2/package.bash'
[1.562s] INFO:colcon.colcon_core.shell:Creating package script '/home/anna/ros2_ws1/install/sllidar_ros2/share/sllidar_ros2/package.zsh'
[1.563s] Level 1:colcon.colcon_core.environment:create_file_with_runtime_dependencies(/home/anna/ros2_ws1/install/sllidar_ros2/share/colcon-core/packages/sllidar_ros2)
[1.640s] Level 1:colcon.colcon_core.environment:create_environment_scripts_only(sllidar_ros2)
[1.641s] Level 1:colcon.colcon_core.environment:checking '/home/anna/ros2_ws1/install/sllidar_ros2' for CMake module files
[1.641s] Level 1:colcon.colcon_core.environment:checking '/home/anna/ros2_ws1/install/sllidar_ros2' for CMake config files
[1.642s] Level 1:colcon.colcon_core.shell:create_environment_hook('sllidar_ros2', 'cmake_prefix_path')
[1.642s] INFO:colcon.colcon_core.shell:Creating environment hook '/home/anna/ros2_ws1/install/sllidar_ros2/share/sllidar_ros2/hook/cmake_prefix_path.ps1'
[1.643s] INFO:colcon.colcon_core.shell:Creating environment descriptor '/home/anna/ros2_ws1/install/sllidar_ros2/share/sllidar_ros2/hook/cmake_prefix_path.dsv'
[1.643s] INFO:colcon.colcon_core.shell:Creating environment hook '/home/anna/ros2_ws1/install/sllidar_ros2/share/sllidar_ros2/hook/cmake_prefix_path.sh'
[1.644s] Level 1:colcon.colcon_core.environment:checking '/home/anna/ros2_ws1/install/sllidar_ros2/lib'
[1.644s] Level 1:colcon.colcon_core.environment:checking '/home/anna/ros2_ws1/install/sllidar_ros2/bin'
[1.644s] Level 1:colcon.colcon_core.environment:checking '/home/anna/ros2_ws1/install/sllidar_ros2/lib/pkgconfig/sllidar_ros2.pc'
[1.644s] Level 1:colcon.colcon_core.environment:checking '/home/anna/ros2_ws1/install/sllidar_ros2/lib/python3.10/site-packages'
[1.645s] Level 1:colcon.colcon_core.environment:checking '/home/anna/ros2_ws1/install/sllidar_ros2/bin'
[1.645s] INFO:colcon.colcon_core.shell:Creating package script '/home/anna/ros2_ws1/install/sllidar_ros2/share/sllidar_ros2/package.ps1'
[1.646s] INFO:colcon.colcon_core.shell:Creating package descriptor '/home/anna/ros2_ws1/install/sllidar_ros2/share/sllidar_ros2/package.dsv'
[1.646s] INFO:colcon.colcon_core.shell:Creating package script '/home/anna/ros2_ws1/install/sllidar_ros2/share/sllidar_ros2/package.sh'
[1.647s] INFO:colcon.colcon_core.shell:Creating package script '/home/anna/ros2_ws1/install/sllidar_ros2/share/sllidar_ros2/package.bash'
[1.647s] INFO:colcon.colcon_core.shell:Creating package script '/home/anna/ros2_ws1/install/sllidar_ros2/share/sllidar_ros2/package.zsh'
[1.648s] Level 1:colcon.colcon_core.environment:create_file_with_runtime_dependencies(/home/anna/ros2_ws1/install/sllidar_ros2/share/colcon-core/packages/sllidar_ros2)
[2.075s] DEBUG:colcon.colcon_core.event_handler.log_command:Invoking command in '/home/anna/ros2_ws1/build/lvr_project': PYTHONPATH=/home/anna/ros2_ws1/build/lvr_project/prefix_override:/usr/lib/python3/dist-packages/colcon_core/task/python/colcon_distutils_commands:/home/anna/ros2_ws1/install/lvr_project/lib/python3.10/site-packages:${PYTHONPATH} /usr/bin/python3 -W ignore:setup.py install is deprecated setup.py develop --editable --build-directory /home/anna/ros2_ws1/build/lvr_project/build --no-deps symlink_data
[2.097s] DEBUG:colcon.colcon_core.event_handler.log_command:Invoking command in '/home/anna/ros2_ws1/build/kalman_publish': PYTHONPATH=/home/anna/ros2_ws1/build/kalman_publish/prefix_override:/usr/lib/python3/dist-packages/colcon_core/task/python/colcon_distutils_commands:/home/anna/ros2_ws1/install/kalman_publish/lib/python3.10/site-packages:${PYTHONPATH} /usr/bin/python3 -W ignore:setup.py install is deprecated setup.py develop --editable --build-directory /home/anna/ros2_ws1/build/kalman_publish/build --no-deps symlink_data
[2.119s] DEBUG:colcon.colcon_core.event_handler.log_command:Invoking command in '/home/anna/ros2_ws1/build/nav_in_lab': PYTHONPATH=/home/anna/ros2_ws1/build/nav_in_lab/prefix_override:/usr/lib/python3/dist-packages/colcon_core/task/python/colcon_distutils_commands:/home/anna/ros2_ws1/install/nav_in_lab/lib/python3.10/site-packages:${PYTHONPATH} /usr/bin/python3 -W ignore:setup.py install is deprecated setup.py develop --editable --build-directory /home/anna/ros2_ws1/build/nav_in_lab/build --no-deps symlink_data
[2.126s] DEBUG:colcon.colcon_core.event_handler.log_command:Invoking command in '/home/anna/ros2_ws1/build/nav_in_lab1': PYTHONPATH=/home/anna/ros2_ws1/build/nav_in_lab1/prefix_override:/usr/lib/python3/dist-packages/colcon_core/task/python/colcon_distutils_commands:/home/anna/ros2_ws1/install/nav_in_lab1/lib/python3.10/site-packages:${PYTHONPATH} /usr/bin/python3 -W ignore:setup.py install is deprecated setup.py develop --editable --build-directory /home/anna/ros2_ws1/build/nav_in_lab1/build --no-deps symlink_data
[2.128s] DEBUG:colcon.colcon_core.event_handler.log_command:Invoking command in '/home/anna/ros2_ws1/build/raspberry_pkg': PYTHONPATH=/home/anna/ros2_ws1/build/raspberry_pkg/prefix_override:/usr/lib/python3/dist-packages/colcon_core/task/python/colcon_distutils_commands:/home/anna/ros2_ws1/install/raspberry_pkg/lib/python3.10/site-packages:${PYTHONPATH} /usr/bin/python3 -W ignore:setup.py install is deprecated setup.py develop --editable --build-directory /home/anna/ros2_ws1/build/raspberry_pkg/build --no-deps symlink_data
[2.923s] Level 1:colcon.colcon_core.shell:create_environment_hook('lvr_project', 'pythonpath_develop')
[2.923s] INFO:colcon.colcon_core.shell:Creating environment hook '/home/anna/ros2_ws1/build/lvr_project/share/lvr_project/hook/pythonpath_develop.ps1'
[2.924s] DEBUG:colcon.colcon_core.event_handler.log_command:Invoked command in '/home/anna/ros2_ws1/build/lvr_project' returned '0': PYTHONPATH=/home/anna/ros2_ws1/build/lvr_project/prefix_override:/usr/lib/python3/dist-packages/colcon_core/task/python/colcon_distutils_commands:/home/anna/ros2_ws1/install/lvr_project/lib/python3.10/site-packages:${PYTHONPATH} /usr/bin/python3 -W ignore:setup.py install is deprecated setup.py develop --editable --build-directory /home/anna/ros2_ws1/build/lvr_project/build --no-deps symlink_data
[2.924s] INFO:colcon.colcon_core.shell:Creating environment descriptor '/home/anna/ros2_ws1/build/lvr_project/share/lvr_project/hook/pythonpath_develop.dsv'
[2.925s] INFO:colcon.colcon_core.shell:Creating environment hook '/home/anna/ros2_ws1/build/lvr_project/share/lvr_project/hook/pythonpath_develop.sh'
[2.926s] Level 1:colcon.colcon_core.environment:checking '/home/anna/ros2_ws1/install/lvr_project' for CMake module files
[2.926s] Level 1:colcon.colcon_core.environment:checking '/home/anna/ros2_ws1/install/lvr_project' for CMake config files
[2.927s] Level 1:colcon.colcon_core.environment:checking '/home/anna/ros2_ws1/install/lvr_project/lib'
[2.927s] Level 1:colcon.colcon_core.environment:checking '/home/anna/ros2_ws1/install/lvr_project/bin'
[2.927s] Level 1:colcon.colcon_core.environment:checking '/home/anna/ros2_ws1/install/lvr_project/lib/pkgconfig/lvr_project.pc'
[2.927s] Level 1:colcon.colcon_core.environment:checking '/home/anna/ros2_ws1/install/lvr_project/lib/python3.10/site-packages'
[2.927s] Level 1:colcon.colcon_core.shell:create_environment_hook('lvr_project', 'pythonpath')
[2.928s] INFO:colcon.colcon_core.shell:Creating environment hook '/home/anna/ros2_ws1/install/lvr_project/share/lvr_project/hook/pythonpath.ps1'
[2.928s] INFO:colcon.colcon_core.shell:Creating environment descriptor '/home/anna/ros2_ws1/install/lvr_project/share/lvr_project/hook/pythonpath.dsv'
[2.928s] INFO:colcon.colcon_core.shell:Creating environment hook '/home/anna/ros2_ws1/install/lvr_project/share/lvr_project/hook/pythonpath.sh'
[2.929s] Level 1:colcon.colcon_core.environment:checking '/home/anna/ros2_ws1/install/lvr_project/bin'
[2.929s] Level 1:colcon.colcon_core.environment:create_environment_scripts_only(lvr_project)
[2.929s] INFO:colcon.colcon_core.shell:Creating package script '/home/anna/ros2_ws1/install/lvr_project/share/lvr_project/package.ps1'
[2.930s] INFO:colcon.colcon_core.shell:Creating package descriptor '/home/anna/ros2_ws1/install/lvr_project/share/lvr_project/package.dsv'
[2.930s] INFO:colcon.colcon_core.shell:Creating package script '/home/anna/ros2_ws1/install/lvr_project/share/lvr_project/package.sh'
[2.931s] INFO:colcon.colcon_core.shell:Creating package script '/home/anna/ros2_ws1/install/lvr_project/share/lvr_project/package.bash'
[2.931s] INFO:colcon.colcon_core.shell:Creating package script '/home/anna/ros2_ws1/install/lvr_project/share/lvr_project/package.zsh'
[2.932s] Level 1:colcon.colcon_core.environment:create_file_with_runtime_dependencies(/home/anna/ros2_ws1/install/lvr_project/share/colcon-core/packages/lvr_project)
[2.934s] Level 1:colcon.colcon_core.shell:create_environment_hook('kalman_publish', 'pythonpath_develop')
[2.934s] INFO:colcon.colcon_core.shell:Creating environment hook '/home/anna/ros2_ws1/build/kalman_publish/share/kalman_publish/hook/pythonpath_develop.ps1'
[2.934s] DEBUG:colcon.colcon_core.event_handler.log_command:Invoked command in '/home/anna/ros2_ws1/build/kalman_publish' returned '0': PYTHONPATH=/home/anna/ros2_ws1/build/kalman_publish/prefix_override:/usr/lib/python3/dist-packages/colcon_core/task/python/colcon_distutils_commands:/home/anna/ros2_ws1/install/kalman_publish/lib/python3.10/site-packages:${PYTHONPATH} /usr/bin/python3 -W ignore:setup.py install is deprecated setup.py develop --editable --build-directory /home/anna/ros2_ws1/build/kalman_publish/build --no-deps symlink_data
[2.935s] INFO:colcon.colcon_core.shell:Creating environment descriptor '/home/anna/ros2_ws1/build/kalman_publish/share/kalman_publish/hook/pythonpath_develop.dsv'
[2.936s] INFO:colcon.colcon_core.shell:Creating environment hook '/home/anna/ros2_ws1/build/kalman_publish/share/kalman_publish/hook/pythonpath_develop.sh'
[2.936s] Level 1:colcon.colcon_core.environment:checking '/home/anna/ros2_ws1/install/kalman_publish' for CMake module files
[2.937s] Level 1:colcon.colcon_core.environment:checking '/home/anna/ros2_ws1/install/kalman_publish' for CMake config files
[2.937s] Level 1:colcon.colcon_core.environment:checking '/home/anna/ros2_ws1/install/kalman_publish/lib'
[2.937s] Level 1:colcon.colcon_core.environment:checking '/home/anna/ros2_ws1/install/kalman_publish/bin'
[2.937s] Level 1:colcon.colcon_core.environment:checking '/home/anna/ros2_ws1/install/kalman_publish/lib/pkgconfig/kalman_publish.pc'
[2.938s] Level 1:colcon.colcon_core.environment:checking '/home/anna/ros2_ws1/install/kalman_publish/lib/python3.10/site-packages'
[2.938s] Level 1:colcon.colcon_core.shell:create_environment_hook('kalman_publish', 'pythonpath')
[2.938s] INFO:colcon.colcon_core.shell:Creating environment hook '/home/anna/ros2_ws1/install/kalman_publish/share/kalman_publish/hook/pythonpath.ps1'
[2.939s] INFO:colcon.colcon_core.shell:Creating environment descriptor '/home/anna/ros2_ws1/install/kalman_publish/share/kalman_publish/hook/pythonpath.dsv'
[2.939s] INFO:colcon.colcon_core.shell:Creating environment hook '/home/anna/ros2_ws1/install/kalman_publish/share/kalman_publish/hook/pythonpath.sh'
[2.940s] Level 1:colcon.colcon_core.environment:checking '/home/anna/ros2_ws1/install/kalman_publish/bin'
[2.940s] Level 1:colcon.colcon_core.environment:create_environment_scripts_only(kalman_publish)
[2.941s] INFO:colcon.colcon_core.shell:Creating package script '/home/anna/ros2_ws1/install/kalman_publish/share/kalman_publish/package.ps1'
[2.941s] INFO:colcon.colcon_core.shell:Creating package descriptor '/home/anna/ros2_ws1/install/kalman_publish/share/kalman_publish/package.dsv'
[2.942s] INFO:colcon.colcon_core.shell:Creating package script '/home/anna/ros2_ws1/install/kalman_publish/share/kalman_publish/package.sh'
[2.942s] INFO:colcon.colcon_core.shell:Creating package script '/home/anna/ros2_ws1/install/kalman_publish/share/kalman_publish/package.bash'
[2.943s] INFO:colcon.colcon_core.shell:Creating package script '/home/anna/ros2_ws1/install/kalman_publish/share/kalman_publish/package.zsh'
[2.943s] Level 1:colcon.colcon_core.environment:create_file_with_runtime_dependencies(/home/anna/ros2_ws1/install/kalman_publish/share/colcon-core/packages/kalman_publish)
[2.960s] Level 1:colcon.colcon_core.shell:create_environment_hook('raspberry_pkg', 'pythonpath_develop')
[2.960s] INFO:colcon.colcon_core.shell:Creating environment hook '/home/anna/ros2_ws1/build/raspberry_pkg/share/raspberry_pkg/hook/pythonpath_develop.ps1'
[2.960s] DEBUG:colcon.colcon_core.event_handler.log_command:Invoked command in '/home/anna/ros2_ws1/build/raspberry_pkg' returned '0': PYTHONPATH=/home/anna/ros2_ws1/build/raspberry_pkg/prefix_override:/usr/lib/python3/dist-packages/colcon_core/task/python/colcon_distutils_commands:/home/anna/ros2_ws1/install/raspberry_pkg/lib/python3.10/site-packages:${PYTHONPATH} /usr/bin/python3 -W ignore:setup.py install is deprecated setup.py develop --editable --build-directory /home/anna/ros2_ws1/build/raspberry_pkg/build --no-deps symlink_data
[2.961s] INFO:colcon.colcon_core.shell:Creating environment descriptor '/home/anna/ros2_ws1/build/raspberry_pkg/share/raspberry_pkg/hook/pythonpath_develop.dsv'
[2.961s] INFO:colcon.colcon_core.shell:Creating environment hook '/home/anna/ros2_ws1/build/raspberry_pkg/share/raspberry_pkg/hook/pythonpath_develop.sh'
[2.962s] Level 1:colcon.colcon_core.environment:checking '/home/anna/ros2_ws1/install/raspberry_pkg' for CMake module files
[2.962s] Level 1:colcon.colcon_core.environment:checking '/home/anna/ros2_ws1/install/raspberry_pkg' for CMake config files
[2.963s] Level 1:colcon.colcon_core.environment:checking '/home/anna/ros2_ws1/install/raspberry_pkg/lib'
[2.963s] Level 1:colcon.colcon_core.environment:checking '/home/anna/ros2_ws1/install/raspberry_pkg/bin'
[2.963s] Level 1:colcon.colcon_core.environment:checking '/home/anna/ros2_ws1/install/raspberry_pkg/lib/pkgconfig/raspberry_pkg.pc'
[2.963s] Level 1:colcon.colcon_core.environment:checking '/home/anna/ros2_ws1/install/raspberry_pkg/lib/python3.10/site-packages'
[2.963s] Level 1:colcon.colcon_core.shell:create_environment_hook('raspberry_pkg', 'pythonpath')
[2.963s] INFO:colcon.colcon_core.shell:Creating environment hook '/home/anna/ros2_ws1/install/raspberry_pkg/share/raspberry_pkg/hook/pythonpath.ps1'
[2.964s] INFO:colcon.colcon_core.shell:Creating environment descriptor '/home/anna/ros2_ws1/install/raspberry_pkg/share/raspberry_pkg/hook/pythonpath.dsv'
[2.964s] INFO:colcon.colcon_core.shell:Creating environment hook '/home/anna/ros2_ws1/install/raspberry_pkg/share/raspberry_pkg/hook/pythonpath.sh'
[2.964s] Level 1:colcon.colcon_core.environment:checking '/home/anna/ros2_ws1/install/raspberry_pkg/bin'
[2.964s] Level 1:colcon.colcon_core.environment:create_environment_scripts_only(raspberry_pkg)
[2.965s] INFO:colcon.colcon_core.shell:Creating package script '/home/anna/ros2_ws1/install/raspberry_pkg/share/raspberry_pkg/package.ps1'
[2.965s] INFO:colcon.colcon_core.shell:Creating package descriptor '/home/anna/ros2_ws1/install/raspberry_pkg/share/raspberry_pkg/package.dsv'
[2.965s] INFO:colcon.colcon_core.shell:Creating package script '/home/anna/ros2_ws1/install/raspberry_pkg/share/raspberry_pkg/package.sh'
[2.966s] INFO:colcon.colcon_core.shell:Creating package script '/home/anna/ros2_ws1/install/raspberry_pkg/share/raspberry_pkg/package.bash'
[2.966s] INFO:colcon.colcon_core.shell:Creating package script '/home/anna/ros2_ws1/install/raspberry_pkg/share/raspberry_pkg/package.zsh'
[2.966s] Level 1:colcon.colcon_core.environment:create_file_with_runtime_dependencies(/home/anna/ros2_ws1/install/raspberry_pkg/share/colcon-core/packages/raspberry_pkg)
[2.967s] Level 1:colcon.colcon_core.shell:create_environment_hook('nav_in_lab1', 'pythonpath_develop')
[2.968s] INFO:colcon.colcon_core.shell:Creating environment hook '/home/anna/ros2_ws1/build/nav_in_lab1/share/nav_in_lab1/hook/pythonpath_develop.ps1'
[2.968s] INFO:colcon.colcon_core.shell:Creating environment descriptor '/home/anna/ros2_ws1/build/nav_in_lab1/share/nav_in_lab1/hook/pythonpath_develop.dsv'
[2.968s] DEBUG:colcon.colcon_core.event_handler.log_command:Invoked command in '/home/anna/ros2_ws1/build/nav_in_lab1' returned '0': PYTHONPATH=/home/anna/ros2_ws1/build/nav_in_lab1/prefix_override:/usr/lib/python3/dist-packages/colcon_core/task/python/colcon_distutils_commands:/home/anna/ros2_ws1/install/nav_in_lab1/lib/python3.10/site-packages:${PYTHONPATH} /usr/bin/python3 -W ignore:setup.py install is deprecated setup.py develop --editable --build-directory /home/anna/ros2_ws1/build/nav_in_lab1/build --no-deps symlink_data
[2.969s] INFO:colcon.colcon_core.shell:Creating environment hook '/home/anna/ros2_ws1/build/nav_in_lab1/share/nav_in_lab1/hook/pythonpath_develop.sh'
[2.969s] Level 1:colcon.colcon_core.environment:checking '/home/anna/ros2_ws1/install/nav_in_lab1' for CMake module files
[2.970s] Level 1:colcon.colcon_core.environment:checking '/home/anna/ros2_ws1/install/nav_in_lab1' for CMake config files
[2.970s] Level 1:colcon.colcon_core.environment:checking '/home/anna/ros2_ws1/install/nav_in_lab1/lib'
[2.970s] Level 1:colcon.colcon_core.environment:checking '/home/anna/ros2_ws1/install/nav_in_lab1/bin'
[2.970s] Level 1:colcon.colcon_core.environment:checking '/home/anna/ros2_ws1/install/nav_in_lab1/lib/pkgconfig/nav_in_lab1.pc'
[2.970s] Level 1:colcon.colcon_core.environment:checking '/home/anna/ros2_ws1/install/nav_in_lab1/lib/python3.10/site-packages'
[2.970s] Level 1:colcon.colcon_core.shell:create_environment_hook('nav_in_lab1', 'pythonpath')
[2.970s] INFO:colcon.colcon_core.shell:Creating environment hook '/home/anna/ros2_ws1/install/nav_in_lab1/share/nav_in_lab1/hook/pythonpath.ps1'
[2.971s] INFO:colcon.colcon_core.shell:Creating environment descriptor '/home/anna/ros2_ws1/install/nav_in_lab1/share/nav_in_lab1/hook/pythonpath.dsv'
[2.971s] INFO:colcon.colcon_core.shell:Creating environment hook '/home/anna/ros2_ws1/install/nav_in_lab1/share/nav_in_lab1/hook/pythonpath.sh'
[2.971s] Level 1:colcon.colcon_core.environment:checking '/home/anna/ros2_ws1/install/nav_in_lab1/bin'
[2.971s] Level 1:colcon.colcon_core.environment:create_environment_scripts_only(nav_in_lab1)
[2.972s] INFO:colcon.colcon_core.shell:Creating package script '/home/anna/ros2_ws1/install/nav_in_lab1/share/nav_in_lab1/package.ps1'
[2.972s] INFO:colcon.colcon_core.shell:Creating package descriptor '/home/anna/ros2_ws1/install/nav_in_lab1/share/nav_in_lab1/package.dsv'
[2.972s] INFO:colcon.colcon_core.shell:Creating package script '/home/anna/ros2_ws1/install/nav_in_lab1/share/nav_in_lab1/package.sh'
[2.973s] INFO:colcon.colcon_core.shell:Creating package script '/home/anna/ros2_ws1/install/nav_in_lab1/share/nav_in_lab1/package.bash'
[2.973s] INFO:colcon.colcon_core.shell:Creating package script '/home/anna/ros2_ws1/install/nav_in_lab1/share/nav_in_lab1/package.zsh'
[2.973s] Level 1:colcon.colcon_core.environment:create_file_with_runtime_dependencies(/home/anna/ros2_ws1/install/nav_in_lab1/share/colcon-core/packages/nav_in_lab1)
[2.973s] Level 1:colcon.colcon_core.shell:create_environment_hook('nav_in_lab', 'pythonpath_develop')
[2.973s] INFO:colcon.colcon_core.shell:Creating environment hook '/home/anna/ros2_ws1/build/nav_in_lab/share/nav_in_lab/hook/pythonpath_develop.ps1'
[2.974s] INFO:colcon.colcon_core.shell:Creating environment descriptor '/home/anna/ros2_ws1/build/nav_in_lab/share/nav_in_lab/hook/pythonpath_develop.dsv'
[2.974s] INFO:colcon.colcon_core.shell:Creating environment hook '/home/anna/ros2_ws1/build/nav_in_lab/share/nav_in_lab/hook/pythonpath_develop.sh'
[2.975s] DEBUG:colcon.colcon_core.event_handler.log_command:Invoked command in '/home/anna/ros2_ws1/build/nav_in_lab' returned '0': PYTHONPATH=/home/anna/ros2_ws1/build/nav_in_lab/prefix_override:/usr/lib/python3/dist-packages/colcon_core/task/python/colcon_distutils_commands:/home/anna/ros2_ws1/install/nav_in_lab/lib/python3.10/site-packages:${PYTHONPATH} /usr/bin/python3 -W ignore:setup.py install is deprecated setup.py develop --editable --build-directory /home/anna/ros2_ws1/build/nav_in_lab/build --no-deps symlink_data
[2.975s] Level 1:colcon.colcon_core.environment:checking '/home/anna/ros2_ws1/install/nav_in_lab' for CMake module files
[2.975s] Level 1:colcon.colcon_core.environment:checking '/home/anna/ros2_ws1/install/nav_in_lab' for CMake config files
[2.976s] Level 1:colcon.colcon_core.environment:checking '/home/anna/ros2_ws1/install/nav_in_lab/lib'
[2.976s] Level 1:colcon.colcon_core.environment:checking '/home/anna/ros2_ws1/install/nav_in_lab/bin'
[2.976s] Level 1:colcon.colcon_core.environment:checking '/home/anna/ros2_ws1/install/nav_in_lab/lib/pkgconfig/nav_in_lab.pc'
[2.976s] Level 1:colcon.colcon_core.environment:checking '/home/anna/ros2_ws1/install/nav_in_lab/lib/python3.10/site-packages'
[2.976s] Level 1:colcon.colcon_core.shell:create_environment_hook('nav_in_lab', 'pythonpath')
[2.976s] INFO:colcon.colcon_core.shell:Creating environment hook '/home/anna/ros2_ws1/install/nav_in_lab/share/nav_in_lab/hook/pythonpath.ps1'
[2.977s] INFO:colcon.colcon_core.shell:Creating environment descriptor '/home/anna/ros2_ws1/install/nav_in_lab/share/nav_in_lab/hook/pythonpath.dsv'
[2.977s] INFO:colcon.colcon_core.shell:Creating environment hook '/home/anna/ros2_ws1/install/nav_in_lab/share/nav_in_lab/hook/pythonpath.sh'
[2.977s] Level 1:colcon.colcon_core.environment:checking '/home/anna/ros2_ws1/install/nav_in_lab/bin'
[2.977s] Level 1:colcon.colcon_core.environment:create_environment_scripts_only(nav_in_lab)
[2.978s] INFO:colcon.colcon_core.shell:Creating package script '/home/anna/ros2_ws1/install/nav_in_lab/share/nav_in_lab/package.ps1'
[2.978s] INFO:colcon.colcon_core.shell:Creating package descriptor '/home/anna/ros2_ws1/install/nav_in_lab/share/nav_in_lab/package.dsv'
[2.979s] INFO:colcon.colcon_core.shell:Creating package script '/home/anna/ros2_ws1/install/nav_in_lab/share/nav_in_lab/package.sh'
[2.979s] INFO:colcon.colcon_core.shell:Creating package script '/home/anna/ros2_ws1/install/nav_in_lab/share/nav_in_lab/package.bash'
[2.979s] INFO:colcon.colcon_core.shell:Creating package script '/home/anna/ros2_ws1/install/nav_in_lab/share/nav_in_lab/package.zsh'
[2.979s] Level 1:colcon.colcon_core.environment:create_file_with_runtime_dependencies(/home/anna/ros2_ws1/install/nav_in_lab/share/colcon-core/packages/nav_in_lab)
[2.980s] DEBUG:colcon.colcon_parallel_executor.executor.parallel:closing loop
[2.980s] DEBUG:colcon.colcon_parallel_executor.executor.parallel:loop closed
[2.980s] DEBUG:colcon.colcon_parallel_executor.executor.parallel:run_until_complete finished with '0'
[2.980s] DEBUG:colcon.colcon_core.event_reactor:joining thread
[2.985s] INFO:colcon.colcon_core.plugin_system:Skipping extension 'colcon_notification.desktop_notification.terminal_notifier': Not used on non-Darwin systems
[2.985s] INFO:colcon.colcon_core.plugin_system:Skipping extension 'colcon_notification.desktop_notification.win32': Not used on non-Windows systems
[2.985s] INFO:colcon.colcon_notification.desktop_notification:Sending desktop notification using 'notify2'
[2.996s] DEBUG:colcon.colcon_core.event_reactor:joined thread
[2.996s] INFO:colcon.colcon_core.shell:Creating prefix script '/home/anna/ros2_ws1/install/local_setup.ps1'
[2.997s] INFO:colcon.colcon_core.shell:Creating prefix util module '/home/anna/ros2_ws1/install/_local_setup_util_ps1.py'
[2.998s] INFO:colcon.colcon_core.shell:Creating prefix chain script '/home/anna/ros2_ws1/install/setup.ps1'
[2.999s] INFO:colcon.colcon_core.shell:Creating prefix script '/home/anna/ros2_ws1/install/local_setup.sh'
[2.999s] INFO:colcon.colcon_core.shell:Creating prefix util module '/home/anna/ros2_ws1/install/_local_setup_util_sh.py'
[3.000s] INFO:colcon.colcon_core.shell:Creating prefix chain script '/home/anna/ros2_ws1/install/setup.sh'
[3.001s] INFO:colcon.colcon_core.shell:Creating prefix script '/home/anna/ros2_ws1/install/local_setup.bash'
[3.001s] INFO:colcon.colcon_core.shell:Creating prefix chain script '/home/anna/ros2_ws1/install/setup.bash'
[3.002s] INFO:colcon.colcon_core.shell:Creating prefix script '/home/anna/ros2_ws1/install/local_setup.zsh'
[3.002s] INFO:colcon.colcon_core.shell:Creating prefix chain script '/home/anna/ros2_ws1/install/setup.zsh'
