[2.269s] Invoking command in '/home/anna/ros2_ws1/build/raspberry_pkg': PYTHONPATH=/home/anna/ros2_ws1/build/raspberry_pkg/prefix_override:/usr/lib/python3/dist-packages/colcon_core/task/python/colcon_distutils_commands:/home/anna/ros2_ws1/install/raspberry_pkg/lib/python3.10/site-packages:${PYTHONPATH} /usr/bin/python3 -W ignore:setup.py install is deprecated setup.py develop --editable --build-directory /home/anna/ros2_ws1/build/raspberry_pkg/build --no-deps symlink_data --force
[2.493s] /home/anna/.local/lib/python3.10/site-packages/setuptools/_distutils/dist.py:261: UserWarning: Unknown distribution option: 'tests_require'
[2.493s]   warnings.warn(msg)
[2.778s] running develop
[2.778s] /home/anna/.local/lib/python3.10/site-packages/setuptools/command/develop.py:41: EasyInstallDeprecationWarning: easy_install command is deprecated.
[2.779s] !!
[2.779s] 
[2.779s]         ********************************************************************************
[2.779s]         Please avoid running ``setup.py`` and ``easy_install``.
[2.779s]         Instead, use pypa/build, pypa/installer or other
[2.779s]         standards-based tools.
[2.779s] 
[2.780s]         See https://github.com/pypa/setuptools/issues/917 for details.
[2.780s]         ********************************************************************************
[2.780s] 
[2.780s] !!
[2.780s]   easy_install.initialize_options(self)
[3.150s] running egg_info
[3.189s] writing raspberry_pkg.egg-info/PKG-INFO
[3.189s] writing dependency_links to raspberry_pkg.egg-info/dependency_links.txt
[3.190s] writing entry points to raspberry_pkg.egg-info/entry_points.txt
[3.190s] writing requirements to raspberry_pkg.egg-info/requires.txt
[3.190s] writing top-level names to raspberry_pkg.egg-info/top_level.txt
[3.250s] reading manifest file 'raspberry_pkg.egg-info/SOURCES.txt'
[3.251s] writing manifest file 'raspberry_pkg.egg-info/SOURCES.txt'
[3.284s] running build_ext
[3.284s] Creating /home/anna/ros2_ws1/install/raspberry_pkg/lib/python3.10/site-packages/raspberry-pkg.egg-link (link to .)
[3.285s] Installing data_converter script to /home/anna/ros2_ws1/install/raspberry_pkg/lib/raspberry_pkg
[3.285s] 
[3.286s] Installed /home/anna/ros2_ws1/build/raspberry_pkg
[3.286s] running symlink_data
[3.286s] symbolically linking /home/anna/ros2_ws1/build/raspberry_pkg/resource/raspberry_pkg -> /home/anna/ros2_ws1/install/raspberry_pkg/share/ament_index/resource_index/packages
[3.287s] symbolically linking /home/anna/ros2_ws1/build/raspberry_pkg/package.xml -> /home/anna/ros2_ws1/install/raspberry_pkg/share/raspberry_pkg
[3.352s] Invoked command in '/home/anna/ros2_ws1/build/raspberry_pkg' returned '0': PYTHONPATH=/home/anna/ros2_ws1/build/raspberry_pkg/prefix_override:/usr/lib/python3/dist-packages/colcon_core/task/python/colcon_distutils_commands:/home/anna/ros2_ws1/install/raspberry_pkg/lib/python3.10/site-packages:${PYTHONPATH} /usr/bin/python3 -W ignore:setup.py install is deprecated setup.py develop --editable --build-directory /home/anna/ros2_ws1/build/raspberry_pkg/build --no-deps symlink_data --force
