[0.107s] DEBUG:colcon:Command line arguments: ['/usr/bin/colcon', 'build', '--symlink-install']
[0.107s] DEBUG:colcon:Parsed command line arguments: Namespace(log_base=None, log_level=None, verb_name='build', build_base='build', install_base='install', merge_install=False, symlink_install=True, test_result_base=None, continue_on_error=False, executor='parallel', parallel_workers=16, event_handlers=None, ignore_user_meta=False, metas=['./colcon.meta'], base_paths=['.'], packages_ignore=None, packages_ignore_regex=None, paths=None, packages_up_to=None, packages_up_to_regex=None, packages_above=None, packages_above_and_dependencies=None, packages_above_depth=None, packages_select_by_dep=None, packages_skip_by_dep=None, packages_skip_up_to=None, packages_select_build_failed=False, packages_skip_build_finished=False, packages_select_test_failures=False, packages_skip_test_passed=False, packages_select=None, packages_skip=None, packages_select_regex=None, packages_skip_regex=None, packages_start=None, packages_end=None, allow_overriding=[], cmake_args=None, cmake_target=None, cmake_target_skip_unavailable=False, cmake_clean_cache=False, cmake_clean_first=False, cmake_force_configure=False, ament_cmake_args=None, catkin_cmake_args=None, catkin_skip_building_tests=False, mixin_files=None, mixin=None, verb_parser=<colcon_mixin.mixin.mixin_argument.MixinArgumentDecorator object at 0x724ba927efe0>, verb_extension=<colcon_core.verb.build.BuildVerb object at 0x724ba927e8f0>, main=<bound method BuildVerb.main of <colcon_core.verb.build.BuildVerb object at 0x724ba927e8f0>>, mixin_verb=('build',))
[0.138s] Level 1:colcon.colcon_core.package_discovery:discover_packages(colcon_meta) check parameters
[0.138s] Level 1:colcon.colcon_core.package_discovery:discover_packages(recursive) check parameters
[0.138s] Level 1:colcon.colcon_core.package_discovery:discover_packages(ignore) check parameters
[0.138s] Level 1:colcon.colcon_core.package_discovery:discover_packages(path) check parameters
[0.138s] Level 1:colcon.colcon_core.package_discovery:discover_packages(colcon_meta) discover
[0.138s] Level 1:colcon.colcon_core.package_discovery:discover_packages(recursive) discover
[0.138s] INFO:colcon.colcon_core.package_discovery:Crawling recursively for packages in '/home/anna/ros2_ws1'
[0.138s] Level 1:colcon.colcon_core.package_identification:_identify(.) by extensions ['ignore', 'ignore_ament_install']
[0.138s] Level 1:colcon.colcon_core.package_identification:_identify(.) by extension 'ignore'
[0.138s] Level 1:colcon.colcon_core.package_identification:_identify(.) by extension 'ignore_ament_install'
[0.138s] Level 1:colcon.colcon_core.package_identification:_identify(.) by extensions ['colcon_pkg']
[0.138s] Level 1:colcon.colcon_core.package_identification:_identify(.) by extension 'colcon_pkg'
[0.138s] Level 1:colcon.colcon_core.package_identification:_identify(.) by extensions ['colcon_meta']
[0.138s] Level 1:colcon.colcon_core.package_identification:_identify(.) by extension 'colcon_meta'
[0.138s] Level 1:colcon.colcon_core.package_identification:_identify(.) by extensions ['ros']
[0.138s] Level 1:colcon.colcon_core.package_identification:_identify(.) by extension 'ros'
[0.150s] Level 1:colcon.colcon_core.package_identification:_identify(.) by extensions ['cmake', 'python']
[0.150s] Level 1:colcon.colcon_core.package_identification:_identify(.) by extension 'cmake'
[0.150s] Level 1:colcon.colcon_core.package_identification:_identify(.) by extension 'python'
[0.150s] Level 1:colcon.colcon_core.package_identification:_identify(.) by extensions ['python_setup_py']
[0.150s] Level 1:colcon.colcon_core.package_identification:_identify(.) by extension 'python_setup_py'
[0.150s] Level 1:colcon.colcon_core.package_identification:_identify(build) by extensions ['ignore', 'ignore_ament_install']
[0.150s] Level 1:colcon.colcon_core.package_identification:_identify(build) by extension 'ignore'
[0.150s] Level 1:colcon.colcon_core.package_identification:_identify(build) ignored
[0.151s] Level 1:colcon.colcon_core.package_identification:_identify(install) by extensions ['ignore', 'ignore_ament_install']
[0.151s] Level 1:colcon.colcon_core.package_identification:_identify(install) by extension 'ignore'
[0.151s] Level 1:colcon.colcon_core.package_identification:_identify(install) ignored
[0.151s] Level 1:colcon.colcon_core.package_identification:_identify(log) by extensions ['ignore', 'ignore_ament_install']
[0.151s] Level 1:colcon.colcon_core.package_identification:_identify(log) by extension 'ignore'
[0.151s] Level 1:colcon.colcon_core.package_identification:_identify(log) ignored
[0.151s] Level 1:colcon.colcon_core.package_identification:_identify(src) by extensions ['ignore', 'ignore_ament_install']
[0.151s] Level 1:colcon.colcon_core.package_identification:_identify(src) by extension 'ignore'
[0.151s] Level 1:colcon.colcon_core.package_identification:_identify(src) by extension 'ignore_ament_install'
[0.151s] Level 1:colcon.colcon_core.package_identification:_identify(src) by extensions ['colcon_pkg']
[0.151s] Level 1:colcon.colcon_core.package_identification:_identify(src) by extension 'colcon_pkg'
[0.151s] Level 1:colcon.colcon_core.package_identification:_identify(src) by extensions ['colcon_meta']
[0.151s] Level 1:colcon.colcon_core.package_identification:_identify(src) by extension 'colcon_meta'
[0.151s] Level 1:colcon.colcon_core.package_identification:_identify(src) by extensions ['ros']
[0.151s] Level 1:colcon.colcon_core.package_identification:_identify(src) by extension 'ros'
[0.151s] Level 1:colcon.colcon_core.package_identification:_identify(src) by extensions ['cmake', 'python']
[0.151s] Level 1:colcon.colcon_core.package_identification:_identify(src) by extension 'cmake'
[0.151s] Level 1:colcon.colcon_core.package_identification:_identify(src) by extension 'python'
[0.151s] Level 1:colcon.colcon_core.package_identification:_identify(src) by extensions ['python_setup_py']
[0.151s] Level 1:colcon.colcon_core.package_identification:_identify(src) by extension 'python_setup_py'
[0.151s] Level 1:colcon.colcon_core.package_identification:_identify(src/lvr_project) by extensions ['ignore', 'ignore_ament_install']
[0.151s] Level 1:colcon.colcon_core.package_identification:_identify(src/lvr_project) by extension 'ignore'
[0.151s] Level 1:colcon.colcon_core.package_identification:_identify(src/lvr_project) by extension 'ignore_ament_install'
[0.152s] Level 1:colcon.colcon_core.package_identification:_identify(src/lvr_project) by extensions ['colcon_pkg']
[0.152s] Level 1:colcon.colcon_core.package_identification:_identify(src/lvr_project) by extension 'colcon_pkg'
[0.152s] Level 1:colcon.colcon_core.package_identification:_identify(src/lvr_project) by extensions ['colcon_meta']
[0.152s] Level 1:colcon.colcon_core.package_identification:_identify(src/lvr_project) by extension 'colcon_meta'
[0.152s] Level 1:colcon.colcon_core.package_identification:_identify(src/lvr_project) by extensions ['ros']
[0.152s] Level 1:colcon.colcon_core.package_identification:_identify(src/lvr_project) by extension 'ros'
[0.153s] DEBUG:colcon.colcon_core.package_identification:Package 'src/lvr_project' with type 'ros.ament_python' and name 'lvr_project'
[0.154s] Level 1:colcon.colcon_core.package_identification:_identify(src/nav_in_lab) by extensions ['ignore', 'ignore_ament_install']
[0.154s] Level 1:colcon.colcon_core.package_identification:_identify(src/nav_in_lab) by extension 'ignore'
[0.154s] Level 1:colcon.colcon_core.package_identification:_identify(src/nav_in_lab) by extension 'ignore_ament_install'
[0.154s] Level 1:colcon.colcon_core.package_identification:_identify(src/nav_in_lab) by extensions ['colcon_pkg']
[0.154s] Level 1:colcon.colcon_core.package_identification:_identify(src/nav_in_lab) by extension 'colcon_pkg'
[0.154s] Level 1:colcon.colcon_core.package_identification:_identify(src/nav_in_lab) by extensions ['colcon_meta']
[0.154s] Level 1:colcon.colcon_core.package_identification:_identify(src/nav_in_lab) by extension 'colcon_meta'
[0.154s] Level 1:colcon.colcon_core.package_identification:_identify(src/nav_in_lab) by extensions ['ros']
[0.154s] Level 1:colcon.colcon_core.package_identification:_identify(src/nav_in_lab) by extension 'ros'
[0.155s] DEBUG:colcon.colcon_core.package_identification:Package 'src/nav_in_lab' with type 'ros.ament_python' and name 'nav_in_lab'
[0.155s] Level 1:colcon.colcon_core.package_identification:_identify(src/nav_in_lab1) by extensions ['ignore', 'ignore_ament_install']
[0.155s] Level 1:colcon.colcon_core.package_identification:_identify(src/nav_in_lab1) by extension 'ignore'
[0.155s] Level 1:colcon.colcon_core.package_identification:_identify(src/nav_in_lab1) by extension 'ignore_ament_install'
[0.155s] Level 1:colcon.colcon_core.package_identification:_identify(src/nav_in_lab1) by extensions ['colcon_pkg']
[0.155s] Level 1:colcon.colcon_core.package_identification:_identify(src/nav_in_lab1) by extension 'colcon_pkg'
[0.155s] Level 1:colcon.colcon_core.package_identification:_identify(src/nav_in_lab1) by extensions ['colcon_meta']
[0.155s] Level 1:colcon.colcon_core.package_identification:_identify(src/nav_in_lab1) by extension 'colcon_meta'
[0.155s] Level 1:colcon.colcon_core.package_identification:_identify(src/nav_in_lab1) by extensions ['ros']
[0.155s] Level 1:colcon.colcon_core.package_identification:_identify(src/nav_in_lab1) by extension 'ros'
[0.156s] DEBUG:colcon.colcon_core.package_identification:Package 'src/nav_in_lab1' with type 'ros.ament_python' and name 'nav_in_lab1'
[0.156s] Level 1:colcon.colcon_core.package_identification:_identify(src/raspberry_pkg) by extensions ['ignore', 'ignore_ament_install']
[0.156s] Level 1:colcon.colcon_core.package_identification:_identify(src/raspberry_pkg) by extension 'ignore'
[0.156s] Level 1:colcon.colcon_core.package_identification:_identify(src/raspberry_pkg) by extension 'ignore_ament_install'
[0.156s] Level 1:colcon.colcon_core.package_identification:_identify(src/raspberry_pkg) by extensions ['colcon_pkg']
[0.156s] Level 1:colcon.colcon_core.package_identification:_identify(src/raspberry_pkg) by extension 'colcon_pkg'
[0.156s] Level 1:colcon.colcon_core.package_identification:_identify(src/raspberry_pkg) by extensions ['colcon_meta']
[0.156s] Level 1:colcon.colcon_core.package_identification:_identify(src/raspberry_pkg) by extension 'colcon_meta'
[0.156s] Level 1:colcon.colcon_core.package_identification:_identify(src/raspberry_pkg) by extensions ['ros']
[0.156s] Level 1:colcon.colcon_core.package_identification:_identify(src/raspberry_pkg) by extension 'ros'
[0.156s] DEBUG:colcon.colcon_core.package_identification:Package 'src/raspberry_pkg' with type 'ros.ament_python' and name 'raspberry_pkg'
[0.156s] Level 1:colcon.colcon_core.package_discovery:discover_packages(recursive) using defaults
[0.157s] Level 1:colcon.colcon_core.package_discovery:discover_packages(ignore) discover
[0.157s] Level 1:colcon.colcon_core.package_discovery:discover_packages(ignore) using defaults
[0.157s] Level 1:colcon.colcon_core.package_discovery:discover_packages(path) discover
[0.157s] Level 1:colcon.colcon_core.package_discovery:discover_packages(path) using defaults
[0.174s] Level 1:colcon.colcon_core.package_discovery:discover_packages(prefix_path) check parameters
[0.174s] Level 1:colcon.colcon_core.package_discovery:discover_packages(prefix_path) discover
[0.176s] DEBUG:colcon.colcon_installed_package_information.package_discovery:Found 5 installed packages in /home/anna/ros2_ws1/install
[0.177s] DEBUG:colcon.colcon_installed_package_information.package_discovery:Found 0 installed packages in /home/anna/ros2_ws/install
[0.179s] DEBUG:colcon.colcon_installed_package_information.package_discovery:Found 450 installed packages in /opt/ros/humble
[0.180s] Level 1:colcon.colcon_core.package_discovery:discover_packages(prefix_path) using defaults
[0.225s] Level 5:colcon.colcon_core.verb:set package 'lvr_project' build argument 'cmake_args' from command line to 'None'
[0.225s] Level 5:colcon.colcon_core.verb:set package 'lvr_project' build argument 'cmake_target' from command line to 'None'
[0.225s] Level 5:colcon.colcon_core.verb:set package 'lvr_project' build argument 'cmake_target_skip_unavailable' from command line to 'False'
[0.225s] Level 5:colcon.colcon_core.verb:set package 'lvr_project' build argument 'cmake_clean_cache' from command line to 'False'
[0.225s] Level 5:colcon.colcon_core.verb:set package 'lvr_project' build argument 'cmake_clean_first' from command line to 'False'
[0.225s] Level 5:colcon.colcon_core.verb:set package 'lvr_project' build argument 'cmake_force_configure' from command line to 'False'
[0.225s] Level 5:colcon.colcon_core.verb:set package 'lvr_project' build argument 'ament_cmake_args' from command line to 'None'
[0.225s] Level 5:colcon.colcon_core.verb:set package 'lvr_project' build argument 'catkin_cmake_args' from command line to 'None'
[0.225s] Level 5:colcon.colcon_core.verb:set package 'lvr_project' build argument 'catkin_skip_building_tests' from command line to 'False'
[0.225s] DEBUG:colcon.colcon_core.verb:Building package 'lvr_project' with the following arguments: {'ament_cmake_args': None, 'build_base': '/home/anna/ros2_ws1/build/lvr_project', 'catkin_cmake_args': None, 'catkin_skip_building_tests': False, 'cmake_args': None, 'cmake_clean_cache': False, 'cmake_clean_first': False, 'cmake_force_configure': False, 'cmake_target': None, 'cmake_target_skip_unavailable': False, 'install_base': '/home/anna/ros2_ws1/install/lvr_project', 'merge_install': False, 'path': '/home/anna/ros2_ws1/src/lvr_project', 'symlink_install': True, 'test_result_base': None}
[0.225s] Level 5:colcon.colcon_core.verb:set package 'nav_in_lab' build argument 'cmake_args' from command line to 'None'
[0.225s] Level 5:colcon.colcon_core.verb:set package 'nav_in_lab' build argument 'cmake_target' from command line to 'None'
[0.225s] Level 5:colcon.colcon_core.verb:set package 'nav_in_lab' build argument 'cmake_target_skip_unavailable' from command line to 'False'
[0.225s] Level 5:colcon.colcon_core.verb:set package 'nav_in_lab' build argument 'cmake_clean_cache' from command line to 'False'
[0.225s] Level 5:colcon.colcon_core.verb:set package 'nav_in_lab' build argument 'cmake_clean_first' from command line to 'False'
[0.225s] Level 5:colcon.colcon_core.verb:set package 'nav_in_lab' build argument 'cmake_force_configure' from command line to 'False'
[0.225s] Level 5:colcon.colcon_core.verb:set package 'nav_in_lab' build argument 'ament_cmake_args' from command line to 'None'
[0.225s] Level 5:colcon.colcon_core.verb:set package 'nav_in_lab' build argument 'catkin_cmake_args' from command line to 'None'
[0.225s] Level 5:colcon.colcon_core.verb:set package 'nav_in_lab' build argument 'catkin_skip_building_tests' from command line to 'False'
[0.225s] DEBUG:colcon.colcon_core.verb:Building package 'nav_in_lab' with the following arguments: {'ament_cmake_args': None, 'build_base': '/home/anna/ros2_ws1/build/nav_in_lab', 'catkin_cmake_args': None, 'catkin_skip_building_tests': False, 'cmake_args': None, 'cmake_clean_cache': False, 'cmake_clean_first': False, 'cmake_force_configure': False, 'cmake_target': None, 'cmake_target_skip_unavailable': False, 'install_base': '/home/anna/ros2_ws1/install/nav_in_lab', 'merge_install': False, 'path': '/home/anna/ros2_ws1/src/nav_in_lab', 'symlink_install': True, 'test_result_base': None}
[0.225s] Level 5:colcon.colcon_core.verb:set package 'nav_in_lab1' build argument 'cmake_args' from command line to 'None'
[0.225s] Level 5:colcon.colcon_core.verb:set package 'nav_in_lab1' build argument 'cmake_target' from command line to 'None'
[0.226s] Level 5:colcon.colcon_core.verb:set package 'nav_in_lab1' build argument 'cmake_target_skip_unavailable' from command line to 'False'
[0.226s] Level 5:colcon.colcon_core.verb:set package 'nav_in_lab1' build argument 'cmake_clean_cache' from command line to 'False'
[0.226s] Level 5:colcon.colcon_core.verb:set package 'nav_in_lab1' build argument 'cmake_clean_first' from command line to 'False'
[0.226s] Level 5:colcon.colcon_core.verb:set package 'nav_in_lab1' build argument 'cmake_force_configure' from command line to 'False'
[0.226s] Level 5:colcon.colcon_core.verb:set package 'nav_in_lab1' build argument 'ament_cmake_args' from command line to 'None'
[0.226s] Level 5:colcon.colcon_core.verb:set package 'nav_in_lab1' build argument 'catkin_cmake_args' from command line to 'None'
[0.226s] Level 5:colcon.colcon_core.verb:set package 'nav_in_lab1' build argument 'catkin_skip_building_tests' from command line to 'False'
[0.226s] DEBUG:colcon.colcon_core.verb:Building package 'nav_in_lab1' with the following arguments: {'ament_cmake_args': None, 'build_base': '/home/anna/ros2_ws1/build/nav_in_lab1', 'catkin_cmake_args': None, 'catkin_skip_building_tests': False, 'cmake_args': None, 'cmake_clean_cache': False, 'cmake_clean_first': False, 'cmake_force_configure': False, 'cmake_target': None, 'cmake_target_skip_unavailable': False, 'install_base': '/home/anna/ros2_ws1/install/nav_in_lab1', 'merge_install': False, 'path': '/home/anna/ros2_ws1/src/nav_in_lab1', 'symlink_install': True, 'test_result_base': None}
[0.226s] Level 5:colcon.colcon_core.verb:set package 'raspberry_pkg' build argument 'cmake_args' from command line to 'None'
[0.226s] Level 5:colcon.colcon_core.verb:set package 'raspberry_pkg' build argument 'cmake_target' from command line to 'None'
[0.226s] Level 5:colcon.colcon_core.verb:set package 'raspberry_pkg' build argument 'cmake_target_skip_unavailable' from command line to 'False'
[0.226s] Level 5:colcon.colcon_core.verb:set package 'raspberry_pkg' build argument 'cmake_clean_cache' from command line to 'False'
[0.226s] Level 5:colcon.colcon_core.verb:set package 'raspberry_pkg' build argument 'cmake_clean_first' from command line to 'False'
[0.226s] Level 5:colcon.colcon_core.verb:set package 'raspberry_pkg' build argument 'cmake_force_configure' from command line to 'False'
[0.226s] Level 5:colcon.colcon_core.verb:set package 'raspberry_pkg' build argument 'ament_cmake_args' from command line to 'None'
[0.226s] Level 5:colcon.colcon_core.verb:set package 'raspberry_pkg' build argument 'catkin_cmake_args' from command line to 'None'
[0.226s] Level 5:colcon.colcon_core.verb:set package 'raspberry_pkg' build argument 'catkin_skip_building_tests' from command line to 'False'
[0.226s] DEBUG:colcon.colcon_core.verb:Building package 'raspberry_pkg' with the following arguments: {'ament_cmake_args': None, 'build_base': '/home/anna/ros2_ws1/build/raspberry_pkg', 'catkin_cmake_args': None, 'catkin_skip_building_tests': False, 'cmake_args': None, 'cmake_clean_cache': False, 'cmake_clean_first': False, 'cmake_force_configure': False, 'cmake_target': None, 'cmake_target_skip_unavailable': False, 'install_base': '/home/anna/ros2_ws1/install/raspberry_pkg', 'merge_install': False, 'path': '/home/anna/ros2_ws1/src/raspberry_pkg', 'symlink_install': True, 'test_result_base': None}
[0.226s] INFO:colcon.colcon_core.executor:Executing jobs using 'parallel' executor
[0.227s] DEBUG:colcon.colcon_parallel_executor.executor.parallel:run_until_complete
[0.227s] INFO:colcon.colcon_ros.task.ament_python.build:Building ROS package in '/home/anna/ros2_ws1/src/lvr_project' with build type 'ament_python'
[0.227s] Level 1:colcon.colcon_core.shell:create_environment_hook('lvr_project', 'ament_prefix_path')
[0.231s] INFO:colcon.colcon_core.plugin_system:Skipping extension 'colcon_core.shell.bat': Not used on non-Windows systems
[0.231s] INFO:colcon.colcon_core.shell:Creating environment hook '/home/anna/ros2_ws1/install/lvr_project/share/lvr_project/hook/ament_prefix_path.ps1'
[0.231s] INFO:colcon.colcon_core.shell:Creating environment descriptor '/home/anna/ros2_ws1/install/lvr_project/share/lvr_project/hook/ament_prefix_path.dsv'
[0.232s] INFO:colcon.colcon_core.shell:Creating environment hook '/home/anna/ros2_ws1/install/lvr_project/share/lvr_project/hook/ament_prefix_path.sh'
[0.232s] INFO:colcon.colcon_core.shell:Skip shell extension 'powershell' for command environment: Not usable outside of PowerShell
[0.232s] DEBUG:colcon.colcon_core.shell:Skip shell extension 'dsv' for command environment
[0.237s] INFO:colcon.colcon_ros.task.ament_python.build:Building ROS package in '/home/anna/ros2_ws1/src/nav_in_lab' with build type 'ament_python'
[0.237s] Level 1:colcon.colcon_core.shell:create_environment_hook('nav_in_lab', 'ament_prefix_path')
[0.237s] INFO:colcon.colcon_core.shell:Creating environment hook '/home/anna/ros2_ws1/install/nav_in_lab/share/nav_in_lab/hook/ament_prefix_path.ps1'
[0.237s] INFO:colcon.colcon_core.shell:Creating environment descriptor '/home/anna/ros2_ws1/install/nav_in_lab/share/nav_in_lab/hook/ament_prefix_path.dsv'
[0.238s] INFO:colcon.colcon_core.shell:Creating environment hook '/home/anna/ros2_ws1/install/nav_in_lab/share/nav_in_lab/hook/ament_prefix_path.sh'
[0.238s] INFO:colcon.colcon_core.shell:Skip shell extension 'powershell' for command environment: Not usable outside of PowerShell
[0.238s] DEBUG:colcon.colcon_core.shell:Skip shell extension 'dsv' for command environment
[0.242s] INFO:colcon.colcon_ros.task.ament_python.build:Building ROS package in '/home/anna/ros2_ws1/src/nav_in_lab1' with build type 'ament_python'
[0.242s] Level 1:colcon.colcon_core.shell:create_environment_hook('nav_in_lab1', 'ament_prefix_path')
[0.242s] INFO:colcon.colcon_core.shell:Creating environment hook '/home/anna/ros2_ws1/install/nav_in_lab1/share/nav_in_lab1/hook/ament_prefix_path.ps1'
[0.243s] INFO:colcon.colcon_core.shell:Creating environment descriptor '/home/anna/ros2_ws1/install/nav_in_lab1/share/nav_in_lab1/hook/ament_prefix_path.dsv'
[0.243s] INFO:colcon.colcon_core.shell:Creating environment hook '/home/anna/ros2_ws1/install/nav_in_lab1/share/nav_in_lab1/hook/ament_prefix_path.sh'
[0.243s] INFO:colcon.colcon_core.shell:Skip shell extension 'powershell' for command environment: Not usable outside of PowerShell
[0.243s] DEBUG:colcon.colcon_core.shell:Skip shell extension 'dsv' for command environment
[0.247s] INFO:colcon.colcon_ros.task.ament_python.build:Building ROS package in '/home/anna/ros2_ws1/src/raspberry_pkg' with build type 'ament_python'
[0.247s] Level 1:colcon.colcon_core.shell:create_environment_hook('raspberry_pkg', 'ament_prefix_path')
[0.247s] INFO:colcon.colcon_core.shell:Creating environment hook '/home/anna/ros2_ws1/install/raspberry_pkg/share/raspberry_pkg/hook/ament_prefix_path.ps1'
[0.248s] INFO:colcon.colcon_core.shell:Creating environment descriptor '/home/anna/ros2_ws1/install/raspberry_pkg/share/raspberry_pkg/hook/ament_prefix_path.dsv'
[0.248s] INFO:colcon.colcon_core.shell:Creating environment hook '/home/anna/ros2_ws1/install/raspberry_pkg/share/raspberry_pkg/hook/ament_prefix_path.sh'
[0.248s] INFO:colcon.colcon_core.shell:Skip shell extension 'powershell' for command environment: Not usable outside of PowerShell
[0.248s] DEBUG:colcon.colcon_core.shell:Skip shell extension 'dsv' for command environment
[0.471s] INFO:colcon.colcon_core.task.python.build:Building Python package in '/home/anna/ros2_ws1/src/lvr_project'
[0.472s] INFO:colcon.colcon_core.shell:Skip shell extension 'powershell' for command environment: Not usable outside of PowerShell
[0.472s] DEBUG:colcon.colcon_core.shell:Skip shell extension 'dsv' for command environment
[0.681s] INFO:colcon.colcon_core.task.python.build:Building Python package in '/home/anna/ros2_ws1/src/nav_in_lab'
[0.681s] INFO:colcon.colcon_core.shell:Skip shell extension 'powershell' for command environment: Not usable outside of PowerShell
[0.681s] DEBUG:colcon.colcon_core.shell:Skip shell extension 'dsv' for command environment
[0.886s] INFO:colcon.colcon_core.task.python.build:Building Python package in '/home/anna/ros2_ws1/src/nav_in_lab1'
[0.886s] INFO:colcon.colcon_core.shell:Skip shell extension 'powershell' for command environment: Not usable outside of PowerShell
[0.886s] DEBUG:colcon.colcon_core.shell:Skip shell extension 'dsv' for command environment
[1.092s] INFO:colcon.colcon_core.task.python.build:Building Python package in '/home/anna/ros2_ws1/src/raspberry_pkg'
[1.093s] INFO:colcon.colcon_core.shell:Skip shell extension 'powershell' for command environment: Not usable outside of PowerShell
[1.093s] DEBUG:colcon.colcon_core.shell:Skip shell extension 'dsv' for command environment
[1.808s] DEBUG:colcon.colcon_core.event_handler.log_command:Invoking command in '/home/anna/ros2_ws1/build/raspberry_pkg': PYTHONPATH=/home/anna/ros2_ws1/build/raspberry_pkg/prefix_override:/usr/lib/python3/dist-packages/colcon_core/task/python/colcon_distutils_commands:/home/anna/ros2_ws1/install/raspberry_pkg/lib/python3.10/site-packages:${PYTHONPATH} /usr/bin/python3 -W ignore:setup.py install is deprecated setup.py develop --editable --build-directory /home/anna/ros2_ws1/build/raspberry_pkg/build --no-deps symlink_data
[1.809s] DEBUG:colcon.colcon_core.event_handler.log_command:Invoking command in '/home/anna/ros2_ws1/build/nav_in_lab': PYTHONPATH=/home/anna/ros2_ws1/build/nav_in_lab/prefix_override:/usr/lib/python3/dist-packages/colcon_core/task/python/colcon_distutils_commands:/home/anna/ros2_ws1/install/nav_in_lab/lib/python3.10/site-packages:${PYTHONPATH} /usr/bin/python3 -W ignore:setup.py install is deprecated setup.py develop --editable --build-directory /home/anna/ros2_ws1/build/nav_in_lab/build --no-deps symlink_data
[1.812s] DEBUG:colcon.colcon_core.event_handler.log_command:Invoking command in '/home/anna/ros2_ws1/build/nav_in_lab1': PYTHONPATH=/home/anna/ros2_ws1/build/nav_in_lab1/prefix_override:/usr/lib/python3/dist-packages/colcon_core/task/python/colcon_distutils_commands:/home/anna/ros2_ws1/install/nav_in_lab1/lib/python3.10/site-packages:${PYTHONPATH} /usr/bin/python3 -W ignore:setup.py install is deprecated setup.py develop --editable --build-directory /home/anna/ros2_ws1/build/nav_in_lab1/build --no-deps symlink_data
[1.814s] DEBUG:colcon.colcon_core.event_handler.log_command:Invoking command in '/home/anna/ros2_ws1/build/lvr_project': PYTHONPATH=/home/anna/ros2_ws1/build/lvr_project/prefix_override:/usr/lib/python3/dist-packages/colcon_core/task/python/colcon_distutils_commands:/home/anna/ros2_ws1/install/lvr_project/lib/python3.10/site-packages:${PYTHONPATH} /usr/bin/python3 -W ignore:setup.py install is deprecated setup.py develop --editable --build-directory /home/anna/ros2_ws1/build/lvr_project/build --no-deps symlink_data
[2.563s] Level 1:colcon.colcon_core.shell:create_environment_hook('nav_in_lab', 'pythonpath_develop')
[2.564s] INFO:colcon.colcon_core.shell:Creating environment hook '/home/anna/ros2_ws1/build/nav_in_lab/share/nav_in_lab/hook/pythonpath_develop.ps1'
[2.564s] DEBUG:colcon.colcon_core.event_handler.log_command:Invoked command in '/home/anna/ros2_ws1/build/nav_in_lab' returned '0': PYTHONPATH=/home/anna/ros2_ws1/build/nav_in_lab/prefix_override:/usr/lib/python3/dist-packages/colcon_core/task/python/colcon_distutils_commands:/home/anna/ros2_ws1/install/nav_in_lab/lib/python3.10/site-packages:${PYTHONPATH} /usr/bin/python3 -W ignore:setup.py install is deprecated setup.py develop --editable --build-directory /home/anna/ros2_ws1/build/nav_in_lab/build --no-deps symlink_data
[2.564s] INFO:colcon.colcon_core.shell:Creating environment descriptor '/home/anna/ros2_ws1/build/nav_in_lab/share/nav_in_lab/hook/pythonpath_develop.dsv'
[2.564s] INFO:colcon.colcon_core.shell:Creating environment hook '/home/anna/ros2_ws1/build/nav_in_lab/share/nav_in_lab/hook/pythonpath_develop.sh'
[2.568s] Level 1:colcon.colcon_core.environment:checking '/home/anna/ros2_ws1/install/nav_in_lab' for CMake module files
[2.569s] Level 1:colcon.colcon_core.environment:checking '/home/anna/ros2_ws1/install/nav_in_lab' for CMake config files
[2.569s] Level 1:colcon.colcon_core.environment:checking '/home/anna/ros2_ws1/install/nav_in_lab/lib'
[2.569s] Level 1:colcon.colcon_core.environment:checking '/home/anna/ros2_ws1/install/nav_in_lab/bin'
[2.569s] Level 1:colcon.colcon_core.environment:checking '/home/anna/ros2_ws1/install/nav_in_lab/lib/pkgconfig/nav_in_lab.pc'
[2.569s] Level 1:colcon.colcon_core.environment:checking '/home/anna/ros2_ws1/install/nav_in_lab/lib/python3.10/site-packages'
[2.569s] Level 1:colcon.colcon_core.shell:create_environment_hook('nav_in_lab', 'pythonpath')
[2.570s] INFO:colcon.colcon_core.shell:Creating environment hook '/home/anna/ros2_ws1/install/nav_in_lab/share/nav_in_lab/hook/pythonpath.ps1'
[2.570s] INFO:colcon.colcon_core.shell:Creating environment descriptor '/home/anna/ros2_ws1/install/nav_in_lab/share/nav_in_lab/hook/pythonpath.dsv'
[2.570s] INFO:colcon.colcon_core.shell:Creating environment hook '/home/anna/ros2_ws1/install/nav_in_lab/share/nav_in_lab/hook/pythonpath.sh'
[2.571s] Level 1:colcon.colcon_core.environment:checking '/home/anna/ros2_ws1/install/nav_in_lab/bin'
[2.571s] Level 1:colcon.colcon_core.environment:create_environment_scripts_only(nav_in_lab)
[2.571s] INFO:colcon.colcon_core.shell:Creating package script '/home/anna/ros2_ws1/install/nav_in_lab/share/nav_in_lab/package.ps1'
[2.572s] INFO:colcon.colcon_core.shell:Creating package descriptor '/home/anna/ros2_ws1/install/nav_in_lab/share/nav_in_lab/package.dsv'
[2.572s] INFO:colcon.colcon_core.shell:Creating package script '/home/anna/ros2_ws1/install/nav_in_lab/share/nav_in_lab/package.sh'
[2.573s] INFO:colcon.colcon_core.shell:Creating package script '/home/anna/ros2_ws1/install/nav_in_lab/share/nav_in_lab/package.bash'
[2.574s] INFO:colcon.colcon_core.shell:Creating package script '/home/anna/ros2_ws1/install/nav_in_lab/share/nav_in_lab/package.zsh'
[2.574s] Level 1:colcon.colcon_core.environment:create_file_with_runtime_dependencies(/home/anna/ros2_ws1/install/nav_in_lab/share/colcon-core/packages/nav_in_lab)
[2.575s] Level 1:colcon.colcon_core.shell:create_environment_hook('raspberry_pkg', 'pythonpath_develop')
[2.575s] INFO:colcon.colcon_core.shell:Creating environment hook '/home/anna/ros2_ws1/build/raspberry_pkg/share/raspberry_pkg/hook/pythonpath_develop.ps1'
[2.575s] INFO:colcon.colcon_core.shell:Creating environment descriptor '/home/anna/ros2_ws1/build/raspberry_pkg/share/raspberry_pkg/hook/pythonpath_develop.dsv'
[2.576s] INFO:colcon.colcon_core.shell:Creating environment hook '/home/anna/ros2_ws1/build/raspberry_pkg/share/raspberry_pkg/hook/pythonpath_develop.sh'
[2.576s] Level 1:colcon.colcon_core.environment:checking '/home/anna/ros2_ws1/install/raspberry_pkg' for CMake module files
[2.576s] DEBUG:colcon.colcon_core.event_handler.log_command:Invoked command in '/home/anna/ros2_ws1/build/raspberry_pkg' returned '0': PYTHONPATH=/home/anna/ros2_ws1/build/raspberry_pkg/prefix_override:/usr/lib/python3/dist-packages/colcon_core/task/python/colcon_distutils_commands:/home/anna/ros2_ws1/install/raspberry_pkg/lib/python3.10/site-packages:${PYTHONPATH} /usr/bin/python3 -W ignore:setup.py install is deprecated setup.py develop --editable --build-directory /home/anna/ros2_ws1/build/raspberry_pkg/build --no-deps symlink_data
[2.577s] Level 1:colcon.colcon_core.environment:checking '/home/anna/ros2_ws1/install/raspberry_pkg' for CMake config files
[2.577s] Level 1:colcon.colcon_core.environment:checking '/home/anna/ros2_ws1/install/raspberry_pkg/lib'
[2.577s] Level 1:colcon.colcon_core.environment:checking '/home/anna/ros2_ws1/install/raspberry_pkg/bin'
[2.577s] Level 1:colcon.colcon_core.environment:checking '/home/anna/ros2_ws1/install/raspberry_pkg/lib/pkgconfig/raspberry_pkg.pc'
[2.577s] Level 1:colcon.colcon_core.environment:checking '/home/anna/ros2_ws1/install/raspberry_pkg/lib/python3.10/site-packages'
[2.577s] Level 1:colcon.colcon_core.shell:create_environment_hook('raspberry_pkg', 'pythonpath')
[2.578s] INFO:colcon.colcon_core.shell:Creating environment hook '/home/anna/ros2_ws1/install/raspberry_pkg/share/raspberry_pkg/hook/pythonpath.ps1'
[2.578s] INFO:colcon.colcon_core.shell:Creating environment descriptor '/home/anna/ros2_ws1/install/raspberry_pkg/share/raspberry_pkg/hook/pythonpath.dsv'
[2.578s] INFO:colcon.colcon_core.shell:Creating environment hook '/home/anna/ros2_ws1/install/raspberry_pkg/share/raspberry_pkg/hook/pythonpath.sh'
[2.578s] Level 1:colcon.colcon_core.environment:checking '/home/anna/ros2_ws1/install/raspberry_pkg/bin'
[2.578s] Level 1:colcon.colcon_core.environment:create_environment_scripts_only(raspberry_pkg)
[2.579s] INFO:colcon.colcon_core.shell:Creating package script '/home/anna/ros2_ws1/install/raspberry_pkg/share/raspberry_pkg/package.ps1'
[2.579s] INFO:colcon.colcon_core.shell:Creating package descriptor '/home/anna/ros2_ws1/install/raspberry_pkg/share/raspberry_pkg/package.dsv'
[2.579s] INFO:colcon.colcon_core.shell:Creating package script '/home/anna/ros2_ws1/install/raspberry_pkg/share/raspberry_pkg/package.sh'
[2.580s] INFO:colcon.colcon_core.shell:Creating package script '/home/anna/ros2_ws1/install/raspberry_pkg/share/raspberry_pkg/package.bash'
[2.580s] INFO:colcon.colcon_core.shell:Creating package script '/home/anna/ros2_ws1/install/raspberry_pkg/share/raspberry_pkg/package.zsh'
[2.580s] Level 1:colcon.colcon_core.environment:create_file_with_runtime_dependencies(/home/anna/ros2_ws1/install/raspberry_pkg/share/colcon-core/packages/raspberry_pkg)
[2.581s] Level 1:colcon.colcon_core.shell:create_environment_hook('lvr_project', 'pythonpath_develop')
[2.581s] INFO:colcon.colcon_core.shell:Creating environment hook '/home/anna/ros2_ws1/build/lvr_project/share/lvr_project/hook/pythonpath_develop.ps1'
[2.582s] INFO:colcon.colcon_core.shell:Creating environment descriptor '/home/anna/ros2_ws1/build/lvr_project/share/lvr_project/hook/pythonpath_develop.dsv'
[2.582s] DEBUG:colcon.colcon_core.event_handler.log_command:Invoked command in '/home/anna/ros2_ws1/build/lvr_project' returned '0': PYTHONPATH=/home/anna/ros2_ws1/build/lvr_project/prefix_override:/usr/lib/python3/dist-packages/colcon_core/task/python/colcon_distutils_commands:/home/anna/ros2_ws1/install/lvr_project/lib/python3.10/site-packages:${PYTHONPATH} /usr/bin/python3 -W ignore:setup.py install is deprecated setup.py develop --editable --build-directory /home/anna/ros2_ws1/build/lvr_project/build --no-deps symlink_data
[2.582s] INFO:colcon.colcon_core.shell:Creating environment hook '/home/anna/ros2_ws1/build/lvr_project/share/lvr_project/hook/pythonpath_develop.sh'
[2.583s] Level 1:colcon.colcon_core.environment:checking '/home/anna/ros2_ws1/install/lvr_project' for CMake module files
[2.583s] Level 1:colcon.colcon_core.environment:checking '/home/anna/ros2_ws1/install/lvr_project' for CMake config files
[2.583s] Level 1:colcon.colcon_core.environment:checking '/home/anna/ros2_ws1/install/lvr_project/lib'
[2.584s] Level 1:colcon.colcon_core.environment:checking '/home/anna/ros2_ws1/install/lvr_project/bin'
[2.584s] Level 1:colcon.colcon_core.environment:checking '/home/anna/ros2_ws1/install/lvr_project/lib/pkgconfig/lvr_project.pc'
[2.584s] Level 1:colcon.colcon_core.environment:checking '/home/anna/ros2_ws1/install/lvr_project/lib/python3.10/site-packages'
[2.584s] Level 1:colcon.colcon_core.shell:create_environment_hook('lvr_project', 'pythonpath')
[2.584s] INFO:colcon.colcon_core.shell:Creating environment hook '/home/anna/ros2_ws1/install/lvr_project/share/lvr_project/hook/pythonpath.ps1'
[2.584s] INFO:colcon.colcon_core.shell:Creating environment descriptor '/home/anna/ros2_ws1/install/lvr_project/share/lvr_project/hook/pythonpath.dsv'
[2.584s] INFO:colcon.colcon_core.shell:Creating environment hook '/home/anna/ros2_ws1/install/lvr_project/share/lvr_project/hook/pythonpath.sh'
[2.585s] Level 1:colcon.colcon_core.environment:checking '/home/anna/ros2_ws1/install/lvr_project/bin'
[2.585s] Level 1:colcon.colcon_core.environment:create_environment_scripts_only(lvr_project)
[2.585s] INFO:colcon.colcon_core.shell:Creating package script '/home/anna/ros2_ws1/install/lvr_project/share/lvr_project/package.ps1'
[2.585s] INFO:colcon.colcon_core.shell:Creating package descriptor '/home/anna/ros2_ws1/install/lvr_project/share/lvr_project/package.dsv'
[2.586s] INFO:colcon.colcon_core.shell:Creating package script '/home/anna/ros2_ws1/install/lvr_project/share/lvr_project/package.sh'
[2.586s] INFO:colcon.colcon_core.shell:Creating package script '/home/anna/ros2_ws1/install/lvr_project/share/lvr_project/package.bash'
[2.586s] INFO:colcon.colcon_core.shell:Creating package script '/home/anna/ros2_ws1/install/lvr_project/share/lvr_project/package.zsh'
[2.586s] Level 1:colcon.colcon_core.environment:create_file_with_runtime_dependencies(/home/anna/ros2_ws1/install/lvr_project/share/colcon-core/packages/lvr_project)
[2.587s] Level 1:colcon.colcon_core.shell:create_environment_hook('nav_in_lab1', 'pythonpath_develop')
[2.587s] INFO:colcon.colcon_core.shell:Creating environment hook '/home/anna/ros2_ws1/build/nav_in_lab1/share/nav_in_lab1/hook/pythonpath_develop.ps1'
[2.587s] INFO:colcon.colcon_core.shell:Creating environment descriptor '/home/anna/ros2_ws1/build/nav_in_lab1/share/nav_in_lab1/hook/pythonpath_develop.dsv'
[2.588s] INFO:colcon.colcon_core.shell:Creating environment hook '/home/anna/ros2_ws1/build/nav_in_lab1/share/nav_in_lab1/hook/pythonpath_develop.sh'
[2.588s] DEBUG:colcon.colcon_core.event_handler.log_command:Invoked command in '/home/anna/ros2_ws1/build/nav_in_lab1' returned '0': PYTHONPATH=/home/anna/ros2_ws1/build/nav_in_lab1/prefix_override:/usr/lib/python3/dist-packages/colcon_core/task/python/colcon_distutils_commands:/home/anna/ros2_ws1/install/nav_in_lab1/lib/python3.10/site-packages:${PYTHONPATH} /usr/bin/python3 -W ignore:setup.py install is deprecated setup.py develop --editable --build-directory /home/anna/ros2_ws1/build/nav_in_lab1/build --no-deps symlink_data
[2.588s] Level 1:colcon.colcon_core.environment:checking '/home/anna/ros2_ws1/install/nav_in_lab1' for CMake module files
[2.589s] Level 1:colcon.colcon_core.environment:checking '/home/anna/ros2_ws1/install/nav_in_lab1' for CMake config files
[2.589s] Level 1:colcon.colcon_core.environment:checking '/home/anna/ros2_ws1/install/nav_in_lab1/lib'
[2.589s] Level 1:colcon.colcon_core.environment:checking '/home/anna/ros2_ws1/install/nav_in_lab1/bin'
[2.589s] Level 1:colcon.colcon_core.environment:checking '/home/anna/ros2_ws1/install/nav_in_lab1/lib/pkgconfig/nav_in_lab1.pc'
[2.589s] Level 1:colcon.colcon_core.environment:checking '/home/anna/ros2_ws1/install/nav_in_lab1/lib/python3.10/site-packages'
[2.589s] Level 1:colcon.colcon_core.shell:create_environment_hook('nav_in_lab1', 'pythonpath')
[2.590s] INFO:colcon.colcon_core.shell:Creating environment hook '/home/anna/ros2_ws1/install/nav_in_lab1/share/nav_in_lab1/hook/pythonpath.ps1'
[2.590s] INFO:colcon.colcon_core.shell:Creating environment descriptor '/home/anna/ros2_ws1/install/nav_in_lab1/share/nav_in_lab1/hook/pythonpath.dsv'
[2.590s] INFO:colcon.colcon_core.shell:Creating environment hook '/home/anna/ros2_ws1/install/nav_in_lab1/share/nav_in_lab1/hook/pythonpath.sh'
[2.590s] Level 1:colcon.colcon_core.environment:checking '/home/anna/ros2_ws1/install/nav_in_lab1/bin'
[2.591s] Level 1:colcon.colcon_core.environment:create_environment_scripts_only(nav_in_lab1)
[2.591s] INFO:colcon.colcon_core.shell:Creating package script '/home/anna/ros2_ws1/install/nav_in_lab1/share/nav_in_lab1/package.ps1'
[2.591s] INFO:colcon.colcon_core.shell:Creating package descriptor '/home/anna/ros2_ws1/install/nav_in_lab1/share/nav_in_lab1/package.dsv'
[2.591s] INFO:colcon.colcon_core.shell:Creating package script '/home/anna/ros2_ws1/install/nav_in_lab1/share/nav_in_lab1/package.sh'
[2.592s] INFO:colcon.colcon_core.shell:Creating package script '/home/anna/ros2_ws1/install/nav_in_lab1/share/nav_in_lab1/package.bash'
[2.592s] INFO:colcon.colcon_core.shell:Creating package script '/home/anna/ros2_ws1/install/nav_in_lab1/share/nav_in_lab1/package.zsh'
[2.592s] Level 1:colcon.colcon_core.environment:create_file_with_runtime_dependencies(/home/anna/ros2_ws1/install/nav_in_lab1/share/colcon-core/packages/nav_in_lab1)
[2.592s] DEBUG:colcon.colcon_parallel_executor.executor.parallel:closing loop
[2.593s] DEBUG:colcon.colcon_parallel_executor.executor.parallel:loop closed
[2.593s] DEBUG:colcon.colcon_parallel_executor.executor.parallel:run_until_complete finished with '0'
[2.593s] DEBUG:colcon.colcon_core.event_reactor:joining thread
[2.598s] INFO:colcon.colcon_core.plugin_system:Skipping extension 'colcon_notification.desktop_notification.terminal_notifier': Not used on non-Darwin systems
[2.598s] INFO:colcon.colcon_core.plugin_system:Skipping extension 'colcon_notification.desktop_notification.win32': Not used on non-Windows systems
[2.598s] INFO:colcon.colcon_notification.desktop_notification:Sending desktop notification using 'notify2'
[2.612s] DEBUG:colcon.colcon_core.event_reactor:joined thread
[2.613s] INFO:colcon.colcon_core.shell:Creating prefix script '/home/anna/ros2_ws1/install/local_setup.ps1'
[2.614s] INFO:colcon.colcon_core.shell:Creating prefix util module '/home/anna/ros2_ws1/install/_local_setup_util_ps1.py'
[2.615s] INFO:colcon.colcon_core.shell:Creating prefix chain script '/home/anna/ros2_ws1/install/setup.ps1'
[2.616s] INFO:colcon.colcon_core.shell:Creating prefix script '/home/anna/ros2_ws1/install/local_setup.sh'
[2.616s] INFO:colcon.colcon_core.shell:Creating prefix util module '/home/anna/ros2_ws1/install/_local_setup_util_sh.py'
[2.617s] INFO:colcon.colcon_core.shell:Creating prefix chain script '/home/anna/ros2_ws1/install/setup.sh'
[2.617s] INFO:colcon.colcon_core.shell:Creating prefix script '/home/anna/ros2_ws1/install/local_setup.bash'
[2.618s] INFO:colcon.colcon_core.shell:Creating prefix chain script '/home/anna/ros2_ws1/install/setup.bash'
[2.619s] INFO:colcon.colcon_core.shell:Creating prefix script '/home/anna/ros2_ws1/install/local_setup.zsh'
[2.619s] INFO:colcon.colcon_core.shell:Creating prefix chain script '/home/anna/ros2_ws1/install/setup.zsh'
